<?xml version="1.0" encoding="UTF-8"?>
<!-- Generated by org.testng.reporters.JUnitReportReporter -->
<testsuite hostname="Nom_aNjali" failures="0" tests="1" name="com.nomisma.businesstypeScripts.SA800TaxableProfitLossBox3_82" time="55.114" errors="0" timestamp="27 Nov 2019 06:13:35 GMT">
  <testcase classname="com.nomisma.businesstypeScripts.SA800TaxableProfitLossBox3_82" name="funcVerify3SA800Box3_82" time="55.114"/>
</testsuite> <!-- com.nomisma.businesstypeScripts.SA800TaxableProfitLossBox3_82 -->
