<?xml version="1.0" encoding="UTF-8"?>
<!-- Generated by org.testng.reporters.JUnitReportReporter -->
<testsuite hostname="Nom_aNjali" failures="0" tests="1" name="com.nomisma.SAMTR_Scripts2020_SandboxPre.MTRTestScenario41" time="111.188" errors="0" timestamp="1 Apr 2020 02:37:37 GMT">
  <testcase classname="com.nomisma.SAMTR_Scripts2020_SandboxPre.MTRTestScenario41" name="funcTestCase41" time="111.188"/>
</testsuite> <!-- com.nomisma.SAMTR_Scripts2020_SandboxPre.MTRTestScenario41 -->
