<?xml version="1.0" encoding="UTF-8"?>
<!-- Generated by org.testng.reporters.JUnitReportReporter -->
<testsuite hostname="DESKTOP-ORUDN72" failures="0" tests="1" name="com.nomisma.scriptsvat.AddInvoiceTest" time="58.589" errors="0" timestamp="5 Jul 2019 15:27:13 GMT">
  <testcase classname="com.nomisma.scriptsvat.AddInvoiceTest" name="AddInvoice" time="58.589"/>
</testsuite> <!-- com.nomisma.scriptsvat.AddInvoiceTest -->
