<?xml version="1.0" encoding="UTF-8"?>
<!-- Generated by org.testng.reporters.JUnitReportReporter -->
<testsuite hostname="DESKTOP-ORUDN72" failures="0" tests="2" name="com.nomisma.scriptsvat.AddEUSupplierBillTest" time="225.300" errors="0" timestamp="5 Jul 2019 15:27:12 GMT">
  <testcase classname="com.nomisma.scriptsvat.AddEUSupplierBillTest" name="AddEUSupplierBill" time="122.588"/>
  <testcase classname="com.nomisma.scriptsvat.AddEUSupplierBillTest" name="BankTransactionsEUSupplierBill" time="102.712"/>
</testsuite> <!-- com.nomisma.scriptsvat.AddEUSupplierBillTest -->
