<?xml version="1.0" encoding="UTF-8"?>
<!-- Generated by org.testng.reporters.JUnitReportReporter -->
<testsuite hostname="Nom_aNjali" failures="0" tests="1" name="com.nomisma.SAMTR_Scripts2020_live.MTRTestScenario261" time="122.168" errors="0" timestamp="2 Apr 2020 15:47:11 GMT">
  <testcase classname="com.nomisma.SAMTR_Scripts2020_live.MTRTestScenario261" name="funcAddTestCase261" time="122.168"/>
</testsuite> <!-- com.nomisma.SAMTR_Scripts2020_live.MTRTestScenario261 -->
