<?xml version="1.0" encoding="UTF-8"?>
<!-- Generated by org.testng.reporters.JUnitReportReporter -->
<testsuite hostname="Nom_aNjali" failures="0" tests="1" name="com.nomisma.businesstypeScripts.Verify3_52TextBox" time="213.522" errors="0" timestamp="11 Dec 2019 09:22:12 GMT">
  <testcase classname="com.nomisma.businesstypeScripts.Verify3_52TextBox" name="funcVerify3_52BoxPTRFull" time="213.522"/>
</testsuite> <!-- com.nomisma.businesstypeScripts.Verify3_52TextBox -->
