<?xml version="1.0" encoding="UTF-8"?>
<!-- Generated by org.testng.reporters.JUnitReportReporter -->
<testsuite hostname="Nom_aNjali" failures="0" tests="1" name="com.nomisma.SelfAssessment.DelTestCase33FOR" time="75.320" errors="0" timestamp="22 Jan 2020 21:48:57 GMT">
  <testcase classname="com.nomisma.SelfAssessment.DelTestCase33FOR" name="delMtrTest33" time="75.320"/>
</testsuite> <!-- com.nomisma.SelfAssessment.DelTestCase33FOR -->
