<?xml version="1.0" encoding="UTF-8"?>
<!-- Generated by org.testng.reporters.JUnitReportReporter -->
<testsuite hostname="Nom_aNjali" failures="0" tests="2" name="com.nomisma.SAMTR_Scripts2020.MTRTestScenario41" time="264.200" errors="0" timestamp="20 Jan 2020 11:17:34 GMT">
  <testcase classname="com.nomisma.SAMTR_Scripts2020.MTRTestScenario41" name="funcTestCase41" time="94.094"/>
  <testcase classname="com.nomisma.SAMTR_Scripts2020.MTRTestScenario41" name="funcDelTestCase41" time="170.106"/>
</testsuite> <!-- com.nomisma.SAMTR_Scripts2020.MTRTestScenario41 -->
