<?xml version="1.0" encoding="UTF-8"?>
<!-- Generated by org.testng.reporters.JUnitReportReporter -->
<testsuite hostname="Nom_aNjali" failures="0" tests="1" name="com.nomisma.SAMTR_Scripts2020.MTRTestScenario66" time="71.638" errors="0" timestamp="23 Jan 2020 04:51:12 GMT">
  <testcase classname="com.nomisma.SAMTR_Scripts2020.MTRTestScenario66" name="funcAddTestCase66" time="71.638"/>
</testsuite> <!-- com.nomisma.SAMTR_Scripts2020.MTRTestScenario66 -->
