<?xml version="1.0" encoding="UTF-8"?>
<!-- Generated by org.testng.reporters.JUnitReportReporter -->
<testsuite hostname="Nom_aNjali" failures="0" tests="1" name="com.nomisma.scriptspayroll.DeleteEmployeeTest" time="72.700" errors="0" timestamp="23 Mar 2020 11:15:00 GMT">
  <testcase classname="com.nomisma.scriptspayroll.DeleteEmployeeTest" name="deleteEmployeeTest" time="72.700"/>
</testsuite> <!-- com.nomisma.scriptspayroll.DeleteEmployeeTest -->
