<?xml version="1.0" encoding="UTF-8"?>
<!-- Generated by org.testng.reporters.JUnitReportReporter -->
<testsuite hostname="DESKTOP-ORUDN72" failures="0" tests="1" name="com.nomisma.scriptspayrollreports.RTISubmissionReportTest" time="24.908" errors="0" timestamp="5 Jul 2019 15:27:13 GMT">
  <testcase classname="com.nomisma.scriptspayrollreports.RTISubmissionReportTest" name="RTIsubmissionReport" time="24.908"/>
</testsuite> <!-- com.nomisma.scriptspayrollreports.RTISubmissionReportTest -->
