<?xml version="1.0" encoding="UTF-8"?>
<!-- Generated by org.testng.reporters.JUnitReportReporter -->
<testsuite hostname="NomismaSol" failures="1" tests="1" name="com.nomisma.scriptspayrollreports.PayslipByCompanyVerifyPDF" time="52.028" errors="0" timestamp="25 May 2018 03:28:50 GMT">
  <testcase classname="com.nomisma.scriptspayrollreports.PayslipByCompanyVerifyPDF" name="payslipReport" time="52.028">
    <failure message="Error: End-of-File, expected line" type="java.io.IOException">
      <![CDATA[java.io.IOException: Error: End-of-File, expected line
	at org.apache.pdfbox.pdfparser.BaseParser.readLine(BaseParser.java:1523)
	at org.apache.pdfbox.pdfparser.PDFParser.parseHeader(PDFParser.java:372)
	at org.apache.pdfbox.pdfparser.PDFParser.parse(PDFParser.java:186)
	at com.nomisma.pom.PayrollPage2.ReadPDF(PayrollPage2.java:612)
	at com.nomisma.scriptspayrollreports.PayslipByCompanyVerifyPDF.payslipReport(PayslipByCompanyVerifyPDF.java:47)
	at java.base/jdk.internal.reflect.NativeMethodAccessorImpl.invoke0(Native Method)
	at java.base/jdk.internal.reflect.NativeMethodAccessorImpl.invoke(Unknown Source)
	at java.base/jdk.internal.reflect.DelegatingMethodAccessorImpl.invoke(Unknown Source)
	at java.base/java.lang.reflect.Method.invoke(Unknown Source)
	at org.testng.internal.MethodInvocationHelper.invokeMethod(MethodInvocationHelper.java:80)
	at org.testng.internal.Invoker.invokeMethod(Invoker.java:714)
	at org.testng.internal.Invoker.invokeTestMethod(Invoker.java:901)
	at org.testng.internal.Invoker.invokeTestMethods(Invoker.java:1231)
	at org.testng.internal.TestMethodWorker.invokeTestMethods(TestMethodWorker.java:127)
	at org.testng.internal.TestMethodWorker.run(TestMethodWorker.java:111)
	at org.testng.TestRunner.privateRun(TestRunner.java:767)
	at org.testng.TestRunner.run(TestRunner.java:617)
	at org.testng.SuiteRunner.runTest(SuiteRunner.java:334)
	at org.testng.SuiteRunner.access$000(SuiteRunner.java:37)
	at org.testng.SuiteRunner$SuiteWorker.run(SuiteRunner.java:368)
	at org.testng.internal.thread.ThreadUtil$2.call(ThreadUtil.java:64)
	at java.base/java.util.concurrent.FutureTask.run(Unknown Source)
	at java.base/java.util.concurrent.ThreadPoolExecutor.runWorker(Unknown Source)
	at java.base/java.util.concurrent.ThreadPoolExecutor$Worker.run(Unknown Source)
	at java.base/java.lang.Thread.run(Unknown Source)
]]>
    </failure>
  </testcase> <!-- payslipReport -->
</testsuite> <!-- com.nomisma.scriptspayrollreports.PayslipByCompanyVerifyPDF -->
