<?xml version="1.0" encoding="UTF-8"?>
<!-- Generated by org.testng.reporters.JUnitReportReporter -->
<testsuite hostname="Nom_aNjali" failures="0" tests="2" name="com.nomisma.SAMTR_Scripts2020_Old.MTRTestScenario119" time="196.563" errors="0" timestamp="30 Jan 2020 11:20:46 GMT">
  <testcase classname="com.nomisma.SAMTR_Scripts2020_Old.MTRTestScenario119" name="funcAddTestCase119" time="89.833"/>
  <testcase classname="com.nomisma.SAMTR_Scripts2020_Old.MTRTestScenario119" name="funcDelTestCase119" time="106.730"/>
</testsuite> <!-- com.nomisma.SAMTR_Scripts2020_Old.MTRTestScenario119 -->
