<?xml version="1.0" encoding="UTF-8"?>
<!-- Generated by org.testng.reporters.JUnitReportReporter -->
<testsuite hostname="DESKTOP-ORUDN72" failures="0" tests="1" name="com.nomisma.Business.AddCreditNoteCls" time="164.169" errors="0" timestamp="25 Jun 2019 05:20:41 GMT">
  <testcase classname="com.nomisma.Business.AddCreditNoteCls" name="funcAddCreditNote" time="164.169"/>
</testsuite> <!-- com.nomisma.Business.AddCreditNoteCls -->
