<?xml version="1.0" encoding="UTF-8"?>
<!-- Generated by org.testng.reporters.JUnitReportReporter -->
<testsuite hostname="Nom_aNjali" failures="0" tests="1" name="com.nomisma.businesstypeScripts.CheckingBoxesOfPTRFullAuto" time="62.138" errors="0" timestamp="5 Dec 2019 04:26:01 GMT">
  <testcase classname="com.nomisma.businesstypeScripts.CheckingBoxesOfPTRFullAuto" name="funcVerifyBoxesPTRFull" time="62.138"/>
</testsuite> <!-- com.nomisma.businesstypeScripts.CheckingBoxesOfPTRFullAuto -->
