<?xml version="1.0" encoding="UTF-8"?>
<!-- Generated by org.testng.reporters.JUnitReportReporter -->
<testsuite hostname="Nom_aNjali" failures="0" tests="1" name="com.nomisma.businesstypeScripts.Verify3_55And3_56TextBox" time="239.504" errors="0" timestamp="12 Dec 2019 07:24:34 GMT">
  <testcase classname="com.nomisma.businesstypeScripts.Verify3_55And3_56TextBox" name="funcVerify3_55And3_56BoxPTRFull" time="239.504"/>
</testsuite> <!-- com.nomisma.businesstypeScripts.Verify3_55And3_56TextBox -->
