<?xml version="1.0" encoding="UTF-8"?>
<!-- Generated by org.testng.reporters.JUnitReportReporter -->
<testsuite hostname="Nom_aNjali" failures="0" tests="1" name="com.nomisma.SAMTR_Scripts2020_Old.MTRTestScenario74" time="58.178" errors="0" timestamp="23 Jan 2020 10:10:50 GMT">
  <testcase classname="com.nomisma.SAMTR_Scripts2020_Old.MTRTestScenario74" name="funcAddTestCase74" time="58.178"/>
</testsuite> <!-- com.nomisma.SAMTR_Scripts2020_Old.MTRTestScenario74 -->
