<?xml version="1.0" encoding="UTF-8"?>
<!-- Generated by org.testng.reporters.JUnitReportReporter -->
<testsuite hostname="Nom_aNjali" failures="0" tests="1" name="com.nomisma.SAMTR_Scripts2020.MTRTestScenario98" time="62.284" errors="0" timestamp="10 Apr 2020 15:36:05 GMT">
  <testcase classname="com.nomisma.SAMTR_Scripts2020.MTRTestScenario98" name="funcAddTestCase98" time="62.284"/>
</testsuite> <!-- com.nomisma.SAMTR_Scripts2020.MTRTestScenario98 -->
