<?xml version="1.0" encoding="UTF-8"?>
<!-- Generated by org.testng.reporters.JUnitReportReporter -->
<testsuite hostname="Nom_aNjali" failures="0" tests="1" name="com.nomisma.SAMTR_Scripts2020.MTRTestScenario95" time="58.407" errors="0" timestamp="27 Jan 2020 09:21:49 GMT">
  <testcase classname="com.nomisma.SAMTR_Scripts2020.MTRTestScenario95" name="funcAddTestCase95" time="58.407"/>
</testsuite> <!-- com.nomisma.SAMTR_Scripts2020.MTRTestScenario95 -->
