<?xml version="1.0" encoding="UTF-8"?>
<!-- Generated by org.testng.reporters.JUnitReportReporter -->
<testsuite hostname="Nom_aNjali" failures="0" tests="1" name="com.nomisma.SAMTR_Scripts2020.MTRTestScenario114" time="141.255" errors="0" timestamp="30 Jan 2020 09:44:29 GMT">
  <testcase classname="com.nomisma.SAMTR_Scripts2020.MTRTestScenario114" name="funcAddTestCase114" time="141.255"/>
</testsuite> <!-- com.nomisma.SAMTR_Scripts2020.MTRTestScenario114 -->
