<?xml version="1.0" encoding="UTF-8"?>
<!-- Generated by org.testng.reporters.JUnitReportReporter -->
<testsuite hostname="Nom_aNjali" failures="0" tests="2" name="com.nomisma.SAMTR_Scripts2019.MTRTestScenario186" time="143.994" errors="0" timestamp="22 Jan 2020 21:48:58 GMT">
  <testcase classname="com.nomisma.SAMTR_Scripts2019.MTRTestScenario186" name="funcAddTestCase186" time="74.112"/>
  <testcase classname="com.nomisma.SAMTR_Scripts2019.MTRTestScenario186" name="funcDelDataTestCase186" time="69.882"/>
</testsuite> <!-- com.nomisma.SAMTR_Scripts2019.MTRTestScenario186 -->
