<?xml version="1.0" encoding="UTF-8"?>
<!-- Generated by org.testng.reporters.JUnitReportReporter -->
<testsuite hostname="Nom_aNjali" failures="0" tests="1" name="com.nomisma.SAMTR_Scripts2020.MTRTestScenario48" time="63.771" errors="0" timestamp="21 Jan 2020 05:04:11 GMT">
  <testcase classname="com.nomisma.SAMTR_Scripts2020.MTRTestScenario48" name="funcTestCase48" time="63.771"/>
</testsuite> <!-- com.nomisma.SAMTR_Scripts2020.MTRTestScenario48 -->
