<?xml version="1.0" encoding="UTF-8"?>
<!-- Generated by org.testng.reporters.JUnitReportReporter -->
<testsuite hostname="Nom_aNjali" failures="0" tests="1" name="com.nomisma.SAMTR_Scripts2020.MTRTestScenario15" time="79.613" errors="0" timestamp="13 Apr 2020 09:25:11 GMT">
  <testcase classname="com.nomisma.SAMTR_Scripts2020.MTRTestScenario15" name="funcAddTestCase15" time="79.613"/>
</testsuite> <!-- com.nomisma.SAMTR_Scripts2020.MTRTestScenario15 -->
