<?xml version="1.0" encoding="UTF-8"?>
<!-- Generated by org.testng.reporters.JUnitReportReporter -->
<testsuite hostname="Nom_aNjali" failures="0" tests="2" name="com.nomisma.SAMTR_Scripts2019.MTRTestScenario33" time="226.929" errors="0" timestamp="22 Jan 2020 21:48:58 GMT">
  <testcase classname="com.nomisma.SAMTR_Scripts2019.MTRTestScenario33" name="funcDelTestCase33" time="123.436"/>
  <testcase classname="com.nomisma.SAMTR_Scripts2019.MTRTestScenario33" name="funcAddTestCase33" time="103.493"/>
</testsuite> <!-- com.nomisma.SAMTR_Scripts2019.MTRTestScenario33 -->
