<?xml version="1.0" encoding="UTF-8"?>
<!-- Generated by org.testng.reporters.JUnitReportReporter -->
<testsuite hostname="Nom_aNjali" failures="0" tests="1" name="com.nomisma.SAMTR_Scripts.AddClientInMTRCls" time="33.321" errors="0" timestamp="16 Sep 2019 11:48:31 GMT">
  <testcase classname="com.nomisma.SAMTR_Scripts.AddClientInMTRCls" name="funcaddClient" time="33.321"/>
</testsuite> <!-- com.nomisma.SAMTR_Scripts.AddClientInMTRCls -->
