<?xml version="1.0" encoding="UTF-8"?>
<!-- Generated by org.testng.reporters.JUnitReportReporter -->
<testsuite hostname="Nom_aNjali" failures="0" tests="2" name="com.nomisma.SAMTR_Scripts2019.MTRTestScenario174" time="138.992" errors="0" timestamp="22 Jan 2020 21:48:58 GMT">
  <testcase classname="com.nomisma.SAMTR_Scripts2019.MTRTestScenario174" name="funcDelTestCase174" time="81.850"/>
  <testcase classname="com.nomisma.SAMTR_Scripts2019.MTRTestScenario174" name="funcAddTestCase174" time="57.142"/>
</testsuite> <!-- com.nomisma.SAMTR_Scripts2019.MTRTestScenario174 -->
