<?xml version="1.0" encoding="UTF-8"?>
<!-- Generated by org.testng.reporters.JUnitReportReporter -->
<testsuite hostname="Nom_aNjali" failures="0" tests="2" name="com.nomisma.SAMTR_Scripts2019.MTRTestScenario233" time="266.707" errors="0" timestamp="27 Jan 2020 07:17:34 GMT">
  <testcase classname="com.nomisma.SAMTR_Scripts2019.MTRTestScenario233" name="funcDelTestCase233" time="161.844"/>
  <testcase classname="com.nomisma.SAMTR_Scripts2019.MTRTestScenario233" name="funcAddTestCase233" time="104.863"/>
</testsuite> <!-- com.nomisma.SAMTR_Scripts2019.MTRTestScenario233 -->
