<?xml version="1.0" encoding="UTF-8"?>
<!-- Generated by org.testng.reporters.JUnitReportReporter -->
<testsuite hostname="Nom_aNjali" failures="0" tests="1" name="com.nomisma.SAMTR_Scripts2019.MTRTestScenario42_live" time="72.589" errors="0" timestamp="28 Nov 2019 07:35:44 GMT">
  <testcase classname="com.nomisma.SAMTR_Scripts2019.MTRTestScenario42_live" name="funcAddTestCase42" time="72.589"/>
</testsuite> <!-- com.nomisma.SAMTR_Scripts2019.MTRTestScenario42_live -->
