<?xml version="1.0" encoding="UTF-8"?>
<!-- Generated by org.testng.reporters.JUnitReportReporter -->
<testsuite hostname="DESKTOP-ORUDN72" failures="0" tests="1" name="com.nomisma.SelfAssessment2019.TestCase33FOR" time="246.108" errors="0" timestamp="30 May 2019 18:13:57 GMT">
  <testcase classname="com.nomisma.SelfAssessment2019.TestCase33FOR" name="addMtrTes33" time="246.108"/>
</testsuite> <!-- com.nomisma.SelfAssessment2019.TestCase33FOR -->
