<?xml version="1.0" encoding="UTF-8"?>
<!-- Generated by org.testng.reporters.JUnitReportReporter -->
<testsuite hostname="Nom_aNjali" failures="0" tests="1" name="com.nomisma.SAMTR_Scripts2020.MTRTestScenario35" time="50.917" errors="0" timestamp="10 Apr 2020 14:42:48 GMT">
  <testcase classname="com.nomisma.SAMTR_Scripts2020.MTRTestScenario35" name="funcTestCase35" time="50.917"/>
</testsuite> <!-- com.nomisma.SAMTR_Scripts2020.MTRTestScenario35 -->
