<?xml version="1.0" encoding="UTF-8"?>
<!-- Generated by org.testng.reporters.JUnitReportReporter -->
<testsuite hostname="Nom_aNjali" failures="0" tests="1" name="com.nomisma.SAMTR_Scripts2020_SandboxPre.MTRTestScenario80" time="59.702" errors="0" timestamp="29 Mar 2020 07:17:19 GMT">
  <testcase classname="com.nomisma.SAMTR_Scripts2020_SandboxPre.MTRTestScenario80" name="funcAddTestCase80" time="59.702"/>
</testsuite> <!-- com.nomisma.SAMTR_Scripts2020_SandboxPre.MTRTestScenario80 -->
