<?xml version="1.0" encoding="UTF-8"?>
<!-- Generated by org.testng.reporters.JUnitReportReporter -->
<testsuite hostname="Nom_aNjali" failures="0" tests="1" name="com.nomisma.SAMTR_Scripts2020.MTRTestScenario126" time="53.948" errors="0" timestamp="31 Jan 2020 05:28:25 GMT">
  <testcase classname="com.nomisma.SAMTR_Scripts2020.MTRTestScenario126" name="funcAddTestCase126" time="53.948"/>
</testsuite> <!-- com.nomisma.SAMTR_Scripts2020.MTRTestScenario126 -->
