<?xml version="1.0" encoding="UTF-8"?>
<!-- Generated by org.testng.reporters.JUnitReportReporter -->
<testsuite hostname="Nom_aNjali" failures="0" tests="1" name="com.nomisma.SAMTR_Scripts2019.AddClientInMTRCls" time="32.253" errors="0" timestamp="9 Jan 2020 10:55:25 GMT">
  <testcase classname="com.nomisma.SAMTR_Scripts2019.AddClientInMTRCls" name="funcaddClient" time="32.253"/>
</testsuite> <!-- com.nomisma.SAMTR_Scripts2019.AddClientInMTRCls -->
