<?xml version="1.0" encoding="UTF-8"?>
<!-- Generated by org.testng.reporters.JUnitReportReporter -->
<testsuite hostname="Nom_aNjali" failures="0" tests="1" name="com.nomisma.SelfAssessment.SendEmailTestCase" time="424.422" errors="0" timestamp="30 Jan 2020 11:49:17 GMT">
  <testcase classname="com.nomisma.SelfAssessment.SendEmailTestCase" name="funcSendEmailCheck" time="424.422"/>
</testsuite> <!-- com.nomisma.SelfAssessment.SendEmailTestCase -->
