<?xml version="1.0" encoding="UTF-8"?>
<!-- Generated by org.testng.reporters.JUnitReportReporter -->
<testsuite hostname="Nom_aNjali" failures="0" tests="2" name="com.nomisma.SAMTR_Scripts2019.MTRTestScenario15" time="182.908" errors="0" timestamp="22 Jan 2020 21:48:57 GMT">
  <testcase classname="com.nomisma.SAMTR_Scripts2019.MTRTestScenario15" name="funcAddTestCase15" time="73.563"/>
  <testcase classname="com.nomisma.SAMTR_Scripts2019.MTRTestScenario15" name="funcDelTestCase15" time="109.345"/>
</testsuite> <!-- com.nomisma.SAMTR_Scripts2019.MTRTestScenario15 -->
