<?xml version="1.0" encoding="UTF-8"?>
<!-- Generated by org.testng.reporters.JUnitReportReporter -->
<testsuite hostname="NomismaSol" failures="0" tests="1" name="test.java.com.nomisma.scriptspayroll.FailedRTITest" time="28.795" errors="0" timestamp="11 Jun 2018 04:57:22 GMT">
  <testcase classname="test.java.com.nomisma.scriptspayroll.FailedRTITest" name="currentstatus" time="28.795"/>
</testsuite> <!-- test.java.com.nomisma.scriptspayroll.FailedRTITest -->
