<?xml version="1.0" encoding="UTF-8"?>
<!-- Generated by org.testng.reporters.JUnitReportReporter -->
<testsuite hostname="NomismaSol" failures="0" tests="1" name="com.nomisma.scriptspayroll.P32_VerifyTotalTaxDuetoHMRC" time="88.102" errors="0" timestamp="7 Jun 2018 01:53:25 GMT">
  <testcase classname="com.nomisma.scriptspayroll.P32_VerifyTotalTaxDuetoHMRC" name="P32VerifyTotalTaxDuetoHMRC" time="88.102"/>
</testsuite> <!-- com.nomisma.scriptspayroll.P32_VerifyTotalTaxDuetoHMRC -->
