<?xml version="1.0" encoding="UTF-8"?>
<!-- Generated by org.testng.reporters.JUnitReportReporter -->
<testsuite hostname="DESKTOP-ORUDN72" failures="0" tests="1" name="com.nomisma.Business.DelcustomerCls" time="21.748" errors="0" timestamp="30 May 2019 18:13:56 GMT">
  <testcase classname="com.nomisma.Business.DelcustomerCls" name="funcDelcustomer" time="21.748"/>
</testsuite> <!-- com.nomisma.Business.DelcustomerCls -->
