<?xml version="1.0" encoding="UTF-8"?>
<!-- Generated by org.testng.reporters.JUnitReportReporter -->
<testsuite hostname="Nom_aNjali" failures="0" tests="2" name="com.nomisma.SAMTR_Scripts2019.MTRTestScenario133" time="163.323" errors="0" timestamp="22 Jan 2020 21:48:58 GMT">
  <testcase classname="com.nomisma.SAMTR_Scripts2019.MTRTestScenario133" name="funcAddTestCase133" time="60.751"/>
  <testcase classname="com.nomisma.SAMTR_Scripts2019.MTRTestScenario133" name="funcDelTestCase133" time="102.572"/>
</testsuite> <!-- com.nomisma.SAMTR_Scripts2019.MTRTestScenario133 -->
