<?xml version="1.0" encoding="UTF-8"?>
<!-- Generated by org.testng.reporters.JUnitReportReporter -->
<testsuite hostname="Nom_aNjali" failures="0" tests="1" name="com.nomisma.SAMTR_Scripts2019.MTRTestScenario220" time="61.865" errors="0" timestamp="7 Jan 2020 05:53:42 GMT">
  <testcase classname="com.nomisma.SAMTR_Scripts2019.MTRTestScenario220" name="funcTestCase220" time="61.865"/>
</testsuite> <!-- com.nomisma.SAMTR_Scripts2019.MTRTestScenario220 -->
