<?xml version="1.0" encoding="UTF-8"?>
<!-- Generated by org.testng.reporters.JUnitReportReporter -->
<testsuite hostname="Nom_aNjali" failures="0" tests="2" name="com.nomisma.SAMTR_Scripts2019.MTRTestScenario8" time="141.909" errors="0" timestamp="22 Jan 2020 21:48:57 GMT">
  <testcase classname="com.nomisma.SAMTR_Scripts2019.MTRTestScenario8" name="funcDelTestCase8" time="80.362"/>
  <testcase classname="com.nomisma.SAMTR_Scripts2019.MTRTestScenario8" name="funcAddTestCase8" time="61.547"/>
</testsuite> <!-- com.nomisma.SAMTR_Scripts2019.MTRTestScenario8 -->
