<?xml version="1.0" encoding="UTF-8"?>
<!-- Generated by org.testng.reporters.JUnitReportReporter -->
<testsuite hostname="Nom_aNjali" failures="0" tests="1" name="com.nomisma.SAMTR_Scripts2019_sandbox.MTRTestScenario92" time="89.220" errors="0" timestamp="9 Jan 2020 12:06:25 GMT">
  <testcase classname="com.nomisma.SAMTR_Scripts2019_sandbox.MTRTestScenario92" name="funcAddTestCase92" time="89.220"/>
</testsuite> <!-- com.nomisma.SAMTR_Scripts2019_sandbox.MTRTestScenario92 -->
