<?xml version="1.0" encoding="UTF-8"?>
<!-- Generated by org.testng.reporters.JUnitReportReporter -->
<testsuite hostname="DESKTOP-ORUDN72" failures="0" tests="1" name="com.nomisma.scriptsAutoEnrolment.PensionConfigurationTest" time="11.331" errors="0" timestamp="5 Jul 2019 15:27:12 GMT">
  <testcase classname="com.nomisma.scriptsAutoEnrolment.PensionConfigurationTest" name="PensionConfiguration" time="11.331"/>
</testsuite> <!-- com.nomisma.scriptsAutoEnrolment.PensionConfigurationTest -->
