<?xml version="1.0" encoding="UTF-8"?>
<!-- Generated by org.testng.reporters.JUnitReportReporter -->
<testsuite hostname="DESKTOP-ORUDN72" failures="0" tests="1" name="com.nomisma.SelfAssessment2019.DelAdditionalInfoCls" time="93.806" errors="0" timestamp="18 Jun 2019 04:10:09 GMT">
  <testcase classname="com.nomisma.SelfAssessment2019.DelAdditionalInfoCls" name="funDelAdditinalInfo" time="93.806"/>
</testsuite> <!-- com.nomisma.SelfAssessment2019.DelAdditionalInfoCls -->
