<?xml version="1.0" encoding="UTF-8"?>
<!-- Generated by org.testng.reporters.JUnitReportReporter -->
<testsuite hostname="Nom_aNjali" failures="0" tests="1" name="com.nomisma.SAMTR_Scripts2020.MTRTestScenario232" time="46.322" errors="0" timestamp="3 Apr 2020 14:29:00 GMT">
  <testcase classname="com.nomisma.SAMTR_Scripts2020.MTRTestScenario232" name="funcAddTestCase232" time="46.322"/>
</testsuite> <!-- com.nomisma.SAMTR_Scripts2020.MTRTestScenario232 -->
