<?xml version="1.0" encoding="UTF-8"?>
<!-- Generated by org.testng.reporters.JUnitReportReporter -->
<testsuite hostname="NomismaSol" failures="0" tests="1" name="com.nomisma.scriptspayrollreports.StatutoryParentingPayReportTest" time="38.022" errors="0" timestamp="7 Jun 2018 01:53:25 GMT">
  <testcase classname="com.nomisma.scriptspayrollreports.StatutoryParentingPayReportTest" name="SPPReport" time="38.022"/>
</testsuite> <!-- com.nomisma.scriptspayrollreports.StatutoryParentingPayReportTest -->
