<?xml version="1.0" encoding="UTF-8"?>
<!-- Generated by org.testng.reporters.JUnitReportReporter -->
<testsuite hostname="Nom_aNjali" failures="0" tests="1" name="com.nomisma.scriptspayroll.FailedRTITest" time="31.399" errors="0" timestamp="23 Mar 2020 15:46:24 GMT">
  <testcase classname="com.nomisma.scriptspayroll.FailedRTITest" name="currentstatus" time="31.399"/>
</testsuite> <!-- com.nomisma.scriptspayroll.FailedRTITest -->
