<?xml version="1.0" encoding="UTF-8"?>
<!-- Generated by org.testng.reporters.JUnitReportReporter -->
<testsuite hostname="NomismaSol" failures="0" tests="1" name="test.java.com.nomisma.scriptspayrollreports.RTISubmissionReportTest" time="45.204" errors="0" timestamp="7 Jun 2018 11:00:04 GMT">
  <testcase classname="test.java.com.nomisma.scriptspayrollreports.RTISubmissionReportTest" name="RTIsubmissionReport" time="45.204"/>
</testsuite> <!-- test.java.com.nomisma.scriptspayrollreports.RTISubmissionReportTest -->
