<?xml version="1.0" encoding="UTF-8"?>
<!-- Generated by org.testng.reporters.JUnitReportReporter -->
<testsuite hostname="Nom_aNjali" failures="0" tests="1" name="com.nomisma.SAMTR_Scripts2020.MTRTestScenario104" time="41.613" errors="0" timestamp="10 Apr 2020 19:56:38 GMT">
  <testcase classname="com.nomisma.SAMTR_Scripts2020.MTRTestScenario104" name="funcAddTestCase104" time="41.613"/>
</testsuite> <!-- com.nomisma.SAMTR_Scripts2020.MTRTestScenario104 -->
