<?xml version="1.0" encoding="UTF-8"?>
<!-- Generated by org.testng.reporters.JUnitReportReporter -->
<testsuite hostname="Nom_aNjali" failures="0" tests="1" name="com.nomisma.Business.DelQuotationCls" time="35.253" errors="0" timestamp="12 Jul 2019 11:21:30 GMT">
  <testcase classname="com.nomisma.Business.DelQuotationCls" name="FuncDelAddQuotation" time="35.253"/>
</testsuite> <!-- com.nomisma.Business.DelQuotationCls -->
