<?xml version="1.0" encoding="UTF-8"?>
<!-- Generated by org.testng.reporters.JUnitReportReporter -->
<testsuite hostname="Nom_aNjali" failures="0" tests="1" name="com.nomisma.businesstypeScripts.VerifyBusinessIncomeTradingIncomeAutoAndManualPTRShort" time="199.237" errors="0" timestamp="26 Dec 2019 10:17:11 GMT">
  <testcase classname="com.nomisma.businesstypeScripts.VerifyBusinessIncomeTradingIncomeAutoAndManualPTRShort" name="funcVerifyBusinessIncomeTradingIncomeAutoAndManualPTRShort" time="199.237"/>
</testsuite> <!-- com.nomisma.businesstypeScripts.VerifyBusinessIncomeTradingIncomeAutoAndManualPTRShort -->
