<?xml version="1.0" encoding="UTF-8"?>
<!-- Generated by org.testng.reporters.JUnitReportReporter -->
<testsuite hostname="Nom_aNjali" failures="0" tests="1" name="com.nomisma.SAMTR_Scripts2020.MTRTestScenario67" time="88.534" errors="0" timestamp="23 Jan 2020 05:23:14 GMT">
  <testcase classname="com.nomisma.SAMTR_Scripts2020.MTRTestScenario67" name="funcAddTestCase67" time="88.534"/>
</testsuite> <!-- com.nomisma.SAMTR_Scripts2020.MTRTestScenario67 -->
