<?xml version="1.0" encoding="UTF-8"?>
<!-- Generated by org.testng.reporters.JUnitReportReporter -->
<testsuite hostname="Nom_aNjali" failures="0" tests="1" name="com.nomisma.SAMTR_Scripts2020.MTRTestScenario61" time="82.294" errors="0" timestamp="22 Jan 2020 11:00:54 GMT">
  <testcase classname="com.nomisma.SAMTR_Scripts2020.MTRTestScenario61" name="funcTestCase61" time="82.294"/>
</testsuite> <!-- com.nomisma.SAMTR_Scripts2020.MTRTestScenario61 -->
