<?xml version="1.0" encoding="UTF-8"?>
<!-- Generated by org.testng.reporters.JUnitReportReporter -->
<testsuite hostname="Nom_aNjali" failures="0" tests="2" name="com.nomisma.SAMTR_Scripts2019.MTRTestScenario44" time="171.886" errors="0" timestamp="22 Jan 2020 21:48:57 GMT">
  <testcase classname="com.nomisma.SAMTR_Scripts2019.MTRTestScenario44" name="funcTestCase44" time="68.193"/>
  <testcase classname="com.nomisma.SAMTR_Scripts2019.MTRTestScenario44" name="funcDelTestCase44" time="103.693"/>
</testsuite> <!-- com.nomisma.SAMTR_Scripts2019.MTRTestScenario44 -->
