<?xml version="1.0" encoding="UTF-8"?>
<!-- Generated by org.testng.reporters.JUnitReportReporter -->
<testsuite hostname="Nom_aNjali" failures="0" tests="1" name="com.nomisma.SAMTR_Scripts2019_sandbox.AddClientInMTRCls" time="36.189" errors="0" timestamp="9 Jan 2020 11:57:22 GMT">
  <testcase classname="com.nomisma.SAMTR_Scripts2019_sandbox.AddClientInMTRCls" name="funcaddClient" time="36.189"/>
</testsuite> <!-- com.nomisma.SAMTR_Scripts2019_sandbox.AddClientInMTRCls -->
