<?xml version="1.0" encoding="UTF-8"?>
<!-- Generated by org.testng.reporters.JUnitReportReporter -->
<testsuite hostname="Nom_aNjali" failures="0" tests="1" name="com.nomisma.SAMTR_Scripts2019.MTRTestScenario51_Live" time="130.152" errors="0" timestamp="6 Nov 2019 08:52:51 GMT">
  <testcase classname="com.nomisma.SAMTR_Scripts2019.MTRTestScenario51_Live" name="funcDelTestCase51" time="130.152"/>
</testsuite> <!-- com.nomisma.SAMTR_Scripts2019.MTRTestScenario51_Live -->
