<?xml version="1.0" encoding="UTF-8"?>
<!-- Generated by org.testng.reporters.JUnitReportReporter -->
<testsuite hostname="Nom_aNjali" failures="0" tests="1" name="com.nomisma.SAMTR_Scripts2020.MTRTestScenario2" time="78.542" errors="0" timestamp="15 Jan 2020 10:11:12 GMT">
  <testcase classname="com.nomisma.SAMTR_Scripts2020.MTRTestScenario2" name="funcAddTestCase2" time="78.542"/>
</testsuite> <!-- com.nomisma.SAMTR_Scripts2020.MTRTestScenario2 -->
