<?xml version="1.0" encoding="UTF-8"?>
<!-- Generated by org.testng.reporters.JUnitReportReporter -->
<testsuite hostname="Nom_aNjali" failures="0" tests="2" name="com.nomisma.SAMTR_Scripts2019.MTRTestScenario177" time="156.244" errors="0" timestamp="22 Jan 2020 21:48:58 GMT">
  <testcase classname="com.nomisma.SAMTR_Scripts2019.MTRTestScenario177" name="funcAddTestCase177" time="57.141"/>
  <testcase classname="com.nomisma.SAMTR_Scripts2019.MTRTestScenario177" name="funcDelTestCase177" time="99.103"/>
</testsuite> <!-- com.nomisma.SAMTR_Scripts2019.MTRTestScenario177 -->
