<?xml version="1.0" encoding="UTF-8"?>
<!-- Generated by org.testng.reporters.JUnitReportReporter -->
<testsuite hostname="Nom_aNjali" failures="0" tests="2" name="com.nomisma.SAMTR_Scripts2019.MTRTestScenario234" time="183.224" errors="0" timestamp="22 Jan 2020 21:48:57 GMT">
  <testcase classname="com.nomisma.SAMTR_Scripts2019.MTRTestScenario234" name="funcDelTestCase234" time="121.094"/>
  <testcase classname="com.nomisma.SAMTR_Scripts2019.MTRTestScenario234" name="funcAddTestCase234" time="62.130"/>
</testsuite> <!-- com.nomisma.SAMTR_Scripts2019.MTRTestScenario234 -->
