<?xml version="1.0" encoding="UTF-8"?>
<!-- Generated by org.testng.reporters.JUnitReportReporter -->
<testsuite hostname="Nom_aNjali" failures="0" tests="2" name="com.nomisma.SAMTR_Scripts2019.MTRTestScenario204" time="84.969" errors="0" timestamp="22 Jan 2020 21:48:57 GMT">
  <testcase classname="com.nomisma.SAMTR_Scripts2019.MTRTestScenario204" name="funcDelTestCase204" time="42.303"/>
  <testcase classname="com.nomisma.SAMTR_Scripts2019.MTRTestScenario204" name="funcAddTestCase204" time="42.666"/>
</testsuite> <!-- com.nomisma.SAMTR_Scripts2019.MTRTestScenario204 -->
