<?xml version="1.0" encoding="UTF-8"?>
<!-- Generated by org.testng.reporters.JUnitReportReporter -->
<testsuite hostname="Nom_aNjali" failures="0" tests="1" name="com.nomisma.SAMTR_Scripts2019.MTRTestScenario229_Live" time="80.206" errors="0" timestamp="6 Nov 2019 07:16:53 GMT">
  <testcase classname="com.nomisma.SAMTR_Scripts2019.MTRTestScenario229_Live" name="funcDelTestCase229" time="80.206"/>
</testsuite> <!-- com.nomisma.SAMTR_Scripts2019.MTRTestScenario229_Live -->
