<?xml version="1.0" encoding="UTF-8"?>
<!-- Generated by org.testng.reporters.JUnitReportReporter -->
<testsuite hostname="Nom_aNjali" failures="0" tests="2" name="com.nomisma.SAMTR_Scripts2019.MTRTestScenario175" time="143.850" errors="0" timestamp="18 Oct 2019 09:10:44 GMT">
  <testcase classname="com.nomisma.SAMTR_Scripts2019.MTRTestScenario175" name="funcDelTestCase175" time="82.548"/>
  <testcase classname="com.nomisma.SAMTR_Scripts2019.MTRTestScenario175" name="funcAddTestCase175" time="61.302"/>
</testsuite> <!-- com.nomisma.SAMTR_Scripts2019.MTRTestScenario175 -->
