<?xml version="1.0" encoding="UTF-8"?>
<!-- Generated by org.testng.reporters.JUnitReportReporter -->
<testsuite hostname="Nom_aNjali" failures="0" tests="2" name="com.nomisma.SAMTR_Scripts2019.MTRTestScenario155" time="212.237" errors="0" timestamp="27 Jan 2020 07:17:34 GMT">
  <testcase classname="com.nomisma.SAMTR_Scripts2019.MTRTestScenario155" name="funcDelTestCase155" time="123.218"/>
  <testcase classname="com.nomisma.SAMTR_Scripts2019.MTRTestScenario155" name="funcAddTestCase155" time="89.019"/>
</testsuite> <!-- com.nomisma.SAMTR_Scripts2019.MTRTestScenario155 -->
