<?xml version="1.0" encoding="UTF-8"?>
<!-- Generated by org.testng.reporters.JUnitReportReporter -->
<testsuite hostname="Nom_aNjali" failures="0" tests="2" name="com.nomisma.SAMTR_Scripts2019.MTRTestScenario4" time="193.956" errors="0" timestamp="22 Jan 2020 21:48:58 GMT">
  <testcase classname="com.nomisma.SAMTR_Scripts2019.MTRTestScenario4" name="funcDelTestCase4" time="129.422"/>
  <testcase classname="com.nomisma.SAMTR_Scripts2019.MTRTestScenario4" name="funcAddTestCase4" time="64.534"/>
</testsuite> <!-- com.nomisma.SAMTR_Scripts2019.MTRTestScenario4 -->
