<?xml version="1.0" encoding="UTF-8"?>
<!-- Generated by org.testng.reporters.JUnitReportReporter -->
<testsuite hostname="Nom_aNjali" failures="0" tests="1" name="com.nomisma.SelfAssessment.ImportClientCls" time="29.730" errors="0" timestamp="22 Jan 2020 21:48:58 GMT">
  <testcase classname="com.nomisma.SelfAssessment.ImportClientCls" name="functToImportClient" time="29.730"/>
</testsuite> <!-- com.nomisma.SelfAssessment.ImportClientCls -->
