<?xml version="1.0" encoding="UTF-8"?>
<!-- Generated by org.testng.reporters.JUnitReportReporter -->
<testsuite hostname="DESKTOP-ORUDN72" failures="0" tests="2" name="com.nomisma.scriptsvat.EditVATReturnsTest" time="87.779" errors="0" timestamp="5 Jul 2019 15:27:13 GMT">
  <testcase classname="com.nomisma.scriptsvat.EditVATReturnsTest" name="VATReturns" time="54.822"/>
  <testcase classname="com.nomisma.scriptsvat.EditVATReturnsTest" name="VerifyVATReturns" time="32.957"/>
</testsuite> <!-- com.nomisma.scriptsvat.EditVATReturnsTest -->
