<?xml version="1.0" encoding="UTF-8"?>
<!-- Generated by org.testng.reporters.JUnitReportReporter -->
<testsuite hostname="NomismaSol" failures="0" tests="1" name="test.java.com.nomisma.scriptspayroll.P32_VerifyTotalTaxDuetoHMRC" time="93.402" errors="0" timestamp="8 Jun 2018 08:57:10 GMT">
  <testcase classname="test.java.com.nomisma.scriptspayroll.P32_VerifyTotalTaxDuetoHMRC" name="P32VerifyTotalTaxDuetoHMRC" time="93.402"/>
</testsuite> <!-- test.java.com.nomisma.scriptspayroll.P32_VerifyTotalTaxDuetoHMRC -->
