<?xml version="1.0" encoding="UTF-8"?>
<!-- Generated by org.testng.reporters.JUnitReportReporter -->
<testsuite hostname="NomismaSol" failures="0" tests="2" name="test.java.com.nomisma.scriptspayroll.RecurringAdditionDeduction" time="82.462" errors="0" timestamp="8 Jun 2018 08:57:10 GMT">
  <testcase classname="test.java.com.nomisma.scriptspayroll.RecurringAdditionDeduction" name="RecAddition" time="43.591"/>
  <testcase classname="test.java.com.nomisma.scriptspayroll.RecurringAdditionDeduction" name="RecDeduction" time="38.871"/>
</testsuite> <!-- test.java.com.nomisma.scriptspayroll.RecurringAdditionDeduction -->
