<?xml version="1.0" encoding="UTF-8"?>
<!-- Generated by org.testng.reporters.JUnitReportReporter -->
<testsuite hostname="Nom_aNjali" failures="0" tests="2" name="com.nomisma.SAMTR_Scripts2019.MTRTestScenario3" time="270.607" errors="0" timestamp="22 Jan 2020 21:48:57 GMT">
  <testcase classname="com.nomisma.SAMTR_Scripts2019.MTRTestScenario3" name="funcDelTestCase3" time="173.555"/>
  <testcase classname="com.nomisma.SAMTR_Scripts2019.MTRTestScenario3" name="funcAddTestCase3" time="97.052"/>
</testsuite> <!-- com.nomisma.SAMTR_Scripts2019.MTRTestScenario3 -->
