<?xml version="1.0" encoding="UTF-8"?>
<!-- Generated by org.testng.reporters.JUnitReportReporter -->
<testsuite hostname="Nom_aNjali" failures="0" tests="2" name="com.nomisma.SAMTR_Scripts2019.MTRTestScenario74" time="148.897" errors="0" timestamp="22 Jan 2020 21:48:57 GMT">
  <testcase classname="com.nomisma.SAMTR_Scripts2019.MTRTestScenario74" name="funcAddTestCase74" time="55.921"/>
  <testcase classname="com.nomisma.SAMTR_Scripts2019.MTRTestScenario74" name="funcDelTestCase74" time="92.976"/>
</testsuite> <!-- com.nomisma.SAMTR_Scripts2019.MTRTestScenario74 -->
