<?xml version="1.0" encoding="UTF-8"?>
<!-- Generated by org.testng.reporters.JUnitReportReporter -->
<testsuite hostname="Nom_aNjali" failures="0" tests="2" name="com.nomisma.SAMTR_Scripts2019_sandbox.MTRTestScenario64" time="213.077" errors="0" timestamp="9 Jan 2020 10:08:55 GMT">
  <testcase classname="com.nomisma.SAMTR_Scripts2019_sandbox.MTRTestScenario64" name="funcAddTestCase64" time="92.869"/>
  <testcase classname="com.nomisma.SAMTR_Scripts2019_sandbox.MTRTestScenario64" name="funcDelTestCase64" time="120.208"/>
</testsuite> <!-- com.nomisma.SAMTR_Scripts2019_sandbox.MTRTestScenario64 -->
