<?xml version="1.0" encoding="UTF-8"?>
<!-- Generated by org.testng.reporters.JUnitReportReporter -->
<testsuite hostname="DESKTOP-ORUDN72" failures="0" tests="2" name="com.nomisma.scriptsvat.DeleteAllEUSupplierBillsTest" time="125.195" errors="0" timestamp="5 Jul 2019 15:27:12 GMT">
  <testcase classname="com.nomisma.scriptsvat.DeleteAllEUSupplierBillsTest" name="DeleteAllRecords" time="70.269"/>
  <testcase classname="com.nomisma.scriptsvat.DeleteAllEUSupplierBillsTest" name="DeleteAllRecords" time="54.926"/>
</testsuite> <!-- com.nomisma.scriptsvat.DeleteAllEUSupplierBillsTest -->
