<?xml version="1.0" encoding="UTF-8"?>
<!-- Generated by org.testng.reporters.JUnitReportReporter -->
<testsuite hostname="Nom_aNjali" failures="0" tests="2" name="com.nomisma.SAMTR_Scripts2020.MTRTestScenario38" time="267.023" errors="0" timestamp="30 Mar 2020 12:11:36 GMT">
  <testcase classname="com.nomisma.SAMTR_Scripts2020.MTRTestScenario38" name="funcDelTestCase38" time="159.895"/>
  <testcase classname="com.nomisma.SAMTR_Scripts2020.MTRTestScenario38" name="funcTestCase38" time="107.128"/>
</testsuite> <!-- com.nomisma.SAMTR_Scripts2020.MTRTestScenario38 -->
