<?xml version="1.0" encoding="UTF-8"?>
<!-- Generated by org.testng.reporters.JUnitReportReporter -->
<testsuite hostname="Nom_aNjali" failures="0" tests="1" name="com.nomisma.scriptspayroll.AutoEnrolTest" time="46.552" errors="0" timestamp="6 Apr 2020 13:03:46 GMT">
  <testcase classname="com.nomisma.scriptspayroll.AutoEnrolTest" name="enableAutoEnrolTest" time="46.552"/>
</testsuite> <!-- com.nomisma.scriptspayroll.AutoEnrolTest -->
