<?xml version="1.0" encoding="UTF-8"?>
<!-- Generated by org.testng.reporters.JUnitReportReporter -->
<testsuite hostname="Nom_aNjali" failures="0" tests="1" name="com.nomisma.SAMTR_Scripts2019.MTRTestScenario82_live" time="70.574" errors="0" timestamp="28 Nov 2019 08:28:05 GMT">
  <testcase classname="com.nomisma.SAMTR_Scripts2019.MTRTestScenario82_live" name="funcAddTestCase82" time="70.574"/>
</testsuite> <!-- com.nomisma.SAMTR_Scripts2019.MTRTestScenario82_live -->
