<?xml version="1.0" encoding="UTF-8"?>
<!-- Generated by org.testng.reporters.JUnitReportReporter -->
<testsuite hostname="Nom_aNjali" failures="0" tests="1" name="com.nomisma.SAMTR_Scripts2019.MTRTestScenario166_live" time="54.956" errors="0" timestamp="28 Nov 2019 08:19:33 GMT">
  <testcase classname="com.nomisma.SAMTR_Scripts2019.MTRTestScenario166_live" name="funcAddTestCase166" time="54.956"/>
</testsuite> <!-- com.nomisma.SAMTR_Scripts2019.MTRTestScenario166_live -->
