<?xml version="1.0" encoding="UTF-8"?>
<!-- Generated by org.testng.reporters.JUnitReportReporter -->
<testsuite hostname="DESKTOP-ORUDN72" failures="0" tests="1" name="com.nomisma.scriptscis.CISSubmissionReport" time="36.414" errors="0" timestamp="5 Jul 2019 15:27:13 GMT">
  <testcase classname="com.nomisma.scriptscis.CISSubmissionReport" name="SubmissionReport" time="36.414"/>
</testsuite> <!-- com.nomisma.scriptscis.CISSubmissionReport -->
