<?xml version="1.0" encoding="UTF-8"?>
<!-- Generated by org.testng.reporters.JUnitReportReporter -->
<testsuite hostname="DESKTOP-ORUDN72" failures="0" tests="1" name="com.nomisma.scriptsCT600.VerifyTaxCalculationPageTest" time="37.756" errors="0" timestamp="5 Jul 2019 15:27:12 GMT">
  <testcase classname="com.nomisma.scriptsCT600.VerifyTaxCalculationPageTest" name="VerifyTaxCalculation" time="37.756"/>
</testsuite> <!-- com.nomisma.scriptsCT600.VerifyTaxCalculationPageTest -->
