<?xml version="1.0" encoding="UTF-8"?>
<!-- Generated by org.testng.reporters.JUnitReportReporter -->
<testsuite hostname="Nom_aNjali" failures="0" tests="1" name="com.nomisma.SAMTR_Scripts2019_sandbox.MTRTestScenario41" time="89.638" errors="0" timestamp="10 Jan 2020 11:29:07 GMT">
  <testcase classname="com.nomisma.SAMTR_Scripts2019_sandbox.MTRTestScenario41" name="funcTestCase41" time="89.638"/>
</testsuite> <!-- com.nomisma.SAMTR_Scripts2019_sandbox.MTRTestScenario41 -->
