<?xml version="1.0" encoding="UTF-8"?>
<!-- Generated by org.testng.reporters.JUnitReportReporter -->
<testsuite hostname="Nom_aNjali" failures="0" tests="2" name="com.nomisma.SelfAssessment.PAYEcodeCls1" time="631.535" errors="0" timestamp="22 Jan 2020 21:48:57 GMT">
  <testcase classname="com.nomisma.SelfAssessment.PAYEcodeCls1" name="func2" time="330.738"/>
  <testcase classname="com.nomisma.SelfAssessment.PAYEcodeCls1" name="func1" time="300.797"/>
</testsuite> <!-- com.nomisma.SelfAssessment.PAYEcodeCls1 -->
