<?xml version="1.0" encoding="UTF-8"?>
<!-- Generated by org.testng.reporters.JUnitReportReporter -->
<testsuite hostname="Nom_aNjali" failures="0" tests="1" name="com.nomisma.SAMTR_Scripts2019.MTRTestScenario165_live" time="50.246" errors="0" timestamp="29 Nov 2019 08:00:06 GMT">
  <testcase classname="com.nomisma.SAMTR_Scripts2019.MTRTestScenario165_live" name="funcAddTestCase165" time="50.246"/>
</testsuite> <!-- com.nomisma.SAMTR_Scripts2019.MTRTestScenario165_live -->
