<?xml version="1.0" encoding="UTF-8"?>
<!-- Generated by org.testng.reporters.JUnitReportReporter -->
<testsuite hostname="Nom_aNjali" failures="0" tests="1" name="com.nomisma.SAMTR_Scripts2019.MTRTestScenario99" time="88.302" errors="0" timestamp="10 Dec 2019 10:27:20 GMT">
  <testcase classname="com.nomisma.SAMTR_Scripts2019.MTRTestScenario99" name="funcAddTestCase99" time="88.302"/>
</testsuite> <!-- com.nomisma.SAMTR_Scripts2019.MTRTestScenario99 -->
