<?xml version="1.0" encoding="UTF-8"?>
<!-- Generated by org.testng.reporters.JUnitReportReporter -->
<testsuite hostname="NomismaSol" failures="0" tests="1" name="com.nomisma.scriptspayrollreports.P32ReportTest" time="36.029" errors="0" timestamp="7 Jun 2018 01:53:25 GMT">
  <testcase classname="com.nomisma.scriptspayrollreports.P32ReportTest" name="p32Report" time="36.029"/>
</testsuite> <!-- com.nomisma.scriptspayrollreports.P32ReportTest -->
