<?xml version="1.0" encoding="UTF-8"?>
<!-- Generated by org.testng.reporters.JUnitReportReporter -->
<testsuite hostname="Nom_aNjali" failures="0" tests="1" name="com.nomisma.businesstypeScripts.SA800BusinessInvestmentBusinessQues" time="57.815" errors="0" timestamp="25 Nov 2019 08:50:52 GMT">
  <testcase classname="com.nomisma.businesstypeScripts.SA800BusinessInvestmentBusinessQues" name="funcVerifyBusinessQuesSA800BusinsInvest" time="57.815"/>
</testsuite> <!-- com.nomisma.businesstypeScripts.SA800BusinessInvestmentBusinessQues -->
