<?xml version="1.0" encoding="UTF-8"?>
<!-- Generated by org.testng.reporters.JUnitReportReporter -->
<testsuite hostname="Nom_aNjali" failures="0" tests="1" name="com.nomisma.scriptspayroll.LinkedWithAccountsTest" time="45.640" errors="0" timestamp="6 Apr 2020 17:12:32 GMT">
  <testcase classname="com.nomisma.scriptspayroll.LinkedWithAccountsTest" name="lnkWithAccountsTest" time="45.640"/>
</testsuite> <!-- com.nomisma.scriptspayroll.LinkedWithAccountsTest -->
