<?xml version="1.0" encoding="UTF-8"?>
<!-- Generated by org.testng.reporters.JUnitReportReporter -->
<testsuite hostname="Nom_aNjali" failures="0" tests="1" name="com.nomisma.scriptspayroll.ImportEmployee" time="77.446" errors="0" timestamp="26 Mar 2020 09:43:01 GMT">
  <testcase classname="com.nomisma.scriptspayroll.ImportEmployee" name="ImportEmployee1" time="77.446"/>
</testsuite> <!-- com.nomisma.scriptspayroll.ImportEmployee -->
