<?xml version="1.0" encoding="UTF-8"?>
<!-- Generated by org.testng.reporters.JUnitReportReporter -->
<testsuite hostname="DESKTOP-ORUDN72" failures="0" tests="1" name="com.nomisma.scriptsCT600.UpdateCTAdjustmentsSettingsTest2" time="58.837" errors="0" timestamp="5 Jul 2019 15:27:12 GMT">
  <testcase classname="com.nomisma.scriptsCT600.UpdateCTAdjustmentsSettingsTest2" name="UpdateCTAdjustmentsSettings" time="58.837"/>
</testsuite> <!-- com.nomisma.scriptsCT600.UpdateCTAdjustmentsSettingsTest2 -->
