<?xml version="1.0" encoding="UTF-8"?>
<!-- Generated by org.testng.reporters.JUnitReportReporter -->
<testsuite hostname="Nom_aNjali" failures="0" tests="1" name="com.nomisma.SAMTR_Scripts2019_sandbox.MTRTestScenario2" time="83.636" errors="0" timestamp="9 Jan 2020 07:26:44 GMT">
  <testcase classname="com.nomisma.SAMTR_Scripts2019_sandbox.MTRTestScenario2" name="funcAddTestCase2" time="83.636"/>
</testsuite> <!-- com.nomisma.SAMTR_Scripts2019_sandbox.MTRTestScenario2 -->
