<?xml version="1.0" encoding="UTF-8"?>
<!-- Generated by org.testng.reporters.JUnitReportReporter -->
<testsuite hostname="NomismaSol" failures="0" tests="1" name="com.nomisma.accountsbookkeepingscripts.VerifyLoginAndAgentTestCase" time="15.181" errors="0" timestamp="13 Jun 2018 06:19:03 GMT">
  <testcase classname="com.nomisma.accountsbookkeepingscripts.VerifyLoginAndAgentTestCase" name="Login" time="15.181"/>
</testsuite> <!-- com.nomisma.accountsbookkeepingscripts.VerifyLoginAndAgentTestCase -->
