<?xml version="1.0" encoding="UTF-8"?>
<!-- Generated by org.testng.reporters.JUnitReportReporter -->
<testsuite hostname="Nom_aNjali" failures="0" tests="1" name="com.nomisma.SAMTR_Scripts2020.MTRTestScenario53" time="33.504" errors="0" timestamp="21 Jan 2020 10:52:41 GMT">
  <testcase classname="com.nomisma.SAMTR_Scripts2020.MTRTestScenario53" name="funcAddTestCase53" time="33.504"/>
</testsuite> <!-- com.nomisma.SAMTR_Scripts2020.MTRTestScenario53 -->
