<?xml version="1.0" encoding="UTF-8"?>
<!-- Generated by org.testng.reporters.JUnitReportReporter -->
<testsuite hostname="Nom_aNjali" failures="0" tests="2" name="com.nomisma.SAMTR_Scripts2019.MTRTestScenario28" time="202.695" errors="0" timestamp="22 Jan 2020 21:48:57 GMT">
  <testcase classname="com.nomisma.SAMTR_Scripts2019.MTRTestScenario28" name="funcAddTestCase28" time="76.406"/>
  <testcase classname="com.nomisma.SAMTR_Scripts2019.MTRTestScenario28" name="funcDelTestCase28" time="126.289"/>
</testsuite> <!-- com.nomisma.SAMTR_Scripts2019.MTRTestScenario28 -->
