<?xml version="1.0" encoding="UTF-8"?>
<!-- Generated by org.testng.reporters.JUnitReportReporter -->
<testsuite hostname="Nom_aNjali" failures="0" tests="2" name="com.nomisma.SAMTR_Scripts2019.MTRTestScenario158" time="99.301" errors="0" timestamp="22 Jan 2020 21:48:57 GMT">
  <testcase classname="com.nomisma.SAMTR_Scripts2019.MTRTestScenario158" name="funcDelTestCase158" time="47.284"/>
  <testcase classname="com.nomisma.SAMTR_Scripts2019.MTRTestScenario158" name="funcAddTestCase158" time="52.017"/>
</testsuite> <!-- com.nomisma.SAMTR_Scripts2019.MTRTestScenario158 -->
