<?xml version="1.0" encoding="UTF-8"?>
<!-- Generated by org.testng.reporters.JUnitReportReporter -->
<testsuite hostname="Nom_aNjali" failures="0" tests="2" name="com.nomisma.SAMTR_Scripts2019.MTRTestScenario6" time="137.466" errors="0" timestamp="22 Jan 2020 21:48:57 GMT">
  <testcase classname="com.nomisma.SAMTR_Scripts2019.MTRTestScenario6" name="funcAddTestCase6" time="58.727"/>
  <testcase classname="com.nomisma.SAMTR_Scripts2019.MTRTestScenario6" name="funcDelTestCase6" time="78.739"/>
</testsuite> <!-- com.nomisma.SAMTR_Scripts2019.MTRTestScenario6 -->
