<?xml version="1.0" encoding="UTF-8"?>
<!-- Generated by org.testng.reporters.JUnitReportReporter -->
<testsuite hostname="DESKTOP-ORUDN72" failures="0" tests="2" name="com.nomisma.scriptsvat.DeleteAllEUInvoicesTest" time="126.608" errors="0" timestamp="5 Jul 2019 15:27:12 GMT">
  <testcase classname="com.nomisma.scriptsvat.DeleteAllEUInvoicesTest" name="DeleteAllRecords" time="54.413"/>
  <testcase classname="com.nomisma.scriptsvat.DeleteAllEUInvoicesTest" name="DeleteAllRecords" time="72.195"/>
</testsuite> <!-- com.nomisma.scriptsvat.DeleteAllEUInvoicesTest -->
