<?xml version="1.0" encoding="UTF-8"?>
<!-- Generated by org.testng.reporters.JUnitReportReporter -->
<testsuite hostname="Nom_aNjali" failures="0" tests="1" name="com.nomisma.scriptspayroll.SubmitRTITest" time="27.968" errors="0" timestamp="23 Mar 2020 13:41:01 GMT">
  <testcase classname="com.nomisma.scriptspayroll.SubmitRTITest" name="runPayrollTest" time="27.968"/>
</testsuite> <!-- com.nomisma.scriptspayroll.SubmitRTITest -->
