<?xml version="1.0" encoding="UTF-8"?>
<!-- Generated by org.testng.reporters.JUnitReportReporter -->
<testsuite hostname="Nom_aNjali" failures="0" tests="1" name="com.nomisma.SAMTR_Scripts2020_SandboxPre.MTRTestScenario206" time="106.104" errors="0" timestamp="29 Mar 2020 14:58:20 GMT">
  <testcase classname="com.nomisma.SAMTR_Scripts2020_SandboxPre.MTRTestScenario206" name="funcAddTestCase206" time="106.104"/>
</testsuite> <!-- com.nomisma.SAMTR_Scripts2020_SandboxPre.MTRTestScenario206 -->
