<?xml version="1.0" encoding="UTF-8"?>
<!-- Generated by org.testng.reporters.JUnitReportReporter -->
<testsuite hostname="Nom_aNjali" failures="0" tests="1" name="com.nomisma.SelfAssessment.VerifyClientListOnAccountantPage" time="25.823" errors="0" timestamp="22 Jan 2020 21:48:58 GMT">
  <testcase classname="com.nomisma.SelfAssessment.VerifyClientListOnAccountantPage" name="clientListVerifyFunc" time="25.823"/>
</testsuite> <!-- com.nomisma.SelfAssessment.VerifyClientListOnAccountantPage -->
