<?xml version="1.0" encoding="UTF-8"?>
<!-- Generated by org.testng.reporters.JUnitReportReporter -->
<testsuite hostname="Nom_aNjali" failures="0" tests="2" name="com.nomisma.SAMTR_Scripts2019.MTRTestScenario117" time="163.537" errors="0" timestamp="22 Jan 2020 21:48:58 GMT">
  <testcase classname="com.nomisma.SAMTR_Scripts2019.MTRTestScenario117" name="funcDelTestCase117" time="102.247"/>
  <testcase classname="com.nomisma.SAMTR_Scripts2019.MTRTestScenario117" name="funcAddTestCase117" time="61.290"/>
</testsuite> <!-- com.nomisma.SAMTR_Scripts2019.MTRTestScenario117 -->
