<?xml version="1.0" encoding="UTF-8"?>
<!-- Generated by org.testng.reporters.JUnitReportReporter -->
<testsuite hostname="Nom_aNjali" failures="0" tests="1" name="com.nomisma.SAMTR_Scripts2020.MTRTestScenario90" time="60.765" errors="0" timestamp="10 Apr 2020 15:20:10 GMT">
  <testcase classname="com.nomisma.SAMTR_Scripts2020.MTRTestScenario90" name="funcAddTestCase90" time="60.765"/>
</testsuite> <!-- com.nomisma.SAMTR_Scripts2020.MTRTestScenario90 -->
