<?xml version="1.0" encoding="UTF-8"?>
<!-- Generated by org.testng.reporters.JUnitReportReporter -->
<testsuite hostname="DESKTOP-ORUDN72" failures="0" tests="1" name="com.nomisma.scriptspayrollreports.AccountSubmissionByCompanyReportTest" time="17.897" errors="0" timestamp="5 Jul 2019 15:27:12 GMT">
  <testcase classname="com.nomisma.scriptspayrollreports.AccountSubmissionByCompanyReportTest" name="payslipReport" time="17.897"/>
</testsuite> <!-- com.nomisma.scriptspayrollreports.AccountSubmissionByCompanyReportTest -->
