<?xml version="1.0" encoding="UTF-8"?>
<!-- Generated by org.testng.reporters.JUnitReportReporter -->
<testsuite hostname="Nom_aNjali" failures="0" tests="1" name="com.nomisma.SAMTR_Scripts2020.MTRTestScenario63" time="81.864" errors="0" timestamp="22 Jan 2020 12:16:56 GMT">
  <testcase classname="com.nomisma.SAMTR_Scripts2020.MTRTestScenario63" name="funcAddTestCase63" time="81.864"/>
</testsuite> <!-- com.nomisma.SAMTR_Scripts2020.MTRTestScenario63 -->
