<?xml version="1.0" encoding="UTF-8"?>
<!-- Generated by org.testng.reporters.JUnitReportReporter -->
<testsuite hostname="Nom_aNjali" failures="0" tests="2" name="com.nomisma.SAMTR_Scripts2019.MTRTestScenario162New" time="137.258" errors="0" timestamp="12 Nov 2019 06:36:33 GMT">
  <testcase classname="com.nomisma.SAMTR_Scripts2019.MTRTestScenario162New" name="funcDelTestCase162" time="86.789"/>
  <testcase classname="com.nomisma.SAMTR_Scripts2019.MTRTestScenario162New" name="funcAddTestCase162" time="50.469"/>
</testsuite> <!-- com.nomisma.SAMTR_Scripts2019.MTRTestScenario162New -->
