<?xml version="1.0" encoding="UTF-8"?>
<!-- Generated by org.testng.reporters.JUnitReportReporter -->
<testsuite hostname="DESKTOP-ORUDN72" failures="0" tests="1" name="com.nomisma.scriptspayroll.DeleteEmployeeLeavesTest" time="90.878" errors="0" timestamp="5 Jul 2019 15:27:13 GMT">
  <testcase classname="com.nomisma.scriptspayroll.DeleteEmployeeLeavesTest" name="deleteLeavesTest" time="90.878"/>
</testsuite> <!-- com.nomisma.scriptspayroll.DeleteEmployeeLeavesTest -->
