<?xml version="1.0" encoding="UTF-8"?>
<!-- Generated by org.testng.reporters.JUnitReportReporter -->
<testsuite hostname="NomismaSol" failures="0" tests="1" name="test.java.com.nomisma.scriptspayroll.DeRegistrationCompanyTest" time="35.839" errors="0" timestamp="8 Jun 2018 03:02:23 GMT">
  <testcase classname="test.java.com.nomisma.scriptspayroll.DeRegistrationCompanyTest" name="deRegisterationTest" time="35.839"/>
</testsuite> <!-- test.java.com.nomisma.scriptspayroll.DeRegistrationCompanyTest -->
