<?xml version="1.0" encoding="UTF-8"?>
<!-- Generated by org.testng.reporters.JUnitReportReporter -->
<testsuite hostname="Nom_aNjali" failures="0" tests="1" name="com.nomisma.SAMTR_Scripts2019.MTRTestScenarioDummy" time="27.678" errors="0" timestamp="17 Jul 2019 05:42:52 GMT">
  <testcase classname="com.nomisma.SAMTR_Scripts2019.MTRTestScenarioDummy" name="funcAddTestCaseDummy" time="27.678"/>
</testsuite> <!-- com.nomisma.SAMTR_Scripts2019.MTRTestScenarioDummy -->
