<?xml version="1.0" encoding="UTF-8"?>
<!-- Generated by org.testng.reporters.JUnitReportReporter -->
<testsuite hostname="Nom_aNjali" failures="0" tests="1" name="com.nomisma.SAMTR_Scripts2019.MTRTestScenario215" time="102.842" errors="0" timestamp="7 Jan 2020 05:53:42 GMT">
  <testcase classname="com.nomisma.SAMTR_Scripts2019.MTRTestScenario215" name="funcTestCase215" time="102.842"/>
</testsuite> <!-- com.nomisma.SAMTR_Scripts2019.MTRTestScenario215 -->
