<?xml version="1.0" encoding="UTF-8"?>
<!-- Generated by org.testng.reporters.JUnitReportReporter -->
<testsuite hostname="Nom_aNjali" failures="0" tests="1" name="com.nomisma.businesstypeScripts.SA800BusinessInvestmentBusinessQues4" time="51.338" errors="0" timestamp="26 Nov 2019 10:37:41 GMT">
  <testcase classname="com.nomisma.businesstypeScripts.SA800BusinessInvestmentBusinessQues4" name="funcVerifyBusinessQues4SA800BusinsInvest" time="51.338"/>
</testsuite> <!-- com.nomisma.businesstypeScripts.SA800BusinessInvestmentBusinessQues4 -->
