<?xml version="1.0" encoding="UTF-8"?>
<!-- Generated by org.testng.reporters.JUnitReportReporter -->
<testsuite hostname="Nom_aNjali" failures="0" tests="1" name="com.nomisma.businesstypeScripts.CreateLimitedBusiness" time="29.215" errors="0" timestamp="26 Nov 2019 04:24:29 GMT">
  <testcase classname="com.nomisma.businesstypeScripts.CreateLimitedBusiness" name="funcCreateLtdBusiness" time="29.215"/>
</testsuite> <!-- com.nomisma.businesstypeScripts.CreateLimitedBusiness -->
