<?xml version="1.0" encoding="UTF-8"?>
<!-- Generated by org.testng.reporters.JUnitReportReporter -->
<testsuite hostname="Nom_aNjali" failures="0" tests="2" name="com.nomisma.SAMTR_Scripts2019.MTRTestScenario130" time="193.199" errors="0" timestamp="22 Jan 2020 21:48:57 GMT">
  <testcase classname="com.nomisma.SAMTR_Scripts2019.MTRTestScenario130" name="funcAddTestCase130" time="66.848"/>
  <testcase classname="com.nomisma.SAMTR_Scripts2019.MTRTestScenario130" name="funcDelTestCase130" time="126.351"/>
</testsuite> <!-- com.nomisma.SAMTR_Scripts2019.MTRTestScenario130 -->
