<?xml version="1.0" encoding="UTF-8"?>
<!-- Generated by org.testng.reporters.JUnitReportReporter -->
<testsuite hostname="Nom_aNjali" failures="0" tests="1" name="com.nomisma.Business.DelSupplierBillInExpenses" time="32.205" errors="0" timestamp="1 Aug 2019 09:25:45 GMT">
  <testcase classname="com.nomisma.Business.DelSupplierBillInExpenses" name="funcDelSupplierBill" time="32.205"/>
</testsuite> <!-- com.nomisma.Business.DelSupplierBillInExpenses -->
