<?xml version="1.0" encoding="UTF-8"?>
<!-- Generated by org.testng.reporters.JUnitReportReporter -->
<testsuite hostname="Nom_aNjali" failures="0" tests="1" name="com.nomisma.businesstypeScripts.CreateLimitesBusiness" time="28.358" errors="0" timestamp="21 Nov 2019 07:28:05 GMT">
  <testcase classname="com.nomisma.businesstypeScripts.CreateLimitesBusiness" name="funcCreateLtdBusiness" time="28.358"/>
</testsuite> <!-- com.nomisma.businesstypeScripts.CreateLimitesBusiness -->
