<?xml version="1.0" encoding="UTF-8"?>
<!-- Generated by org.testng.reporters.JUnitReportReporter -->
<testsuite hostname="DESKTOP-ORUDN72" failures="0" tests="1" name="com.nomisma.scriptspayrollreports.EmployeePayDetailsReportTest" time="20.308" errors="0" timestamp="5 Jul 2019 15:27:12 GMT">
  <testcase classname="com.nomisma.scriptspayrollreports.EmployeePayDetailsReportTest" name="empPayDetailsReport" time="20.308"/>
</testsuite> <!-- com.nomisma.scriptspayrollreports.EmployeePayDetailsReportTest -->
