<?xml version="1.0" encoding="UTF-8"?>
<!-- Generated by org.testng.reporters.JUnitReportReporter -->
<testsuite hostname="Nom_aNjali" failures="0" tests="1" name="com.nomisma.SAMTR_Scripts2020.MTRTestScenario57" time="29.939" errors="0" timestamp="22 Jan 2020 05:37:46 GMT">
  <testcase classname="com.nomisma.SAMTR_Scripts2020.MTRTestScenario57" name="funcAddTestCase57" time="29.939"/>
</testsuite> <!-- com.nomisma.SAMTR_Scripts2020.MTRTestScenario57 -->
