<?xml version="1.0" encoding="UTF-8"?>
<!-- Generated by org.testng.reporters.JUnitReportReporter -->
<testsuite hostname="Nom_aNjali" failures="0" tests="1" name="com.nomisma.scriptspayroll.AddHmrcAdjustmentsTest" time="35.927" errors="0" timestamp="24 Mar 2020 05:50:57 GMT">
  <testcase classname="com.nomisma.scriptspayroll.AddHmrcAdjustmentsTest" name="hmrcAdjustmentsTest" time="35.927"/>
</testsuite> <!-- com.nomisma.scriptspayroll.AddHmrcAdjustmentsTest -->
