<?xml version="1.0" encoding="UTF-8"?>
<!-- Generated by org.testng.reporters.JUnitReportReporter -->
<testsuite hostname="DESKTOP-ORUDN72" failures="0" tests="1" name="com.nomisma.SelfAssessment2019.TestJson" time="18.681" errors="0" timestamp="27 May 2019 09:06:47 GMT">
  <testcase classname="com.nomisma.SelfAssessment2019.TestJson" name="AddClient" time="18.681"/>
</testsuite> <!-- com.nomisma.SelfAssessment2019.TestJson -->
