<?xml version="1.0" encoding="UTF-8"?>
<!-- Generated by org.testng.reporters.JUnitReportReporter -->
<testsuite hostname="Nom_aNjali" failures="0" tests="2" name="com.nomisma.SAMTR_Scripts2019.MTRTestScenario119" time="159.952" errors="0" timestamp="22 Jan 2020 21:48:57 GMT">
  <testcase classname="com.nomisma.SAMTR_Scripts2019.MTRTestScenario119" name="funcAddTestCase119" time="69.994"/>
  <testcase classname="com.nomisma.SAMTR_Scripts2019.MTRTestScenario119" name="funcDelTestCase119" time="89.958"/>
</testsuite> <!-- com.nomisma.SAMTR_Scripts2019.MTRTestScenario119 -->
