<?xml version="1.0" encoding="UTF-8"?>
<!-- Generated by org.testng.reporters.JUnitReportReporter -->
<testsuite hostname="Nom_aNjali" failures="0" tests="1" name="com.nomisma.SAMTR_Scripts2019_sandbox.MTRTestScenario102" time="92.603" errors="0" timestamp="9 Jan 2020 11:36:17 GMT">
  <testcase classname="com.nomisma.SAMTR_Scripts2019_sandbox.MTRTestScenario102" name="funcAddTestCase102" time="92.603"/>
</testsuite> <!-- com.nomisma.SAMTR_Scripts2019_sandbox.MTRTestScenario102 -->
