<?xml version="1.0" encoding="UTF-8"?>
<!-- Generated by org.testng.reporters.JUnitReportReporter -->
<testsuite hostname="Nom_aNjali" failures="0" tests="1" name="com.nomisma.SAMTR_Scripts2020.MTRTestScenario1" time="72.752" errors="0" timestamp="14 Apr 2020 15:14:09 GMT">
  <testcase classname="com.nomisma.SAMTR_Scripts2020.MTRTestScenario1" name="funcSubmissionTestCase1" time="72.752"/>
</testsuite> <!-- com.nomisma.SAMTR_Scripts2020.MTRTestScenario1 -->
