<?xml version="1.0" encoding="UTF-8"?>
<!-- Generated by org.testng.reporters.JUnitReportReporter -->
<testsuite hostname="Nom_aNjali" failures="0" tests="1" name="com.nomisma.Business.ExpenseDebitNoteCls" time="61.047" errors="0" timestamp="1 Aug 2019 09:10:07 GMT">
  <testcase classname="com.nomisma.Business.ExpenseDebitNoteCls" name="funcExpenseDebitNote" time="61.047"/>
</testsuite> <!-- com.nomisma.Business.ExpenseDebitNoteCls -->
