<?xml version="1.0" encoding="UTF-8"?>
<!-- Generated by org.testng.reporters.JUnitReportReporter -->
<testsuite hostname="Nom_aNjali" failures="0" tests="1" name="com.nomisma.SAMTR_Scripts2019.MTRTestScenario79" time="112.624" errors="0" timestamp="9 Dec 2019 12:29:40 GMT">
  <testcase classname="com.nomisma.SAMTR_Scripts2019.MTRTestScenario79" name="funcTestCase79" time="112.624"/>
</testsuite> <!-- com.nomisma.SAMTR_Scripts2019.MTRTestScenario79 -->
