<?xml version="1.0" encoding="UTF-8"?>
<!-- Generated by org.testng.reporters.JUnitReportReporter -->
<testsuite hostname="Nom_aNjali" failures="0" tests="1" name="com.nomisma.SelfAssessment2019.PdfVerifyForBlind" time="167.596" errors="0" timestamp="1 Aug 2019 09:34:54 GMT">
  <testcase classname="com.nomisma.SelfAssessment2019.PdfVerifyForBlind" name="funcVerifyPdfForBlindClient" time="167.596"/>
</testsuite> <!-- com.nomisma.SelfAssessment2019.PdfVerifyForBlind -->
