<?xml version="1.0" encoding="UTF-8"?>
<!-- Generated by org.testng.reporters.JUnitReportReporter -->
<testsuite hostname="Nom_aNjali" failures="0" tests="2" name="com.nomisma.SAMTR_Scripts2020_Old.MTRTestScenario107" time="300.187" errors="0" timestamp="30 Jan 2020 04:18:19 GMT">
  <testcase classname="com.nomisma.SAMTR_Scripts2020_Old.MTRTestScenario107" name="funcDelTestCase107" time="182.841"/>
  <testcase classname="com.nomisma.SAMTR_Scripts2020_Old.MTRTestScenario107" name="funcAddTestCase107" time="117.346"/>
</testsuite> <!-- com.nomisma.SAMTR_Scripts2020_Old.MTRTestScenario107 -->
