<?xml version="1.0" encoding="UTF-8"?>
<!-- Generated by org.testng.reporters.JUnitReportReporter -->
<testsuite hostname="Nom_aNjali" failures="0" tests="1" name="com.nomisma.SAMTR_Scripts2020.MTRTestScenario10" time="220.396" errors="0" timestamp="14 Apr 2020 11:04:11 GMT">
  <testcase classname="com.nomisma.SAMTR_Scripts2020.MTRTestScenario10" name="funcSubmissionTestCase10" time="220.396"/>
</testsuite> <!-- com.nomisma.SAMTR_Scripts2020.MTRTestScenario10 -->
