<?xml version="1.0" encoding="UTF-8"?>
<!-- Generated by org.testng.reporters.JUnitReportReporter -->
<testsuite hostname="Nom_aNjali" failures="0" tests="1" name="com.nomisma.SAMTR_Scripts2020.MTRTestScenario128" time="128.553" errors="0" timestamp="14 Jan 2020 08:24:05 GMT">
  <testcase classname="com.nomisma.SAMTR_Scripts2020.MTRTestScenario128" name="funcAddTestCase128" time="128.553"/>
</testsuite> <!-- com.nomisma.SAMTR_Scripts2020.MTRTestScenario128 -->
