<?xml version="1.0" encoding="UTF-8"?>
<!-- Generated by org.testng.reporters.JUnitReportReporter -->
<testsuite hostname="Nom_aNjali" failures="0" tests="1" name="com.nomisma.SAMTR_Scripts2019.MTRTestScenario161New" time="91.767" errors="0" timestamp="12 Nov 2019 06:25:53 GMT">
  <testcase classname="com.nomisma.SAMTR_Scripts2019.MTRTestScenario161New" name="funcDelTestCase161" time="91.767"/>
</testsuite> <!-- com.nomisma.SAMTR_Scripts2019.MTRTestScenario161New -->
