<?xml version="1.0" encoding="UTF-8"?>
<!-- Generated by org.testng.reporters.JUnitReportReporter -->
<testsuite hostname="Nom_aNjali" failures="0" tests="1" name="com.nomisma.SAMTR_Scripts2020.MTRTestScenario21" time="69.473" errors="0" timestamp="16 Jan 2020 11:16:24 GMT">
  <testcase classname="com.nomisma.SAMTR_Scripts2020.MTRTestScenario21" name="funcAddTestCase21" time="69.473"/>
</testsuite> <!-- com.nomisma.SAMTR_Scripts2020.MTRTestScenario21 -->
