<?xml version="1.0" encoding="UTF-8"?>
<!-- Generated by org.testng.reporters.JUnitReportReporter -->
<testsuite hostname="Nom_aNjali" failures="0" tests="1" name="com.nomisma.SAMTR_Scripts2020.MTRTestScenario25" time="141.418" errors="0" timestamp="16 Jan 2020 12:18:35 GMT">
  <testcase classname="com.nomisma.SAMTR_Scripts2020.MTRTestScenario25" name="funcAddTestCase25" time="141.418"/>
</testsuite> <!-- com.nomisma.SAMTR_Scripts2020.MTRTestScenario25 -->
