<?xml version="1.0" encoding="UTF-8"?>
<!-- Generated by org.testng.reporters.JUnitReportReporter -->
<testsuite hostname="Nom_aNjali" failures="0" tests="1" name="com.nomisma.businesstypeScripts.SA800Trading_professionalIncome1" time="50.882" errors="0" timestamp="2 Dec 2019 07:27:43 GMT">
  <testcase classname="com.nomisma.businesstypeScripts.SA800Trading_professionalIncome1" name="funcVerify3SA800Boxes" time="50.882"/>
</testsuite> <!-- com.nomisma.businesstypeScripts.SA800Trading_professionalIncome1 -->
