<?xml version="1.0" encoding="UTF-8"?>
<!-- Generated by org.testng.reporters.JUnitReportReporter -->
<testsuite hostname="Nom_aNjali" failures="0" tests="1" name="com.nomisma.SelfAssessment2019.DelTestCase33FOR" time="95.887" errors="0" timestamp="12 Jul 2019 05:28:11 GMT">
  <testcase classname="com.nomisma.SelfAssessment2019.DelTestCase33FOR" name="delMtrTest33" time="95.887"/>
</testsuite> <!-- com.nomisma.SelfAssessment2019.DelTestCase33FOR -->
