<?xml version="1.0" encoding="UTF-8"?>
<!-- Generated by org.testng.reporters.JUnitReportReporter -->
<testsuite hostname="Nom_aNjali" failures="0" tests="1" name="com.nomisma.Business.DelInvoiveBKCls" time="40.971" errors="0" timestamp="1 Aug 2019 09:34:54 GMT">
  <testcase classname="com.nomisma.Business.DelInvoiveBKCls" name="funcDelInvoiveBK" time="40.971"/>
</testsuite> <!-- com.nomisma.Business.DelInvoiveBKCls -->
