<?xml version="1.0" encoding="UTF-8"?>
<!-- Generated by org.testng.reporters.JUnitReportReporter -->
<testsuite hostname="Nom_aNjali" failures="0" tests="2" name="com.nomisma.SAMTR_Scripts2019.MTRTestScenario202" time="109.104" errors="0" timestamp="22 Jan 2020 21:48:58 GMT">
  <testcase classname="com.nomisma.SAMTR_Scripts2019.MTRTestScenario202" name="funcDelTestCase202" time="65.038"/>
  <testcase classname="com.nomisma.SAMTR_Scripts2019.MTRTestScenario202" name="funcAddTestCase202" time="44.066"/>
</testsuite> <!-- com.nomisma.SAMTR_Scripts2019.MTRTestScenario202 -->
