<?xml version="1.0" encoding="UTF-8"?>
<!-- Generated by org.testng.reporters.JUnitReportReporter -->
<testsuite hostname="DESKTOP-ORUDN72" failures="0" tests="1" name="com.nomisma.scriptsAccountingScenarios.VerifyCustomerBalanceTest2" time="47.621" errors="0" timestamp="5 Jul 2019 15:27:12 GMT">
  <testcase classname="com.nomisma.scriptsAccountingScenarios.VerifyCustomerBalanceTest2" name="erifyCustomerBalance" time="47.621"/>
</testsuite> <!-- com.nomisma.scriptsAccountingScenarios.VerifyCustomerBalanceTest2 -->
