<?xml version="1.0" encoding="UTF-8"?>
<!-- Generated by org.testng.reporters.JUnitReportReporter -->
<testsuite hostname="Nom_aNjali" failures="0" tests="2" name="com.nomisma.SAMTR_Scripts2019.MTRTestScenario79_live" time="267.089" errors="0" timestamp="29 Nov 2019 04:06:43 GMT">
  <testcase classname="com.nomisma.SAMTR_Scripts2019.MTRTestScenario79_live" name="funcDelTestCase79" time="152.623"/>
  <testcase classname="com.nomisma.SAMTR_Scripts2019.MTRTestScenario79_live" name="funcTestCase79" time="114.466"/>
</testsuite> <!-- com.nomisma.SAMTR_Scripts2019.MTRTestScenario79_live -->
