<?xml version="1.0" encoding="UTF-8"?>
<!-- Generated by org.testng.reporters.JUnitReportReporter -->
<testsuite hostname="Nom_aNjali" failures="0" tests="1" name="com.nomisma.SAMTR_Scripts2020_Old.MTRTestScenario56" time="85.366" errors="0" timestamp="21 Jan 2020 13:01:32 GMT">
  <testcase classname="com.nomisma.SAMTR_Scripts2020_Old.MTRTestScenario56" name="funcAddTestCase56" time="85.366"/>
</testsuite> <!-- com.nomisma.SAMTR_Scripts2020_Old.MTRTestScenario56 -->
