<?xml version="1.0" encoding="UTF-8"?>
<!-- Generated by org.testng.reporters.JUnitReportReporter -->
<testsuite hostname="Nom_aNjali" failures="0" tests="2" name="com.nomisma.SAMTR_Scripts2020_SandboxPre.MTRTestScenario87" time="170.854" errors="0" timestamp="1 Apr 2020 09:21:22 GMT">
  <testcase classname="com.nomisma.SAMTR_Scripts2020_SandboxPre.MTRTestScenario87" name="funcDelTestCase87" time="86.671"/>
  <testcase classname="com.nomisma.SAMTR_Scripts2020_SandboxPre.MTRTestScenario87" name="funcAddTestCase87" time="84.183"/>
</testsuite> <!-- com.nomisma.SAMTR_Scripts2020_SandboxPre.MTRTestScenario87 -->
