<?xml version="1.0" encoding="UTF-8"?>
<!-- Generated by org.testng.reporters.JUnitReportReporter -->
<testsuite hostname="Nom_aNjali" failures="0" tests="2" name="com.nomisma.SAMTR_Scripts2020.MTRTestScenario64" time="266.461" errors="0" timestamp="1 Apr 2020 07:03:44 GMT">
  <testcase classname="com.nomisma.SAMTR_Scripts2020.MTRTestScenario64" name="funcDelTestCase64" time="133.050"/>
  <testcase classname="com.nomisma.SAMTR_Scripts2020.MTRTestScenario64" name="funcAddTestCase64" time="133.411"/>
</testsuite> <!-- com.nomisma.SAMTR_Scripts2020.MTRTestScenario64 -->
