<?xml version="1.0" encoding="UTF-8"?>
<!-- Generated by org.testng.reporters.JUnitReportReporter -->
<testsuite hostname="Nom_aNjali" failures="0" tests="2" name="com.nomisma.SAMTR_Scripts2019.MTRTestScenario110" time="130.523" errors="0" timestamp="22 Jan 2020 21:48:58 GMT">
  <testcase classname="com.nomisma.SAMTR_Scripts2019.MTRTestScenario110" name="funcDelTestCase110" time="75.869"/>
  <testcase classname="com.nomisma.SAMTR_Scripts2019.MTRTestScenario110" name="funcAddTestCase110" time="54.654"/>
</testsuite> <!-- com.nomisma.SAMTR_Scripts2019.MTRTestScenario110 -->
