<?xml version="1.0" encoding="UTF-8"?>
<!-- Generated by org.testng.reporters.JUnitReportReporter -->
<testsuite hostname="Nom_aNjali" failures="0" tests="2" name="com.nomisma.SAMTR_Scripts2019.MTRTestScenario172" time="142.169" errors="0" timestamp="22 Jan 2020 21:48:57 GMT">
  <testcase classname="com.nomisma.SAMTR_Scripts2019.MTRTestScenario172" name="funcDelTestCase172" time="81.857"/>
  <testcase classname="com.nomisma.SAMTR_Scripts2019.MTRTestScenario172" name="funcAddTestCase172" time="60.312"/>
</testsuite> <!-- com.nomisma.SAMTR_Scripts2019.MTRTestScenario172 -->
