<?xml version="1.0" encoding="UTF-8"?>
<!-- Generated by org.testng.reporters.JUnitReportReporter -->
<testsuite hostname="Nom_aNjali" failures="0" tests="1" name="com.nomisma.businesstypeScripts.SA800Trading_professionalIncome2" time="91.555" errors="0" timestamp="2 Dec 2019 11:33:04 GMT">
  <testcase classname="com.nomisma.businesstypeScripts.SA800Trading_professionalIncome2" name="funcVerify3SA800Boxes" time="91.555"/>
</testsuite> <!-- com.nomisma.businesstypeScripts.SA800Trading_professionalIncome2 -->
