<?xml version="1.0" encoding="UTF-8"?>
<!-- Generated by org.testng.reporters.JUnitReportReporter -->
<testsuite hostname="Nom_aNjali" failures="0" tests="2" name="com.nomisma.SAMTR_Scripts2019.MTRTestScenario48" time="132.828" errors="0" timestamp="22 Jan 2020 21:48:57 GMT">
  <testcase classname="com.nomisma.SAMTR_Scripts2019.MTRTestScenario48" name="funcTestCase48" time="56.074"/>
  <testcase classname="com.nomisma.SAMTR_Scripts2019.MTRTestScenario48" name="funcDelTestCase48" time="76.754"/>
</testsuite> <!-- com.nomisma.SAMTR_Scripts2019.MTRTestScenario48 -->
