<?xml version="1.0" encoding="UTF-8"?>
<!-- Generated by org.testng.reporters.JUnitReportReporter -->
<testsuite hostname="Nom_aNjali" failures="0" tests="1" name="com.nomisma.SAMTR_Scripts2019.MTRTestScenario57_Live" time="137.654" errors="0" timestamp="6 Nov 2019 08:28:02 GMT">
  <testcase classname="com.nomisma.SAMTR_Scripts2019.MTRTestScenario57_Live" name="funcDelTestCase57" time="137.654"/>
</testsuite> <!-- com.nomisma.SAMTR_Scripts2019.MTRTestScenario57_Live -->
