<?xml version="1.0" encoding="UTF-8"?>
<!-- Generated by org.testng.reporters.JUnitReportReporter -->
<testsuite hostname="Nom_aNjali" failures="0" tests="1" name="com.nomisma.SelfAssessment2019.VerifyClientListOnAccountantPage" time="25.263" errors="0" timestamp="22 Jan 2020 21:48:57 GMT">
  <testcase classname="com.nomisma.SelfAssessment2019.VerifyClientListOnAccountantPage" name="clientListVerifyFunc" time="25.263"/>
</testsuite> <!-- com.nomisma.SelfAssessment2019.VerifyClientListOnAccountantPage -->
