<?xml version="1.0" encoding="UTF-8"?>
<!-- Generated by org.testng.reporters.JUnitReportReporter -->
<testsuite hostname="Nom_aNjali" failures="0" tests="1" name="com.nomisma.scriptspayroll.FailedRTICountCheck" time="90.469" errors="0" timestamp="23 Mar 2020 15:26:55 GMT">
  <testcase classname="com.nomisma.scriptspayroll.FailedRTICountCheck" name="CountTest" time="90.469"/>
</testsuite> <!-- com.nomisma.scriptspayroll.FailedRTICountCheck -->
