<?xml version="1.0" encoding="UTF-8"?>
<!-- Generated by org.testng.reporters.JUnitReportReporter -->
<testsuite hostname="Nom_aNjali" failures="0" tests="1" name="com.nomisma.businesstypeScripts.AddNewPartner" time="42.755" errors="0" timestamp="26 Nov 2019 10:23:22 GMT">
  <testcase classname="com.nomisma.businesstypeScripts.AddNewPartner" name="funcAddNewPartner" time="42.755"/>
</testsuite> <!-- com.nomisma.businesstypeScripts.AddNewPartner -->
