<?xml version="1.0" encoding="UTF-8"?>
<!-- Generated by org.testng.reporters.JUnitReportReporter -->
<testsuite hostname="Nom_aNjali" failures="0" tests="1" name="com.nomisma.SAMTR_Scripts2019.MTRTestScenario167" time="86.534" errors="0" timestamp="7 Jan 2020 06:39:10 GMT">
  <testcase classname="com.nomisma.SAMTR_Scripts2019.MTRTestScenario167" name="funcAddTestCase167" time="86.534"/>
</testsuite> <!-- com.nomisma.SAMTR_Scripts2019.MTRTestScenario167 -->
