<?xml version="1.0" encoding="UTF-8"?>
<!-- Generated by org.testng.reporters.JUnitReportReporter -->
<testsuite hostname="NomismaSol" failures="0" tests="1" name="test.java.com.nomisma.scriptsCIS.CISDashboardTest" time="179.709" errors="0" timestamp="12 Jun 2018 03:32:46 GMT">
  <testcase classname="test.java.com.nomisma.scriptsCIS.CISDashboardTest" name="CISDashboard" time="179.709"/>
</testsuite> <!-- test.java.com.nomisma.scriptsCIS.CISDashboardTest -->
