<?xml version="1.0" encoding="UTF-8"?>
<!-- Generated by org.testng.reporters.JUnitReportReporter -->
<testsuite hostname="DESKTOP-ORUDN72" failures="0" tests="1" name="com.nomisma.Business.CreateBusinessCls" time="16.505" errors="0" timestamp="28 May 2019 10:40:55 GMT">
  <testcase classname="com.nomisma.Business.CreateBusinessCls" name="funcCreateBusiness" time="16.505"/>
</testsuite> <!-- com.nomisma.Business.CreateBusinessCls -->
