<?xml version="1.0" encoding="UTF-8"?>
<!-- Generated by org.testng.reporters.JUnitReportReporter -->
<testsuite hostname="Nom_aNjali" failures="0" tests="1" name="com.nomisma.SelfAssessment2019.ScheduledEmailTestCase" time="406.919" errors="0" timestamp="22 Jan 2020 21:48:59 GMT">
  <testcase classname="com.nomisma.SelfAssessment2019.ScheduledEmailTestCase" name="funcScheduledEmailCheck" time="406.919"/>
</testsuite> <!-- com.nomisma.SelfAssessment2019.ScheduledEmailTestCase -->
