<?xml version="1.0" encoding="UTF-8"?>
<!-- Generated by org.testng.reporters.JUnitReportReporter -->
<testsuite hostname="Nom_aNjali" failures="0" tests="1" name="com.nomisma.scriptspayroll.RunPayrollTest" time="88.920" errors="0" timestamp="23 Mar 2020 13:41:01 GMT">
  <testcase classname="com.nomisma.scriptspayroll.RunPayrollTest" name="runPayrollTest" time="88.920"/>
</testsuite> <!-- com.nomisma.scriptspayroll.RunPayrollTest -->
