<?xml version="1.0" encoding="UTF-8"?>
<!-- Generated by org.testng.reporters.JUnitReportReporter -->
<testsuite hostname="Nom_aNjali" failures="0" tests="1" name="com.nomisma.businesstypeScripts.Verify3_50TextBox" time="249.627" errors="0" timestamp="10 Dec 2019 11:42:31 GMT">
  <testcase classname="com.nomisma.businesstypeScripts.Verify3_50TextBox" name="funcVerify3_50BoxPTRFull" time="249.627"/>
</testsuite> <!-- com.nomisma.businesstypeScripts.Verify3_50TextBox -->
