<?xml version="1.0" encoding="UTF-8"?>
<!-- Generated by org.testng.reporters.JUnitReportReporter -->
<testsuite hostname="Nom_aNjali" failures="0" tests="1" name="com.nomisma.SAMTR_Scripts2019.MTRTestScenario87_live" time="122.405" errors="0" timestamp="28 Nov 2019 08:04:28 GMT">
  <testcase classname="com.nomisma.SAMTR_Scripts2019.MTRTestScenario87_live" name="funcAddTestCase87" time="122.405"/>
</testsuite> <!-- com.nomisma.SAMTR_Scripts2019.MTRTestScenario87_live -->
