<?xml version="1.0" encoding="UTF-8"?>
<!-- Generated by org.testng.reporters.JUnitReportReporter -->
<testsuite hostname="Nom_aNjali" failures="0" tests="1" name="com.nomisma.SAMTR_Scripts2020_SandboxPre.MTRTestScenario239" time="72.219" errors="0" timestamp="29 Mar 2020 14:58:21 GMT">
  <testcase classname="com.nomisma.SAMTR_Scripts2020_SandboxPre.MTRTestScenario239" name="funcAddTestCase239" time="72.219"/>
</testsuite> <!-- com.nomisma.SAMTR_Scripts2020_SandboxPre.MTRTestScenario239 -->
