<?xml version="1.0" encoding="UTF-8"?>
<!-- Generated by org.testng.reporters.JUnitReportReporter -->
<testsuite hostname="Nom_aNjali" failures="0" tests="2" name="com.nomisma.SAMTR_Scripts2020_SandboxPre.MTRTestScenario90" time="203.329" errors="0" timestamp="1 Apr 2020 09:11:19 GMT">
  <testcase classname="com.nomisma.SAMTR_Scripts2020_SandboxPre.MTRTestScenario90" name="funcAddTestCase90" time="102.531"/>
  <testcase classname="com.nomisma.SAMTR_Scripts2020_SandboxPre.MTRTestScenario90" name="funcDelTestCase90" time="100.798"/>
</testsuite> <!-- com.nomisma.SAMTR_Scripts2020_SandboxPre.MTRTestScenario90 -->
