<?xml version="1.0" encoding="UTF-8"?>
<!-- Generated by org.testng.reporters.JUnitReportReporter -->
<testsuite hostname="DESKTOP-ORUDN72" failures="0" tests="1" name="com.nomisma.scriptsvat.AddSupplierBillTest" time="30.846" errors="0" timestamp="5 Jul 2019 15:27:13 GMT">
  <testcase classname="com.nomisma.scriptsvat.AddSupplierBillTest" name="AddSupplierBill" time="30.846"/>
</testsuite> <!-- com.nomisma.scriptsvat.AddSupplierBillTest -->
