<?xml version="1.0" encoding="UTF-8"?>
<!-- Generated by org.testng.reporters.JUnitReportReporter -->
<testsuite hostname="Nom_aNjali" failures="0" tests="2" name="com.nomisma.SAMTR_Scripts2019.MTRTestScenario52" time="192.919" errors="0" timestamp="22 Jan 2020 21:48:57 GMT">
  <testcase classname="com.nomisma.SAMTR_Scripts2019.MTRTestScenario52" name="funcTestCase52" time="77.483"/>
  <testcase classname="com.nomisma.SAMTR_Scripts2019.MTRTestScenario52" name="funcDelTestCase52" time="115.436"/>
</testsuite> <!-- com.nomisma.SAMTR_Scripts2019.MTRTestScenario52 -->
