<?xml version="1.0" encoding="UTF-8"?>
<!-- Generated by org.testng.reporters.JUnitReportReporter -->
<testsuite hostname="Nom_aNjali" failures="0" tests="2" name="com.nomisma.SAMTR_Scripts2019.MTRTestScenario109" time="80.879" errors="0" timestamp="25 Oct 2019 11:05:06 GMT">
  <testcase classname="com.nomisma.SAMTR_Scripts2019.MTRTestScenario109" name="funcDelTestCase109" time="39.801"/>
  <testcase classname="com.nomisma.SAMTR_Scripts2019.MTRTestScenario109" name="funcAddTestCase109" time="41.078"/>
</testsuite> <!-- com.nomisma.SAMTR_Scripts2019.MTRTestScenario109 -->
