<?xml version="1.0" encoding="UTF-8"?>
<!-- Generated by org.testng.reporters.JUnitReportReporter -->
<testsuite hostname="Nom_aNjali" failures="0" tests="1" name="com.nomisma.SAMTR_Scripts2020_Old.MTRTestScenario68" time="76.618" errors="0" timestamp="23 Jan 2020 05:46:15 GMT">
  <testcase classname="com.nomisma.SAMTR_Scripts2020_Old.MTRTestScenario68" name="funcAddTestCase68" time="76.618"/>
</testsuite> <!-- com.nomisma.SAMTR_Scripts2020_Old.MTRTestScenario68 -->
