<?xml version="1.0" encoding="UTF-8"?>
<!-- Generated by org.testng.reporters.JUnitReportReporter -->
<testsuite hostname="Nom_aNjali" failures="0" tests="2" name="com.nomisma.SAMTR_Scripts2019.MTRTestScenario56" time="202.774" errors="0" timestamp="22 Jan 2020 21:48:57 GMT">
  <testcase classname="com.nomisma.SAMTR_Scripts2019.MTRTestScenario56" name="funcDelTestCase56" time="131.629"/>
  <testcase classname="com.nomisma.SAMTR_Scripts2019.MTRTestScenario56" name="funcAddTestCase56" time="71.145"/>
</testsuite> <!-- com.nomisma.SAMTR_Scripts2019.MTRTestScenario56 -->
