<?xml version="1.0" encoding="UTF-8"?>
<!-- Generated by org.testng.reporters.JUnitReportReporter -->
<testsuite hostname="Nom_aNjali" failures="0" tests="2" name="com.nomisma.SAMTR_Scripts2019.MTRTestScenario151" time="221.880" errors="0" timestamp="22 Jan 2020 21:48:58 GMT">
  <testcase classname="com.nomisma.SAMTR_Scripts2019.MTRTestScenario151" name="funcAddTestCase151" time="82.225"/>
  <testcase classname="com.nomisma.SAMTR_Scripts2019.MTRTestScenario151" name="funcDelDataTestCase151" time="139.655"/>
</testsuite> <!-- com.nomisma.SAMTR_Scripts2019.MTRTestScenario151 -->
