<?xml version="1.0" encoding="UTF-8"?>
<!-- Generated by org.testng.reporters.JUnitReportReporter -->
<testsuite hostname="Nom_aNjali" failures="0" tests="1" name="com.nomisma.SAMTR_Scripts2019.MTRTestScenario160_live" time="71.592" errors="0" timestamp="29 Nov 2019 07:56:23 GMT">
  <testcase classname="com.nomisma.SAMTR_Scripts2019.MTRTestScenario160_live" name="funcAddTestCase160" time="71.592"/>
</testsuite> <!-- com.nomisma.SAMTR_Scripts2019.MTRTestScenario160_live -->
