<?xml version="1.0" encoding="UTF-8"?>
<!-- Generated by org.testng.reporters.JUnitReportReporter -->
<testsuite hostname="Nom_aNjali" failures="0" tests="1" name="com.nomisma.SAMTR_Scripts2020_Old.MTRTestScenario115" time="88.705" errors="0" timestamp="30 Jan 2020 10:17:18 GMT">
  <testcase classname="com.nomisma.SAMTR_Scripts2020_Old.MTRTestScenario115" name="funcTestCase115" time="88.705"/>
</testsuite> <!-- com.nomisma.SAMTR_Scripts2020_Old.MTRTestScenario115 -->
