<?xml version="1.0" encoding="UTF-8"?>
<!-- Generated by org.testng.reporters.JUnitReportReporter -->
<testsuite hostname="Nom_aNjali" failures="0" tests="2" name="com.nomisma.SAMTR_Scripts2019.MTRTestScenario179" time="209.752" errors="0" timestamp="22 Jan 2020 21:48:57 GMT">
  <testcase classname="com.nomisma.SAMTR_Scripts2019.MTRTestScenario179" name="funcAddTestCase179" time="94.485"/>
  <testcase classname="com.nomisma.SAMTR_Scripts2019.MTRTestScenario179" name="funcDelTestCase179" time="115.267"/>
</testsuite> <!-- com.nomisma.SAMTR_Scripts2019.MTRTestScenario179 -->
