<?xml version="1.0" encoding="UTF-8"?>
<!-- Generated by org.testng.reporters.JUnitReportReporter -->
<testsuite hostname="Nom_aNjali" failures="0" tests="1" name="com.nomisma.SAMTR_Scripts2019.MTRTestScenario64_Live" time="111.504" errors="0" timestamp="6 Nov 2019 08:44:27 GMT">
  <testcase classname="com.nomisma.SAMTR_Scripts2019.MTRTestScenario64_Live" name="funcDelTestCase64" time="111.504"/>
</testsuite> <!-- com.nomisma.SAMTR_Scripts2019.MTRTestScenario64_Live -->
