<?xml version="1.0" encoding="UTF-8"?>
<!-- Generated by org.testng.reporters.JUnitReportReporter -->
<testsuite hostname="DESKTOP-ORUDN72" failures="0" tests="1" name="com.nomisma.Business.AddVATOnlySupplierBillCLS" time="47.499" errors="0" timestamp="30 May 2019 18:13:57 GMT">
  <testcase classname="com.nomisma.Business.AddVATOnlySupplierBillCLS" name="funcAddVATOnlySupplierBill" time="47.499"/>
</testsuite> <!-- com.nomisma.Business.AddVATOnlySupplierBillCLS -->
