<?xml version="1.0" encoding="UTF-8"?>
<!-- Generated by org.testng.reporters.JUnitReportReporter -->
<testsuite hostname="Nom_aNjali" failures="0" tests="2" name="com.nomisma.SAMTR_Scripts2020_Old.MTRTestScenario40" time="266.725" errors="0" timestamp="20 Jan 2020 10:36:14 GMT">
  <testcase classname="com.nomisma.SAMTR_Scripts2020_Old.MTRTestScenario40" name="funcTestCase40" time="203.258"/>
  <testcase classname="com.nomisma.SAMTR_Scripts2020_Old.MTRTestScenario40" name="funcDelTestCase40" time="63.467"/>
</testsuite> <!-- com.nomisma.SAMTR_Scripts2020_Old.MTRTestScenario40 -->
