<?xml version="1.0" encoding="UTF-8"?>
<!-- Generated by org.testng.reporters.JUnitReportReporter -->
<testsuite hostname="Nom_aNjali" failures="0" tests="2" name="com.nomisma.scriptspayroll.AddEmployeeTest" time="114.264" errors="0" timestamp="6 Apr 2020 07:04:15 GMT">
  <testcase classname="com.nomisma.scriptspayroll.AddEmployeeTest" name="addFemaleEmployeeTest" time="58.915"/>
  <testcase classname="com.nomisma.scriptspayroll.AddEmployeeTest" name="addMaleEmployeeTest" time="55.349"/>
</testsuite> <!-- com.nomisma.scriptspayroll.AddEmployeeTest -->
