<?xml version="1.0" encoding="UTF-8"?>
<!-- Generated by org.testng.reporters.JUnitReportReporter -->
<testsuite hostname="Nom_aNjali" failures="0" tests="1" name="com.nomisma.SAMTR_Scripts2019.MTRTestScenario96_live" time="102.336" errors="0" timestamp="28 Nov 2019 08:40:35 GMT">
  <testcase classname="com.nomisma.SAMTR_Scripts2019.MTRTestScenario96_live" name="funcAddTestCase96" time="102.336"/>
</testsuite> <!-- com.nomisma.SAMTR_Scripts2019.MTRTestScenario96_live -->
