<?xml version="1.0" encoding="UTF-8"?>
<!-- Generated by org.testng.reporters.JUnitReportReporter -->
<testsuite hostname="Nom_aNjali" failures="0" tests="1" name="com.nomisma.SAMTR_Scripts2019.MTRTestScenario131_live" time="67.790" errors="0" timestamp="29 Nov 2019 07:51:11 GMT">
  <testcase classname="com.nomisma.SAMTR_Scripts2019.MTRTestScenario131_live" name="funcAddTestCase131" time="67.790"/>
</testsuite> <!-- com.nomisma.SAMTR_Scripts2019.MTRTestScenario131_live -->
