<?xml version="1.0" encoding="UTF-8"?>
<!-- Generated by org.testng.reporters.JUnitReportReporter -->
<testsuite hostname="Nom_aNjali" failures="0" tests="1" name="com.nomisma.SAMTR_Scripts2019.MTRTestScenario43_live" time="96.771" errors="0" timestamp="29 Nov 2019 04:00:29 GMT">
  <testcase classname="com.nomisma.SAMTR_Scripts2019.MTRTestScenario43_live" name="funcAddTestCase43" time="96.771"/>
</testsuite> <!-- com.nomisma.SAMTR_Scripts2019.MTRTestScenario43_live -->
