<?xml version="1.0" encoding="UTF-8"?>
<!-- Generated by org.testng.reporters.JUnitReportReporter -->
<testsuite hostname="Nom_aNjali" failures="0" tests="2" name="com.nomisma.SAMTR_Scripts2019.MTRTestScenario182" time="100.931" errors="0" timestamp="22 Jan 2020 21:48:58 GMT">
  <testcase classname="com.nomisma.SAMTR_Scripts2019.MTRTestScenario182" name="funcDelTestCase182" time="51.208"/>
  <testcase classname="com.nomisma.SAMTR_Scripts2019.MTRTestScenario182" name="funcTestCase182" time="49.723"/>
</testsuite> <!-- com.nomisma.SAMTR_Scripts2019.MTRTestScenario182 -->
