<?xml version="1.0" encoding="UTF-8"?>
<!-- Generated by org.testng.reporters.JUnitReportReporter -->
<testsuite hostname="Nom_aNjali" failures="0" tests="1" name="com.nomisma.SAMTR_Scripts2019.MTRTestScenario61" time="99.973" errors="0" timestamp="27 Jan 2020 05:53:18 GMT">
  <testcase classname="com.nomisma.SAMTR_Scripts2019.MTRTestScenario61" name="funcDelTestCase61" time="99.973"/>
</testsuite> <!-- com.nomisma.SAMTR_Scripts2019.MTRTestScenario61 -->
