<?xml version="1.0" encoding="UTF-8"?>
<!-- Generated by org.testng.reporters.JUnitReportReporter -->
<testsuite hostname="Nom_aNjali" failures="0" tests="1" name="com.nomisma.SAMTR_Scripts2019.MTRTestScenario93" time="69.874" errors="0" timestamp="10 Dec 2019 10:27:20 GMT">
  <testcase classname="com.nomisma.SAMTR_Scripts2019.MTRTestScenario93" name="funcAddTestCase93" time="69.874"/>
</testsuite> <!-- com.nomisma.SAMTR_Scripts2019.MTRTestScenario93 -->
