<?xml version="1.0" encoding="UTF-8"?>
<!-- Generated by org.testng.reporters.JUnitReportReporter -->
<testsuite hostname="Nom_aNjali" failures="0" tests="1" name="com.nomisma.SAMTR_Scripts2019.MTRTestScenario17_live" time="117.209" errors="0" timestamp="29 Nov 2019 10:04:44 GMT">
  <testcase classname="com.nomisma.SAMTR_Scripts2019.MTRTestScenario17_live" name="funcAddTestCase17" time="117.209"/>
</testsuite> <!-- com.nomisma.SAMTR_Scripts2019.MTRTestScenario17_live -->
