<?xml version="1.0" encoding="UTF-8"?>
<!-- Generated by org.testng.reporters.JUnitReportReporter -->
<testsuite hostname="Nom_aNjali" failures="0" tests="2" name="com.nomisma.SAMTR_Scripts2019.MTRTestScenario82" time="119.434" errors="0" timestamp="22 Jan 2020 21:48:57 GMT">
  <testcase classname="com.nomisma.SAMTR_Scripts2019.MTRTestScenario82" name="funcAddTestCase82" time="59.752"/>
  <testcase classname="com.nomisma.SAMTR_Scripts2019.MTRTestScenario82" name="funcDelTestCase82" time="59.682"/>
</testsuite> <!-- com.nomisma.SAMTR_Scripts2019.MTRTestScenario82 -->
