<?xml version="1.0" encoding="UTF-8"?>
<!-- Generated by org.testng.reporters.JUnitReportReporter -->
<testsuite hostname="Deepika-2AT30NI" failures="0" tests="1" name="tests.testcaseSELFEMP46_DefaultProfile2" time="167.804" errors="0" timestamp="2021-10-28T21:49:16 IST" skipped="0">
  <testcase classname="tests.testcaseSELFEMP46_DefaultProfile2" name="GoToUrlusernamepositiveinputPositiveEnterctl00cPHpassClickLoginPositiveEnterctl00cPHFiltertxtAg" time="167.804"/>
  <system-out>
Tax year : 2019-20 Turnover:89880 OtherBusinessIncome:20000 CostOfGoods:6500 CarVanAndTravelExpenses:95 RentAndOtherPropertyCosts:23600 PhoneAndOtherOfficeCosts:640 AdvertisingAndEntertainmentCosts:120.00 AccountancyAndLegalFees:150.50 Bank, credit card and other financial charges:65.75 Repairs and maintenance of property and equipment:240 DepreciationAndLossProfitOnSale:30000 OtherBusinessExpenses:18310 TotalExpenses:130096.25 TotalDisallowableExpenses:31510 NetProfitLoss:20216.25 AdditionsToNetProfitDeductionsFromNetLoss:31510 NetBusinessProfitLossForTax:11293.75 AdjustedProfitForTheYear:11293.75 TotalTaxableBusinessProfits:11293.75 EquipmentMachineryVehicles:-30000 TotalBusinessAssets:66580 OtherLiabilities:86796.25 NetBusinessAssets:-20216.25 CapitalAccountBalanceAtEnd:20216.25 Error! Value in box 83 can not be negative, please check the input in bookkeeping module.  </system-out>
</testsuite> <!-- tests.testcaseSELFEMP46_DefaultProfile2 -->
