<?xml version="1.0" encoding="UTF-8"?>
<!-- Generated by org.testng.reporters.JUnitReportReporter -->
<testsuite hostname="Deepika-2AT30NI" failures="0" tests="1" name="tests.testcase175_DefaultProfile2" time="89.022" errors="0" timestamp="2021-10-13T18:04:23 IST" skipped="0">
  <testcase classname="tests.testcase175_DefaultProfile2" name="GoToUrlusernamepositiveinputPositiveEnterctl00cPHpassClickLoginPositiveEnterctl00cPHFiltertxtAg" time="89.022"/>
  <system-out>
Income tax due verified successfully: 57509.7 Amount of Notional tax is verified successfully27000.0 Balance Tax for the year verified successfully: 13734.71  </system-out>
</testsuite> <!-- tests.testcase175_DefaultProfile2 -->
