<?xml version="1.0" encoding="UTF-8"?>
<!-- Generated by org.testng.reporters.JUnitReportReporter -->
<testsuite hostname="Deepika-2AT30NI" failures="0" tests="1" name="tests.Businesssignupnew_DefaultProfile" time="32.791" errors="0" timestamp="2021-06-28T17:52:21 IST" skipped="0">
  <testcase classname="tests.Businesssignupnew_DefaultProfile" name="GoToUrlClickFreeTrialPositiveEnterNameFirstPositiveEnterNameLastPositiveEnterPhoneNumbercountry" time="32.791"/>
  <system-out>
Free trial registration done email sign in verified password reset done  login into application done click on subscribe button done User agreed to terms and services verified  </system-out>
</testsuite> <!-- tests.Businesssignupnew_DefaultProfile -->
