<?xml version="1.0" encoding="UTF-8"?>
<!-- Generated by org.testng.reporters.JUnitReportReporter -->
<testsuite hostname="Deepika-2AT30NI" failures="0" tests="1" name="tests.testcase47_DefaultProfile2" time="89.975" errors="0" timestamp="2021-10-13T18:04:25 IST" skipped="0">
  <testcase classname="tests.testcase47_DefaultProfile2" name="GoToUrlusernamepositiveinputPositiveEnterctl00cPHpassClickLoginPositiveEnterctl00cPHFiltertxtAg" time="89.975"/>
  <system-out>
Income tax due verified successfully: 10003.25 Amount of Relief For Finance Costs is verifired successfully208.0 Balance Tax for the year verified successfully: 5109.0  </system-out>
</testsuite> <!-- tests.testcase47_DefaultProfile2 -->
