<?xml version="1.0" encoding="UTF-8"?>
<!-- Generated by org.testng.reporters.JUnitReportReporter -->
<testsuite hostname="Deepika-2AT30NI" failures="0" tests="1" name="tests.testcase27_DefaultProfile2" time="93.090" errors="0" timestamp="2021-10-13T18:04:25 IST" skipped="0">
  <testcase classname="tests.testcase27_DefaultProfile2" name="GoToUrlusernamepositiveinputPositiveEnterctl00cPHpassClickLoginPositiveEnterctl00cPHFiltertxtAg" time="93.090"/>
  <system-out>
Income tax due verified successfully: 6537.87 Balance Tax for the year verified successfully: 5835.87  </system-out>
</testsuite> <!-- tests.testcase27_DefaultProfile2 -->
