<?xml version="1.0" encoding="UTF-8"?>
<!-- Generated by org.testng.reporters.JUnitReportReporter -->
<testsuite hostname="Deepika-2AT30NI" failures="0" tests="1" name="tests.testcase195_DefaultProfile2" time="102.091" errors="0" timestamp="2021-10-13T18:04:22 IST" skipped="0">
  <testcase classname="tests.testcase195_DefaultProfile2" name="GoToUrlusernamepositiveinputPositiveEnterctl00cPHpassClickLoginPositiveEnterctl00cPHFiltertxtAg" time="102.091"/>
  <system-out>
Income tax due verified successfully: 11016.0 Balance Tax for the year verified successfully: 3652.6  </system-out>
</testsuite> <!-- tests.testcase195_DefaultProfile2 -->
