<?xml version="1.0" encoding="UTF-8"?>
<!-- Generated by org.testng.reporters.JUnitReportReporter -->
<testsuite hostname="Deepika-2AT30NI" failures="0" tests="1" name="tests.testcasePENCNTR_DefaultProfile2" time="81.602" errors="0" timestamp="2021-07-08T07:58:46 IST" skipped="0">
  <testcase classname="tests.testcasePENCNTR_DefaultProfile2" name="GoToUrlusernamepositiveinputPositiveEnterctl00cPHpassClickLoginPositiveEnterctl00cPHFiltertxtAg" time="81.602"/>
  <system-out>
Pensions PaymentsToRegisteredPensionSchemes:1000.00 RetirementAnnuityContractPayments:2000.00 EmployerPensionSchemePayments:3000.00 NonUKOverseasPensionSchemePayments:4000.00  </system-out>
</testsuite> <!-- tests.testcasePENCNTR_DefaultProfile2 -->
