<?xml version="1.0" encoding="UTF-8"?>
<!-- Generated by org.testng.reporters.JUnitReportReporter -->
<testsuite hostname="Deepika-2AT30NI" failures="0" tests="1" name="tests.testcase52_DefaultProfile2" time="75.586" errors="0" timestamp="2021-05-20T18:36:32 IST" skipped="0">
  <testcase classname="tests.testcase52_DefaultProfile2" name="GoToUrlusernamepositiveinputPositiveEnterctl00cPHpassClickLoginPositiveEnterctl00cPHFiltertxtAg" time="75.586"/>
  <system-out>
Income tax due verified successfully: 168358.25 Balance Tax for the year verified successfully: 100172.05  </system-out>
</testsuite> <!-- tests.testcase52_DefaultProfile2 -->
