<?xml version="1.0" encoding="UTF-8"?>
<!-- Generated by org.testng.reporters.JUnitReportReporter -->
<testsuite hostname="Deepika-2AT30NI" failures="0" tests="1" name="tests.testcase66_DefaultProfile2" time="81.588" errors="0" timestamp="2021-10-13T18:04:24 IST" skipped="0">
  <testcase classname="tests.testcase66_DefaultProfile2" name="GoToUrlusernamepositiveinputPositiveEnterctl00cPHpassClickLoginPositiveEnterctl00cPHFiltertxtAg" time="81.588"/>
  <system-out>
Income tax due verified successfully: 946.25 Balance Tax for the year verified successfully: -453.75  </system-out>
</testsuite> <!-- tests.testcase66_DefaultProfile2 -->
