<?xml version="1.0" encoding="UTF-8"?>
<!-- Generated by org.testng.reporters.JUnitReportReporter -->
<testsuite hostname="Deepika-2AT30NI" failures="0" tests="1" name="tests.testcase136_DefaultProfile2" time="85.275" errors="0" timestamp="2021-10-13T18:04:22 IST" skipped="0">
  <testcase classname="tests.testcase136_DefaultProfile2" name="GoToUrlusernamepositiveinputPositiveEnterctl00cPHpassClickLoginPositiveEnterctl00cPHFiltertxtAg" time="85.275"/>
  <system-out>
Income tax due verified successfully: 6271.6 Balance Tax for the year verified successfully: 7219.0  </system-out>
</testsuite> <!-- tests.testcase136_DefaultProfile2 -->
