<?xml version="1.0" encoding="UTF-8"?>
<!-- Generated by org.testng.reporters.JUnitReportReporter -->
<testsuite hostname="Deepika-2AT30NI" failures="0" tests="1" name="tests.testcase206_DefaultProfile2" time="101.250" errors="0" timestamp="2021-06-10T14:19:12 IST" skipped="0">
  <testcase classname="tests.testcase206_DefaultProfile2" name="GoToUrlusernamepositiveinputPositiveEnterctl00cPHpassClickLoginPositiveEnterctl00cPHFiltertxtAg" time="101.250"/>
  <system-out>
Income tax due verified successfully: 120866.12 Balance Tax for the year verified successfully: 33061.52  </system-out>
</testsuite> <!-- tests.testcase206_DefaultProfile2 -->
