<?xml version="1.0" encoding="UTF-8"?>
<!-- Generated by org.testng.reporters.JUnitReportReporter -->
<testsuite hostname="Deepika-2AT30NI" failures="0" tests="2" name="tests.testcaseSELFEMP18_DefaultProfile2" time="271.977" errors="0" timestamp="2021-10-22T01:15:28 IST" skipped="0">
  <testcase classname="tests.testcaseSELFEMP18_DefaultProfile2" name="GoToUrlusernamepositiveinputPositiveEnterctl00cPHpassClickLoginPositiveEnterctl00cPHFiltertxtAg" time="134.530"/>
  <system-out>
Tax year : 2018-19 Turnover:16800 Success ! Tax return is validated AllowableBusinessExpenses CarVanAndTravelExpenses:-650 DebtsWrittenOff:600 AdvertisingAndEntertainmentCosts:550 BankAndLoanInterest:295 DepreciationAndLossProfitOnSale:2350 OtherBusinessExpenses:6650 TotalExpenses:10800 DisallowableCarAndTravelExpenses:100 DisallowableAdvertisingAndEntertainmentCosts:200  DisallowableDebtsWrittenOff:300 DisallowableDepreciationAndLossProfitOnSale:400 DisallowableOtherBusinessExpenses:500 DisallowableOtherBusinessExpenses:1500 NetProfitOrLoss:6000 AdditionsToNetProfitDeductionsFromNetLoss:1500 NetBusinessProfitLossForTax:7500 AdjustedProfitForTheYear:7500 TotalTaxableBusinessProfits:7500 OtherCurrentAssets:6000 TotalBusinessAssets:6000 NetBusinessAssets:-6000 NetProfitOrLoss:-6000 CapitalAccountBalanceAtEnd:-6000  </system-out>
  <testcase classname="tests.testcaseSELFEMP18_DefaultProfile2" name="GoToUrlusernamepositiveinputPositiveEnterctl00cPHpassClickLoginPositiveEnterctl00cPHFiltertxtAg" time="137.447"/>
  <system-out>
Tax year : 2018-19 Turnover:16800 Success ! Tax return is validated AllowableBusinessExpenses CarVanAndTravelExpenses:-650 DebtsWrittenOff:600 AdvertisingAndEntertainmentCosts:550 BankAndLoanInterest:295 DepreciationAndLossProfitOnSale:2350 OtherBusinessExpenses:6650 TotalExpenses:10800 DisallowableCarAndTravelExpenses:100 DisallowableAdvertisingAndEntertainmentCosts:200  DisallowableDebtsWrittenOff:300 DisallowableDepreciationAndLossProfitOnSale:400 DisallowableOtherBusinessExpenses:500 DisallowableOtherBusinessExpenses:1500 NetProfitOrLoss:6000 AdditionsToNetProfitDeductionsFromNetLoss:1500 NetBusinessProfitLossForTax:7500 AdjustedProfitForTheYear:7500 TotalTaxableBusinessProfits:7500 OtherCurrentAssets:6000 TotalBusinessAssets:6000 NetBusinessAssets:-6000 NetProfitOrLoss:-6000 CapitalAccountBalanceAtEnd:-6000  </system-out>
</testsuite> <!-- tests.testcaseSELFEMP18_DefaultProfile2 -->
