<?xml version="1.0" encoding="UTF-8"?>
<!-- Generated by org.testng.reporters.JUnitReportReporter -->
<testsuite hostname="Deepika-2AT30NI" failures="0" tests="1" name="tests.testcase58_DefaultProfile2" time="86.773" errors="0" timestamp="2021-10-13T18:04:25 IST" skipped="0">
  <testcase classname="tests.testcase58_DefaultProfile2" name="GoToUrlusernamepositiveinputPositiveEnterctl00cPHpassClickLoginPositiveEnterctl00cPHFiltertxtAg" time="86.773"/>
  <system-out>
Income tax due verified successfully: 32741.08 Amount of Relief For Finance Costs is verified successfully24.0 Balance Tax for the year verified successfully: 35097.26  </system-out>
</testsuite> <!-- tests.testcase58_DefaultProfile2 -->
