<?xml version="1.0" encoding="UTF-8"?>
<!-- Generated by org.testng.reporters.JUnitReportReporter -->
<testsuite hostname="Deepika-2AT30NI" failures="0" tests="1" name="tests.testcaseUNDRPAID_DefaultProfile2" time="78.678" errors="0" timestamp="2021-07-08T07:58:46 IST" skipped="0">
  <testcase classname="tests.testcaseUNDRPAID_DefaultProfile2" name="GoToUrlusernamepositiveinputPositiveEnterctl00cPHpassClickLoginPositiveEnterctl00cPHFiltertxtAg" time="78.678"/>
  <system-out>
UnderpaidTaxForEarlierYearsIncludedInCode:100.00 UnderpaidTaxForYearIncludedInFutureCode:200.00 OutstandingDebtCodedOutAmount:300.00  </system-out>
</testsuite> <!-- tests.testcaseUNDRPAID_DefaultProfile2 -->
