<?xml version="1.0" encoding="UTF-8"?>
<!-- Generated by org.testng.reporters.JUnitReportReporter -->
<testsuite hostname="Deepika-2AT30NI" failures="0" tests="1" name="tests.testcase84_DefaultProfile2" time="85.323" errors="0" timestamp="2021-10-13T18:04:24 IST" skipped="0">
  <testcase classname="tests.testcase84_DefaultProfile2" name="GoToUrlusernamepositiveinputPositiveEnterctl00cPHpassClickLoginPositiveEnterctl00cPHFiltertxtAg" time="85.323"/>
  <system-out>
Income tax due verified successfully: 8694.4 Amount of Relief For Finance Costs is verified successfully180.0 Notinal Tax verified successfully: 842.6 Balance Tax for the year verified successfully: 67447.29  </system-out>
</testsuite> <!-- tests.testcase84_DefaultProfile2 -->
