<?xml version="1.0" encoding="UTF-8"?>
<!-- Generated by org.testng.reporters.JUnitReportReporter -->
<testsuite hostname="Deepika-2AT30NI" failures="0" tests="1" name="tests.notstartedworkstatusverification_DefaultProfile" time="10.119" errors="0" timestamp="2021-07-29T15:15:00 IST" skipped="0">
  <testcase classname="tests.notstartedworkstatusverification_DefaultProfile" name="GoToUrlusernamepositiveinputPositiveEnterctl00cPHpassClickLoginPositiveEnterctl00cPHFiltertxtAg" time="10.119"/>
  <system-out/>
</testsuite> <!-- tests.notstartedworkstatusverification_DefaultProfile -->
