<?xml version="1.0" encoding="UTF-8"?>
<!-- Generated by org.testng.reporters.JUnitReportReporter -->
<testsuite hostname="Deepika-2AT30NI" failures="0" tests="1" name="tests.testcasePROPERTY2_DefaultProfile2" time="80.083" errors="0" timestamp="2021-07-08T07:58:46 IST" skipped="0">
  <testcase classname="tests.testcasePROPERTY2_DefaultProfile2" name="GoToUrlusernamepositiveinputPositiveEnterctl00cPHpassClickLoginPositiveEnterctl00cPHFiltertxtAg" time="80.083"/>
  <system-out>
SA105 UKPropertyDetails NumberOfProperties:1 FurnishedHolidayLettings FurnishedHolidayLettingsIncome:1000.00 FurnishedHolidayLettingsExpenses:2000.00 LossForYear:1000.00 InEEA:yes  </system-out>
</testsuite> <!-- tests.testcasePROPERTY2_DefaultProfile2 -->
