<?xml version="1.0" encoding="UTF-8"?>
<!-- Generated by org.testng.reporters.JUnitReportReporter -->
<testsuite hostname="Deepika-2AT30NI" failures="0" tests="1" name="tests.testcase61_DefaultProfile2" time="85.007" errors="0" timestamp="2021-10-13T18:04:25 IST" skipped="0">
  <testcase classname="tests.testcase61_DefaultProfile2" name="GoToUrlusernamepositiveinputPositiveEnterctl00cPHpassClickLoginPositiveEnterctl00cPHFiltertxtAg" time="85.007"/>
  <system-out>
Income tax due verified successfully: 9435.0 Balance Tax for the year verified successfully: 2311.5  </system-out>
</testsuite> <!-- tests.testcase61_DefaultProfile2 -->
