<?xml version="1.0" encoding="UTF-8"?>
<!-- Generated by org.testng.reporters.JUnitReportReporter -->
<testsuite hostname="Deepika-2AT30NI" failures="0" tests="1" name="tests.testcase72_DefaultProfile2" time="137.768" errors="0" timestamp="2021-10-13T18:04:22 IST" skipped="0">
  <testcase classname="tests.testcase72_DefaultProfile2" name="GoToUrlusernamepositiveinputPositiveEnterctl00cPHpassClickLoginPositiveEnterctl00cPHFiltertxtAg" time="137.768"/>
  <system-out>
Income tax due verified successfully: 2547.85 Amount of Relief For Finance Costs is verifired successfully393.0 Balance Tax for the year verified successfully: 510.75  </system-out>
</testsuite> <!-- tests.testcase72_DefaultProfile2 -->
