<?xml version="1.0" encoding="UTF-8"?>
<!-- Generated by org.testng.reporters.JUnitReportReporter -->
<testsuite hostname="Deepika-2AT30NI" failures="0" tests="1" name="tests.testcase11_DefaultProfile2" time="83.000" errors="0" timestamp="2021-10-13T18:04:25 IST" skipped="0">
  <testcase classname="tests.testcase11_DefaultProfile2" name="GoToUrlusernamepositiveinputPositiveEnterctl00cPHpassClickLoginPositiveEnterctl00cPHFiltertxtAg" time="83.000"/>
  <system-out>
Income tax due verified successfully: 6676.58 Balance Tax for the year verified successfully: 4176.58  </system-out>
</testsuite> <!-- tests.testcase11_DefaultProfile2 -->
