<?xml version="1.0" encoding="UTF-8"?>
<!-- Generated by org.testng.reporters.JUnitReportReporter -->
<testsuite hostname="Deepika-2AT30NI" failures="0" tests="1" name="tests.testcaseSELFEMP44_DefaultProfile2" time="165.831" errors="0" timestamp="2021-10-28T21:49:16 IST" skipped="0">
  <testcase classname="tests.testcaseSELFEMP44_DefaultProfile2" name="GoToUrlusernamepositiveinputPositiveEnterctl00cPHpassClickLoginPositiveEnterctl00cPHFiltertxtAg" time="165.831"/>
  <system-out>
Tax year : 2019-20 BusinessName:SA-1964 Case 2 BusinessDescription:test BusinessAddressFirstLine:ABC BAC  BusinessAddressPostcode:e14 9px DateAccountingPeriodStarts:2020-04-06 DateAccountingPeriodEnds:2021-04-05 Turnover:84363.59 OtherBusinessIncome:1000 WagesSalariesAndStaffCosts:29668.09 CostOfGoods:11663.71 CarVanAndTravelExpenses:1601.01 RentAndOtherPropertyCosts:11532.42 RepairsAndMaintenanceCosts:1113.34 PhoneAndOtherOfficeCosts:1776.21 AdvertisingAndEntertainmentCosts:278.40 OtherFinanceCharges:654.01 AccountancyAndLegalFees:1388 DepreciationAndLossProfitOnSale:911.45 OtherBusinessExpenses:5867.97 TotalExpenses:66454.61 DisallowableCostOfGoods:10.00 DisallowableStaffCosts:30.00 DisallowableCarAndTravelExpenses:40.00 DisallowableRentAndOtherPropertyCosts:50.00 DisallowableRepairsAndMaintenanceCosts:60.00 DisallowablePhoneAndOtherOfficeCosts:70.00 DisallowableAdvertisingAndEntertainmentCosts:80.00 DisallowableBankAndLoanInterest:90.00 DisallowableOtherFinanceCharges:100.00< DisallowableDebtsWrittenOff:110.00 DisallowableAccountancyAndLegalFees:120.00 DisallowableDepreciationAndLossProfitOnSale:909.45 DisallowableOtherBusinessExpenses:25.00 TotalDisallowableExpenses:1694.45 NetProfitLoss:18908.98 AdditionsToNetProfitDeductionsFromNetLoss:1694.45 NetBusinessProfitLossForTax:20603.43 AdjustedProfitForTheYear:20603.43 TotalTaxableBusinessProfits:20603.43 BankEtcBalances:1290.41 CashInHand:2950.69 EquipmentMachineryVehicles:2735.33 StockAndWorkInProgress:7500 OtherCurrentAssets:51.34 TotalBusinessAssets:14527.77 OtherLiabilities:3630.61 NetBusinessAssets:10897.16 CapitalAccountBalanceAtStart:86760.46 NetProfitOrLoss:-18908.98 Drawings:13772.28 CapitalAccountBalanceAtEnd:11897.16  </system-out>
</testsuite> <!-- tests.testcaseSELFEMP44_DefaultProfile2 -->
