<?xml version="1.0" encoding="UTF-8"?>
<!-- Generated by org.testng.reporters.JUnitReportReporter -->
<testsuite hostname="Deepika-2AT30NI" failures="0" tests="1" name="tests.testcase134_DefaultProfile2" time="83.430" errors="0" timestamp="2021-10-13T18:04:25 IST" skipped="0">
  <testcase classname="tests.testcase134_DefaultProfile2" name="GoToUrlusernamepositiveinputPositiveEnterctl00cPHpassClickLoginPositiveEnterctl00cPHFiltertxtAg" time="83.430"/>
  <system-out>
Income tax due verified successfully: 21759.6 Balance Tax for the year verified successfully: 12113.45  </system-out>
</testsuite> <!-- tests.testcase134_DefaultProfile2 -->
