<?xml version="1.0" encoding="UTF-8"?>
<!-- Generated by org.testng.reporters.JUnitReportReporter -->
<testsuite hostname="Deepika-2AT30NI" failures="0" tests="9" name="tests.testcase82_DefaultProfile2" time="1039.500" errors="0" timestamp="2021-10-14T16:16:31 IST" skipped="0">
  <testcase classname="tests.testcase82_DefaultProfile2" name="GoToUrlusernamepositiveinputPositiveEnterctl00cPHpassClickLoginPositiveEnterctl00cPHFiltertxtAg" time="117.645"/>
  <system-out>
Tax year : 2020-21 Work status:Not started Success! You have successfully linked Self employed income with bookkeeping nomisma module. Amount in Turnover at UI summary: after linking :83363.59 Turnover:83363.59 Success ! Tax return is validated AllowableBusinessExpenses CostOfGoods:10663.71 CarVanAndTravelExpenses:1601.01 WagesSalariesAndStaffCosts:29668.09 RentAndOtherPropertyCosts:11532.42 RepairsAndMaintenanceCosts:1113.34 AccountancyAndLegalFees:1388.00 InterestAndFinanceCharges:654.01 PhoneAndOtherOfficeCosts:1776.21 OtherAllowableBusinessExpenses:6124.37 TotalAllowableExpenses:64521.16 AllowableBusinessExpenses NetProfitOrLoss:18842.43 NetBusinessProfitForTax:18842.43 TotalTaxableBusinessProfits:18842.43 Amount in Turnover at UI summary: manual entry :15400 Amount in Expenditure at UI summary: manual entry :130 Amount in Net rpofit at UI summary: manual entry :15270 Success ! Tax return is validated AllowableBusinessExpenses CostOfGoods:10 CarVanAndTravelExpenses:20 WagesSalariesAndStaffCosts:10 RentAndOtherPropertyCosts:20 RepairsAndMaintenanceCosts:10 AccountancyAndLegalFees:20 InterestAndFinanceCharges:10 PhoneAndOtherOfficeCosts:20 OtherAllowableBusinessExpenses:10 TotalAllowableExpenses:130 AllowableBusinessExpenses NetProfitOrLoss:15270 NetBusinessProfitForTax:15270 TotalTaxableBusinessProfits:15270  </system-out>
  <testcase classname="tests.testcase82_DefaultProfile2" name="GoToUrlusernamepositiveinputPositiveEnterctl00cPHpassClickLoginPositiveEnterctl00cPHFiltertxtAg" time="113.055"/>
  <system-out>
Tax year : 2020-21 Work status:Not started Success! You have successfully linked Self employed income with bookkeeping nomisma module. Amount in Turnover at UI summary: after linking :83363.59 Turnover:83363.59 Success ! Tax return is validated AllowableBusinessExpenses CostOfGoods:10663.71 CarVanAndTravelExpenses:1601.01 WagesSalariesAndStaffCosts:29668.09 RentAndOtherPropertyCosts:11532.42 RepairsAndMaintenanceCosts:1113.34 AccountancyAndLegalFees:1388.00 InterestAndFinanceCharges:654.01 PhoneAndOtherOfficeCosts:1776.21 OtherAllowableBusinessExpenses:6124.37 TotalAllowableExpenses:64521.16 AllowableBusinessExpenses NetProfitOrLoss:18842.43 NetBusinessProfitForTax:18842.43 TotalTaxableBusinessProfits:18842.43 Amount in Turnover at UI summary: manual entry :15400 Amount in Expenditure at UI summary: manual entry :130 Amount in Net rpofit at UI summary: manual entry :15270 Success ! Tax return is validated AllowableBusinessExpenses CostOfGoods:10 CarVanAndTravelExpenses:20 WagesSalariesAndStaffCosts:10 RentAndOtherPropertyCosts:20 RepairsAndMaintenanceCosts:10 AccountancyAndLegalFees:20 InterestAndFinanceCharges:10 PhoneAndOtherOfficeCosts:20 OtherAllowableBusinessExpenses:10 TotalAllowableExpenses:130 AllowableBusinessExpenses NetProfitOrLoss:15270 NetBusinessProfitForTax:15270 TotalTaxableBusinessProfits:15270  </system-out>
  <testcase classname="tests.testcase82_DefaultProfile2" name="GoToUrlusernamepositiveinputPositiveEnterctl00cPHpassClickLoginPositiveEnterctl00cPHFiltertxtAg" time="116.182"/>
  <system-out>
Tax year : 2020-21 Work status:Not started Success! You have successfully linked Self employed income with bookkeeping nomisma module. Amount in Turnover at UI summary: after linking :83363.59 Turnover:83363.59 Success ! Tax return is validated AllowableBusinessExpenses CostOfGoods:10663.71 CarVanAndTravelExpenses:1601.01 WagesSalariesAndStaffCosts:29668.09 RentAndOtherPropertyCosts:11532.42 RepairsAndMaintenanceCosts:1113.34 AccountancyAndLegalFees:1388.00 InterestAndFinanceCharges:654.01 PhoneAndOtherOfficeCosts:1776.21 OtherAllowableBusinessExpenses:6124.37 TotalAllowableExpenses:64521.16 AllowableBusinessExpenses NetProfitOrLoss:18842.43 NetBusinessProfitForTax:18842.43 TotalTaxableBusinessProfits:18842.43 Amount in Turnover at UI summary: manual entry :15400 Amount in Expenditure at UI summary: manual entry :130 Amount in Net rpofit at UI summary: manual entry :15270 Success ! Tax return is validated AllowableBusinessExpenses CostOfGoods:10 CarVanAndTravelExpenses:20 WagesSalariesAndStaffCosts:10 RentAndOtherPropertyCosts:20 RepairsAndMaintenanceCosts:10 AccountancyAndLegalFees:20 InterestAndFinanceCharges:10 PhoneAndOtherOfficeCosts:20 OtherAllowableBusinessExpenses:10 TotalAllowableExpenses:130 AllowableBusinessExpenses NetProfitOrLoss:15270 NetBusinessProfitForTax:15270 TotalTaxableBusinessProfits:15270  </system-out>
  <testcase classname="tests.testcase82_DefaultProfile2" name="GoToUrlusernamepositiveinputPositiveEnterctl00cPHpassClickLoginPositiveEnterctl00cPHFiltertxtAg" time="115.991"/>
  <system-out>
Tax year : 2020-21 Work status:Not started Success! You have successfully linked Self employed income with bookkeeping nomisma module. Amount in Turnover at UI summary: after linking :83363.59 Turnover:83363.59 Success ! Tax return is validated AllowableBusinessExpenses CostOfGoods:10663.71 CarVanAndTravelExpenses:1601.01 WagesSalariesAndStaffCosts:29668.09 RentAndOtherPropertyCosts:11532.42 RepairsAndMaintenanceCosts:1113.34 AccountancyAndLegalFees:1388.00 InterestAndFinanceCharges:654.01 PhoneAndOtherOfficeCosts:1776.21 OtherAllowableBusinessExpenses:6124.37 TotalAllowableExpenses:64521.16 AllowableBusinessExpenses NetProfitOrLoss:18842.43 NetBusinessProfitForTax:18842.43 TotalTaxableBusinessProfits:18842.43 Amount in Turnover at UI summary: manual entry :15400 Amount in Expenditure at UI summary: manual entry :130 Amount in Net rpofit at UI summary: manual entry :15270 Success ! Tax return is validated AllowableBusinessExpenses CostOfGoods:10 CarVanAndTravelExpenses:20 WagesSalariesAndStaffCosts:10 RentAndOtherPropertyCosts:20 RepairsAndMaintenanceCosts:10 AccountancyAndLegalFees:20 InterestAndFinanceCharges:10 PhoneAndOtherOfficeCosts:20 OtherAllowableBusinessExpenses:10 TotalAllowableExpenses:130 AllowableBusinessExpenses NetProfitOrLoss:15270 NetBusinessProfitForTax:15270 TotalTaxableBusinessProfits:15270  </system-out>
  <testcase classname="tests.testcase82_DefaultProfile2" name="GoToUrlusernamepositiveinputPositiveEnterctl00cPHpassClickLoginPositiveEnterctl00cPHFiltertxtAg" time="117.152"/>
  <system-out>
Tax year : 2020-21 Work status:Not started Success! You have successfully linked Self employed income with bookkeeping nomisma module. Amount in Turnover at UI summary: after linking :83363.59 Turnover:83363.59 Success ! Tax return is validated AllowableBusinessExpenses CostOfGoods:10663.71 CarVanAndTravelExpenses:1601.01 WagesSalariesAndStaffCosts:29668.09 RentAndOtherPropertyCosts:11532.42 RepairsAndMaintenanceCosts:1113.34 AccountancyAndLegalFees:1388.00 InterestAndFinanceCharges:654.01 PhoneAndOtherOfficeCosts:1776.21 OtherAllowableBusinessExpenses:6124.37 TotalAllowableExpenses:64521.16 AllowableBusinessExpenses NetProfitOrLoss:18842.43 NetBusinessProfitForTax:18842.43 TotalTaxableBusinessProfits:18842.43 Amount in Turnover at UI summary: manual entry :15400 Amount in Expenditure at UI summary: manual entry :130 Amount in Net rpofit at UI summary: manual entry :15270 Success ! Tax return is validated AllowableBusinessExpenses CostOfGoods:10 CarVanAndTravelExpenses:20 WagesSalariesAndStaffCosts:10 RentAndOtherPropertyCosts:20 RepairsAndMaintenanceCosts:10 AccountancyAndLegalFees:20 InterestAndFinanceCharges:10 PhoneAndOtherOfficeCosts:20 OtherAllowableBusinessExpenses:10 TotalAllowableExpenses:130 AllowableBusinessExpenses NetProfitOrLoss:15270 NetBusinessProfitForTax:15270 TotalTaxableBusinessProfits:15270  </system-out>
  <testcase classname="tests.testcase82_DefaultProfile2" name="GoToUrlusernamepositiveinputPositiveEnterctl00cPHpassClickLoginPositiveEnterctl00cPHFiltertxtAg" time="116.428"/>
  <system-out>
Tax year : 2020-21 Work status:Not started Success! You have successfully linked Self employed income with bookkeeping nomisma module. Amount in Turnover at UI summary: after linking :83363.59 Turnover:83363.59 Success ! Tax return is validated AllowableBusinessExpenses CostOfGoods:10663.71 CarVanAndTravelExpenses:1601.01 WagesSalariesAndStaffCosts:29668.09 RentAndOtherPropertyCosts:11532.42 RepairsAndMaintenanceCosts:1113.34 AccountancyAndLegalFees:1388.00 InterestAndFinanceCharges:654.01 PhoneAndOtherOfficeCosts:1776.21 OtherAllowableBusinessExpenses:6124.37 TotalAllowableExpenses:64521.16 AllowableBusinessExpenses NetProfitOrLoss:18842.43 NetBusinessProfitForTax:18842.43 TotalTaxableBusinessProfits:18842.43 Amount in Turnover at UI summary: manual entry :15400 Amount in Expenditure at UI summary: manual entry :130 Amount in Net rpofit at UI summary: manual entry :15270 Success ! Tax return is validated AllowableBusinessExpenses CostOfGoods:10 CarVanAndTravelExpenses:20 WagesSalariesAndStaffCosts:10 RentAndOtherPropertyCosts:20 RepairsAndMaintenanceCosts:10 AccountancyAndLegalFees:20 InterestAndFinanceCharges:10 PhoneAndOtherOfficeCosts:20 OtherAllowableBusinessExpenses:10 TotalAllowableExpenses:130 AllowableBusinessExpenses NetProfitOrLoss:15270 NetBusinessProfitForTax:15270 TotalTaxableBusinessProfits:15270  </system-out>
  <testcase classname="tests.testcase82_DefaultProfile2" name="GoToUrlusernamepositiveinputPositiveEnterctl00cPHpassClickLoginPositiveEnterctl00cPHFiltertxtAg" time="114.325"/>
  <system-out>
Tax year : 2020-21 Work status:Not started Success! You have successfully linked Self employed income with bookkeeping nomisma module. Amount in Turnover at UI summary: after linking :83363.59 Turnover:83363.59 Success ! Tax return is validated AllowableBusinessExpenses CostOfGoods:10663.71 CarVanAndTravelExpenses:1601.01 WagesSalariesAndStaffCosts:29668.09 RentAndOtherPropertyCosts:11532.42 RepairsAndMaintenanceCosts:1113.34 AccountancyAndLegalFees:1388.00 InterestAndFinanceCharges:654.01 PhoneAndOtherOfficeCosts:1776.21 OtherAllowableBusinessExpenses:6124.37 TotalAllowableExpenses:64521.16 AllowableBusinessExpenses NetProfitOrLoss:18842.43 NetBusinessProfitForTax:18842.43 TotalTaxableBusinessProfits:18842.43 Amount in Turnover at UI summary: manual entry :15400 Amount in Expenditure at UI summary: manual entry :130 Amount in Net rpofit at UI summary: manual entry :15270 Success ! Tax return is validated AllowableBusinessExpenses CostOfGoods:10 CarVanAndTravelExpenses:20 WagesSalariesAndStaffCosts:10 RentAndOtherPropertyCosts:20 RepairsAndMaintenanceCosts:10 AccountancyAndLegalFees:20 InterestAndFinanceCharges:10 PhoneAndOtherOfficeCosts:20 OtherAllowableBusinessExpenses:10 TotalAllowableExpenses:130 AllowableBusinessExpenses NetProfitOrLoss:15270 NetBusinessProfitForTax:15270 TotalTaxableBusinessProfits:15270  </system-out>
  <testcase classname="tests.testcase82_DefaultProfile2" name="GoToUrlusernamepositiveinputPositiveEnterctl00cPHpassClickLoginPositiveEnterctl00cPHFiltertxtAg" time="113.182"/>
  <system-out>
Tax year : 2020-21 Work status:Not started Success! You have successfully linked Self employed income with bookkeeping nomisma module. Amount in Turnover at UI summary: after linking :83363.59 Turnover:83363.59 Success ! Tax return is validated AllowableBusinessExpenses CostOfGoods:10663.71 CarVanAndTravelExpenses:1601.01 WagesSalariesAndStaffCosts:29668.09 RentAndOtherPropertyCosts:11532.42 RepairsAndMaintenanceCosts:1113.34 AccountancyAndLegalFees:1388.00 InterestAndFinanceCharges:654.01 PhoneAndOtherOfficeCosts:1776.21 OtherAllowableBusinessExpenses:6124.37 TotalAllowableExpenses:64521.16 AllowableBusinessExpenses NetProfitOrLoss:18842.43 NetBusinessProfitForTax:18842.43 TotalTaxableBusinessProfits:18842.43 Amount in Turnover at UI summary: manual entry :15400 Amount in Expenditure at UI summary: manual entry :130 Amount in Net rpofit at UI summary: manual entry :15270 Success ! Tax return is validated AllowableBusinessExpenses CostOfGoods:10 CarVanAndTravelExpenses:20 WagesSalariesAndStaffCosts:10 RentAndOtherPropertyCosts:20 RepairsAndMaintenanceCosts:10 AccountancyAndLegalFees:20 InterestAndFinanceCharges:10 PhoneAndOtherOfficeCosts:20 OtherAllowableBusinessExpenses:10 TotalAllowableExpenses:130 AllowableBusinessExpenses NetProfitOrLoss:15270 NetBusinessProfitForTax:15270 TotalTaxableBusinessProfits:15270  </system-out>
  <testcase classname="tests.testcase82_DefaultProfile2" name="GoToUrlusernamepositiveinputPositiveEnterctl00cPHpassClickLoginPositiveEnterctl00cPHFiltertxtAg" time="115.540"/>
  <system-out>
Tax year : 2020-21 Work status:Not started Success! You have successfully linked Self employed income with bookkeeping nomisma module. Amount in Turnover at UI summary: after linking :83363.59 Turnover:83363.59 Success ! Tax return is validated AllowableBusinessExpenses CostOfGoods:10663.71 CarVanAndTravelExpenses:1601.01 WagesSalariesAndStaffCosts:29668.09 RentAndOtherPropertyCosts:11532.42 RepairsAndMaintenanceCosts:1113.34 AccountancyAndLegalFees:1388.00 InterestAndFinanceCharges:654.01 PhoneAndOtherOfficeCosts:1776.21 OtherAllowableBusinessExpenses:6124.37 TotalAllowableExpenses:64521.16 AllowableBusinessExpenses NetProfitOrLoss:18842.43 NetBusinessProfitForTax:18842.43 TotalTaxableBusinessProfits:18842.43 Amount in Turnover at UI summary: manual entry :15400 Amount in Expenditure at UI summary: manual entry :130 Amount in Net rpofit at UI summary: manual entry :15270 Success ! Tax return is validated AllowableBusinessExpenses CostOfGoods:10 CarVanAndTravelExpenses:20 WagesSalariesAndStaffCosts:10 RentAndOtherPropertyCosts:20 RepairsAndMaintenanceCosts:10 AccountancyAndLegalFees:20 InterestAndFinanceCharges:10 PhoneAndOtherOfficeCosts:20 OtherAllowableBusinessExpenses:10 TotalAllowableExpenses:130 AllowableBusinessExpenses NetProfitOrLoss:15270 NetBusinessProfitForTax:15270 TotalTaxableBusinessProfits:15270  </system-out>
</testsuite> <!-- tests.testcase82_DefaultProfile2 -->
