<?xml version="1.0" encoding="UTF-8"?>
<!-- Generated by org.testng.reporters.JUnitReportReporter -->
<testsuite hostname="Deepika-2AT30NI" failures="0" tests="1" name="tests.testcaseMCATag_DefaultProfile2" time="65.390" errors="0" timestamp="2021-06-24T16:18:23 IST" skipped="0">
  <testcase classname="tests.testcaseMCATag_DefaultProfile2" name="GoToUrlusernamepositiveinputPositiveEnterctl00cPHpassClickLoginPositiveEnterctl00cPHFiltertxtAg" time="65.390"/>
  <system-out>
SA106 UnremittableIncome: yes ForeignTaxCreditRelief: 222.00 ResidentialPropertyIncomeOrRestrictedFinanceCosts: 1.00 UnusedTOAAresidentialFinanceCostsBroughtForward: 2.00 TotalAdjustedProfitOrLoss: 100.00 LossBroughtForward: 50.00 TotalTaxableProfit: 50.00 TotalForeignTaxTakenOff: 2.00 TotalSpecialWithholdingTax: 1.00 TotalTaxableAmount: 50.00 LossToCarryForward: 9.00 OverseasSavings IncomeSource CountryCode: AFG IncomeBeforeTax: 10.00 ForeignTax: 2.00 SpecialWithholdingTax: 4.00 ClaimToFTCR: yes TaxableAmountOnInterestAndOtherSavings: 10.00 Totals SWTOrUKTax: 4.00 TaxableAmount: 10.00 OverseasLandAndPropertyIncomeDetails TotalRentsAndOtherPropertyReceipts: 3555.00 NumberOfProperties: 2 PremiumsPaidForLease: 12.00 AllowablePropertyExpenses: 123.00 NetProfitOrLoss: 3444.00 PrivateUseAdjustment: 11.00 BalancingCharges: 2.00 CapitalAllowances: 3.00 ZeroEmissionGoodsVehicleAllowance: 4.00 TheStructuresAndBuildingsAllowance: 6.00 ElectricChargePointAllowance: 10.00 CostsOfReplacingDomesticItems: 11.00 AdjustedProfitOrLossForTheYear: 3423.00 ResidentialFinanceCosts: 12.00 ChargeableGainsUKRules ChargeableGains: 22.00 NumberOfDaysOverWhichGainAccrued: 4 ChargeableGainsForeignRules ChargeableGains: 1.00 NumberOfDaysOverWhichGainAccrued: 2 CapitalGains ForeignTaxPaid: 44.00 TotalForeignTaxCreditReliefOnGains: 3.00 SpecialWithholdingTax: 4.00 OtherOverseasIncomeAndGains OffshoreFundGainsAndNonResidentTrustIncome: 100.00 BenefitsFromOverseasTrustsEtc: 22.00 ForeignLifeInsuranceGains: 500.00 NumberOfYearsSincePolicyMade: 2 TaxTreatedAsPaid: 400.00 OmittedAmountTransferOfAssetsExemption: 231.00 ForeignTaxPaid ClaimToFTCRCountryCode: AFG ClaimToFTCRForeignTax: 123.00 ClaimToFTCRClaimForFTCR: yes ClaimToFTCRAmountChargable: 124.00 UnderpaidTax UnderpaidTaxForEarlierYearsIncludedInCode: 0.00 UnderpaidTaxForYearIncludedInFutureCode: 0.00 All XML tags checked for SA106  </system-out>
</testsuite> <!-- tests.testcaseMCATag_DefaultProfile2 -->
