<?xml version="1.0" encoding="UTF-8"?>
<!-- Generated by org.testng.reporters.JUnitReportReporter -->
<testsuite hostname="Deepika-2AT30NI" failures="0" tests="1" name="tests.testcase93_DefaultProfile2" time="87.764" errors="0" timestamp="2021-10-13T18:04:25 IST" skipped="0">
  <testcase classname="tests.testcase93_DefaultProfile2" name="GoToUrlusernamepositiveinputPositiveEnterctl00cPHpassClickLoginPositiveEnterctl00cPHFiltertxtAg" time="87.764"/>
  <system-out>
Income tax due verified successfully: 358535.72 Deficiency relief amount verified successfully: 7482.88 Balance Tax for the year verified successfully: 355914.0  </system-out>
</testsuite> <!-- tests.testcase93_DefaultProfile2 -->
