<?xml version="1.0" encoding="UTF-8"?>
<!-- Generated by org.testng.reporters.JUnitReportReporter -->
<testsuite hostname="Deepika-2AT30NI" failures="0" tests="1" name="tests.testcaseSELFEMP50_DefaultProfile2" time="173.311" errors="0" timestamp="2021-10-28T21:49:16 IST" skipped="0">
  <testcase classname="tests.testcaseSELFEMP50_DefaultProfile2" name="GoToUrlusernamepositiveinputPositiveEnterctl00cPHpassClickLoginPositiveEnterctl00cPHFiltertxtAg" time="173.311"/>
  <system-out>
Tax year :2019-20 Turnover after linking:77880 Other income:2000 Success ! Tax return is validated AllowableBusinessExpenses CostOfGoods:8175 CarVanAndTravelExpenses:-1530 WagesSalariesAndStaffCosts:50000 RentAndOtherPropertyCosts:23600 RepairsAndMaintenanceCosts:240 AccountancyAndLegalFees:200 AdvertisingAndEntertainmentCosts:150 BankAndLoanInterest:295 OtherFinanceCharges:65.75 InterestAndFinanceCharges:360.75 PhoneAndOtherOfficeCosts:640 OtherBusinessExpenses:18310 TotalExpenses:100096.25 OtherAllowableBusinessExpenses:1510 TotalAllowableExpenses:1510  AdditionsToNetProfitDeductionsFromNetLoss:1510 AllowableBusinessExpenses NetProfitOrLoss:7306.25 AnyOtherBusinessIncome:7306.25 TotalLossToCarryForward:7306.25 CashInHand:16407.50 OtherCurrentAssets:19160 TotalBusinessAssets:35567.50 OtherLiabilities:40000 NetBusinessAssets:-4432.50 NetProfitOrLoss:-2216.25 CapitalAccountBalanceAtEnd:-2216.25  </system-out>
</testsuite> <!-- tests.testcaseSELFEMP50_DefaultProfile2 -->
