<?xml version="1.0" encoding="UTF-8"?>
<!-- Generated by org.testng.reporters.JUnitReportReporter -->
<testsuite hostname="Deepika-2AT30NI" failures="0" tests="1" name="tests.testcase223_DefaultProfile2" time="94.765" errors="0" timestamp="2021-10-13T18:04:22 IST" skipped="0">
  <testcase classname="tests.testcase223_DefaultProfile2" name="GoToUrlusernamepositiveinputPositiveEnterctl00cPHpassClickLoginPositiveEnterctl00cPHFiltertxtAg" time="94.765"/>
  <system-out>
Income tax due verified successfully: 4781.29 Balance Tax for the year verified successfully: 4090.44  </system-out>
</testsuite> <!-- tests.testcase223_DefaultProfile2 -->
