<?xml version="1.0" encoding="UTF-8"?>
<!-- Generated by org.testng.reporters.JUnitReportReporter -->
<testsuite hostname="Deepika-2AT30NI" failures="0" tests="1" name="tests.testcaseSTDPLAN3Tag_DefaultProfile4" time="65.180" errors="0" timestamp="2021-06-24T16:18:23 IST" skipped="0">
  <testcase classname="tests.testcaseSTDPLAN3Tag_DefaultProfile4" name="GoToUrlusernamepositiveinputPositiveEnterctl00cPHpassClickLoginPositiveEnterctl00cPHFiltertxtAg" time="65.180"/>
  <system-out>
StudentLoanRepayments PostgraduateLoanRepaymentDeductedAmount: 3214.00 PostgraduateLoanPlanType: 03 XML tags of Student Loan plan 3 checked of SA100  </system-out>
</testsuite> <!-- tests.testcaseSTDPLAN3Tag_DefaultProfile4 -->
