<?xml version="1.0" encoding="UTF-8"?>
<!-- Generated by org.testng.reporters.JUnitReportReporter -->
<testsuite hostname="Deepika-2AT30NI" failures="0" tests="1" name="tests.testcase140_DefaultProfile2" time="73.580" errors="0" timestamp="2021-06-03T13:59:39 IST" skipped="0">
  <testcase classname="tests.testcase140_DefaultProfile2" name="GoToUrlusernamepositiveinputPositiveEnterctl00cPHpassClickLoginPositiveEnterctl00cPHFiltertxtAg" time="73.580"/>
  <system-out>
Income tax due verified successfully: 3650.42 Balance Tax for the year verified successfully: 4131.42  </system-out>
</testsuite> <!-- tests.testcase140_DefaultProfile2 -->
