<?xml version="1.0" encoding="UTF-8"?>
<!-- Generated by org.testng.reporters.JUnitReportReporter -->
<testsuite hostname="Deepika-2AT30NI" failures="0" tests="1" name="tests.testcase222_DefaultProfile2" time="150.898" errors="0" timestamp="2021-06-17T18:47:37 IST" skipped="0">
  <testcase classname="tests.testcase222_DefaultProfile2" name="GoToUrlusernamepositiveinputPositiveEnterctl00cPHpassClickLoginPositiveEnterctl00cPHFiltertxtAg" time="150.898"/>
  <system-out>
Income tax due verified successfully: 36424.0 Balance Tax for the year verified successfully: 0.0  </system-out>
</testsuite> <!-- tests.testcase222_DefaultProfile2 -->
