<?xml version="1.0" encoding="UTF-8"?>
<!-- Generated by org.testng.reporters.JUnitReportReporter -->
<testsuite hostname="Deepika-2AT30NI" failures="0" tests="1" name="tests.testcaseAILTag_DefaultProfile2" time="72.100" errors="0" timestamp="2021-06-24T17:17:49 IST" skipped="0">
  <testcase classname="tests.testcaseAILTag_DefaultProfile2" name="GoToUrlusernamepositiveinputPositiveEnterctl00cPHpassClickLoginPositiveEnterctl00cPHFiltertxtAg" time="72.100"/>
  <system-out>
AdditionalInformationSchedule: yes OtherInformation IncomeTaxLosses EarlierYearsIncomeTaxLosses: 1000.00 UnusedIncomeTaxLossesCarriedForward: 450.00 NextYearsTradingAndCapitalLossesRelief: 452.00 NextYearsUncappedLossRelief: 451.00 YearForWhichReliefClaimed: 2019-20 AmountOfPayrollGiving: 200.00 PensionTaxAndLumpSums LumpSumPensionBenefitsInExcessOfALA: 400.00 NonlumpSumPensionBenefitsExceedingALA: 401.00 LifetimeAllowanceTaxPaid: 402.00 AmountSavedExceedingAnnualAllowance: 404.00 AnnualAllowanceTaxPaidByPensionScheme: 403.00 PensionBenefitTransferredSubjectToOTC: 406.00 TaxPaidByPensionSchemeOnOTC: 405.00 PensionSchemeTaxRef: 12345678AB UnauthorisedPaymentNotSubjectToSurcharge: 407.00 UnauthorisedPaymentSubjectToSurcharge: 408.00 ForeignTaxPaidOnUnauthorisedPayment: 409.00 OverseasPensionContributionShortServiceRefund: 410.00 ForeignTaxPaid: 411.00 TaxAvoidanceSchemes TaxAvoidanceSchemeReferenceNumber: 12345678 ExpectedAdvantageTaxYear: 2019-20 DisguisedRemuneration NonPAYEDRemploymentIncome: 201.00 DRceasedSelfempAndPshipIncome: 202.00 DRceasedSelfempAndPshipIncomeCarriedBack: 203.00 TaxYearIncomeToBeTaxed: 2019-20 All XML tags checked of AIL Page  </system-out>
</testsuite> <!-- tests.testcaseAILTag_DefaultProfile2 -->
