<?xml version="1.0" encoding="UTF-8"?>
<!-- Generated by org.testng.reporters.JUnitReportReporter -->
<testsuite hostname="Deepika-2AT30NI" failures="0" tests="1" name="tests.testcase246_DefaultProfile2" time="92.931" errors="0" timestamp="2021-06-17T18:13:53 IST" skipped="0">
  <testcase classname="tests.testcase246_DefaultProfile2" name="GoToUrlusernamepositiveinputPositiveEnterctl00cPHpassClickLoginPositiveEnterctl00cPHFiltertxtAg" time="92.931"/>
  <system-out>
Income tax due verified successfully: 5804.57 Balance Tax for the year verified successfully: 5014.27  </system-out>
</testsuite> <!-- tests.testcase246_DefaultProfile2 -->
