<?xml version="1.0" encoding="UTF-8"?>
<!-- Generated by org.testng.reporters.JUnitReportReporter -->
<testsuite hostname="Deepika-2AT30NI" failures="0" tests="1" name="tests.testcaseINCPENSIONTag_DefaultProfile2" time="48.454" errors="0" timestamp="2021-06-24T16:18:23 IST" skipped="0">
  <testcase classname="tests.testcaseINCPENSIONTag_DefaultProfile2" name="GoToUrlusernamepositiveinputPositiveEnterctl00cPHpassClickLoginPositiveEnterctl00cPHFiltertxtAg" time="48.454"/>
  <system-out>
Income UKInterestAndDividends TaxedBankBuildingSocietyEtcInterest: 2001.00 UntaxedUKinterestEtc: 1260.00 UntaxedForeignInterest: 1999.00 All XML tags checked INC page of SA 100  </system-out>
</testsuite> <!-- tests.testcaseINCPENSIONTag_DefaultProfile2 -->
