<?xml version="1.0" encoding="UTF-8"?>
<!-- Generated by org.testng.reporters.JUnitReportReporter -->
<testsuite hostname="Deepika-2AT30NI" failures="0" tests="1" name="tests.testcase7_DefaultProfile2" time="91.448" errors="0" timestamp="2021-10-13T18:04:23 IST" skipped="0">
  <testcase classname="tests.testcase7_DefaultProfile2" name="GoToUrlusernamepositiveinputPositiveEnterctl00cPHpassClickLoginPositiveEnterctl00cPHFiltertxtAg" time="91.448"/>
  <system-out>
Income tax due verified successfully: 3910.8 Balance Tax for the year verified successfully: 1707.1  </system-out>
</testsuite> <!-- tests.testcase7_DefaultProfile2 -->
