<?xml version="1.0" encoding="UTF-8"?>
<!-- Generated by org.testng.reporters.JUnitReportReporter -->
<testsuite hostname="Deepika-2AT30NI" failures="0" tests="1" name="tests.testcase95_DefaultProfile2" time="87.753" errors="0" timestamp="2021-10-13T18:04:23 IST" skipped="0">
  <testcase classname="tests.testcase95_DefaultProfile2" name="GoToUrlusernamepositiveinputPositiveEnterctl00cPHpassClickLoginPositiveEnterctl00cPHFiltertxtAg" time="87.753"/>
  <system-out>
Income tax due verified successfully: 51035.4 Balance Tax for the year verified successfully: 56306.24  </system-out>
</testsuite> <!-- tests.testcase95_DefaultProfile2 -->
