<?xml version="1.0" encoding="UTF-8"?>
<!-- Generated by org.testng.reporters.JUnitReportReporter -->
<testsuite hostname="Deepika-2AT30NI" failures="0" tests="1" name="tests.testcase23_DefaultProfile2" time="71.391" errors="0" timestamp="2021-05-20T18:36:32 IST" skipped="0">
  <testcase classname="tests.testcase23_DefaultProfile2" name="GoToUrlusernamepositiveinputPositiveEnterctl00cPHpassClickLoginPositiveEnterctl00cPHFiltertxtAg" time="71.391"/>
  <system-out>
Income tax due verified successfully: 7133.15 Balance Tax for the year verified successfully: 7133.15  </system-out>
</testsuite> <!-- tests.testcase23_DefaultProfile2 -->
