<?xml version="1.0" encoding="UTF-8"?>
<!-- Generated by org.testng.reporters.JUnitReportReporter -->
<testsuite hostname="Deepika-2AT30NI" failures="0" tests="1" name="tests.testcase73_DefaultProfile2" time="86.297" errors="0" timestamp="2021-10-13T18:04:25 IST" skipped="0">
  <testcase classname="tests.testcase73_DefaultProfile2" name="GoToUrlusernamepositiveinputPositiveEnterctl00cPHpassClickLoginPositiveEnterctl00cPHFiltertxtAg" time="86.297"/>
  <system-out>
Income tax due verified successfully: 472.65 Balance Tax for the year verified successfully: 600.0  </system-out>
</testsuite> <!-- tests.testcase73_DefaultProfile2 -->
