<?xml version="1.0" encoding="UTF-8"?>
<!-- Generated by org.testng.reporters.JUnitReportReporter -->
<testsuite hostname="Deepika-2AT30NI" failures="0" tests="1" name="tests.testcase148_DefaultProfile2" time="96.146" errors="0" timestamp="2021-06-17T15:54:24 IST" skipped="0">
  <testcase classname="tests.testcase148_DefaultProfile2" name="GoToUrlusernamepositiveinputPositiveEnterctl00cPHpassClickLoginPositiveEnterctl00cPHFiltertxtAg" time="96.146"/>
  <system-out>
Income tax due verified successfully: 11237.0 Balance Tax for the year verified successfully: 14546.05  </system-out>
</testsuite> <!-- tests.testcase148_DefaultProfile2 -->
