<?xml version="1.0" encoding="UTF-8"?>
<!-- Generated by org.testng.reporters.JUnitReportReporter -->
<testsuite hostname="Deepika-2AT30NI" failures="0" tests="1" name="tests.testcaseSELFEMP12_DefaultProfile2" time="131.603" errors="0" timestamp="2021-10-22T01:15:28 IST" skipped="0">
  <testcase classname="tests.testcaseSELFEMP12_DefaultProfile2" name="GoToUrlusernamepositiveinputPositiveEnterctl00cPHpassClickLoginPositiveEnterctl00cPHFiltertxtAg" time="131.603"/>
  <system-out>
Amount in Turnover at UI summary: manual entry :15400 Amount in Expenditure at UI summary: manual entry :130 Amount in Net profit at UI summary: manual entry :15270 AllowableBusinessExpenses CostOfGoods:10 CarVanAndTravelExpenses:20 WagesSalariesAndStaffCosts:10 RentAndOtherPropertyCosts:20 RepairsAndMaintenanceCosts:10 AccountancyAndLegalFees:20 InterestAndFinanceCharges:10 PhoneAndOtherOfficeCosts:20 OtherAllowableBusinessExpenses:10 TotalAllowableExpenses:130 AllowableBusinessExpenses NetProfitOrLoss:15270 NetBusinessProfitForTax:15270 TotalTaxableBusinessProfits:15270 Tax year : 2020-21 Turnover:77880 Other income:20000 Success ! Tax return is validated AllowableBusinessExpenses CostOfGoods:4875 CarVanAndTravelExpenses:1720 WagesSalariesAndStaffCosts50000 RentAndOtherPropertyCosts:23600 RepairsAndMaintenanceCosts:240 AccountancyAndLegalFees:200 InterestAndFinanceCharges:360.75 PhoneAndOtherOfficeCosts:40 OtherAllowableBusinessExpenses:48460.50 TotalAllowableExpenses:130096.25 AllowableBusinessExpenses NetProfitOrLoss:706.25 AnyOtherBusinessIncome:706.25 TotalLossToCarryForward:706.25 linking verified with new ledger codes and manual scenario for short form  </system-out>
</testsuite> <!-- tests.testcaseSELFEMP12_DefaultProfile2 -->
