<?xml version="1.0" encoding="UTF-8"?>
<!-- Generated by org.testng.reporters.JUnitReportReporter -->
<testsuite hostname="Deepika-2AT30NI" failures="0" tests="1" name="tests.testcase169_DefaultProfile2" time="84.211" errors="0" timestamp="2021-10-13T18:04:23 IST" skipped="0">
  <testcase classname="tests.testcase169_DefaultProfile2" name="GoToUrlusernamepositiveinputPositiveEnterctl00cPHpassClickLoginPositiveEnterctl00cPHFiltertxtAg" time="84.211"/>
  <system-out>
Income tax due verified successfully: 4356.0 Balance Tax for the year verified successfully: 222.95  </system-out>
</testsuite> <!-- tests.testcase169_DefaultProfile2 -->
