<?xml version="1.0" encoding="UTF-8"?>
<!-- Generated by org.testng.reporters.JUnitReportReporter -->
<testsuite hostname="Deepika-2AT30NI" failures="0" tests="1" name="tests.testcaseNR3_DefaultProfile2" time="80.350" errors="0" timestamp="2021-07-08T07:58:46 IST" skipped="0">
  <testcase classname="tests.testcaseNR3_DefaultProfile2" name="GoToUrlusernamepositiveinputPositiveEnterctl00cPHpassClickLoginPositiveEnterctl00cPHFiltertxtAg" time="80.350"/>
  <system-out>
SA109 ResidenceStatus NotResidentInUK:yes HadAHomeOverseas:yes ResidenceStatus TimeSpentInUK NumberOfDaysSpentInUK:120 NumberOfDaysDueToExceptionalCircumstances:5 NumberOfDaysWorkingOnCOVID19:12 PersonalAllowances PersonalAllowancesClaimOnOtherBasis:yes CodeForCountryOfNationalityOrResidence:IND ResidenceInOtherCountries  AnyOtherInformationSpace:Mr Akshay Thakkar was not resident to UK during the tax year 2020-21. He had spent only 13 days in UK All XML tags checked of Non Uk resident page  </system-out>
</testsuite> <!-- tests.testcaseNR3_DefaultProfile2 -->
