<?xml version="1.0" encoding="UTF-8"?>
<!-- Generated by org.testng.reporters.JUnitReportReporter -->
<testsuite hostname="Deepika-2AT30NI" failures="0" tests="1" name="tests.testcaseAORRELTag_DefaultProfile2" time="82.101" errors="0" timestamp="2021-06-24T17:17:49 IST" skipped="0">
  <testcase classname="tests.testcaseAORRELTag_DefaultProfile2" name="GoToUrlusernamepositiveinputPositiveEnterctl00cPHpassClickLoginPositiveEnterctl00cPHFiltertxtAg" time="82.101"/>
  <system-out>
AdditionalInformationSchedule: yes SA101 OtherTaxReliefs VentureCapitalTrustShareSubscriptions: 201.00 EnterpriseInvestmentSchemeShareSubscriptions: 202.00 CommunityInvestmentTrustRelief: 203.00 AnnuitiesAndAnnualPayments: 204.00 QualifyingLoanInterest: 205.00 PostCessationAndOtherLosses: 206.00 MaintenanceOrAlimonyPayments: 207.00 TradeUnionEtcDeathBenefitPayments: 100.00 BonusSecurityRedemptionDistributionRelief: 209.00 SeedEnterpriseInvestmentSchemeAmount: 210.00 SocialInvestmentTaxRelief: 211.00 NondeductibleLoanInterest: 212.00 SA110 SelfAssessment TotalTaxEtcDue: 51.00 PaymentsOnAccount All XML tags checked AOR page of SA 101  </system-out>
</testsuite> <!-- tests.testcaseAORRELTag_DefaultProfile2 -->
