<?xml version="1.0" encoding="UTF-8"?>
<!-- Generated by org.testng.reporters.JUnitReportReporter -->
<testsuite hostname="Deepika-2AT30NI" failures="0" tests="1" name="tests.testcasedividendTag_DefaultProfile3" time="67.500" errors="0" timestamp="2021-06-24T17:27:57 IST" skipped="0">
  <testcase classname="tests.testcasedividendTag_DefaultProfile3" name="GoToUrlusernamepositiveinputPositiveEnterctl00cPHpassClickLoginPositiveEnterctl00cPHFiltertxtAg" time="67.500"/>
  <system-out>
CompanyDividends:1000.00 UnitTrustEtcDividends:100.00 ForeignDividends;50.00 TaxTakenOffForeignDividends:20.00 All XML tags checked INC page - dividend of SA 100  </system-out>
</testsuite> <!-- tests.testcasedividendTag_DefaultProfile3 -->
