<?xml version="1.0" encoding="UTF-8"?>
<!-- Generated by org.testng.reporters.JUnitReportReporter -->
<testsuite hostname="Deepika-2AT30NI" failures="0" tests="1" name="tests.testcasePTR2_DefaultProfile2" time="83.304" errors="0" timestamp="2021-07-08T07:58:46 IST" skipped="0">
  <testcase classname="tests.testcasePTR2_DefaultProfile2" name="GoToUrlusernamepositiveinputPositiveEnterctl00cPHpassClickLoginPositiveEnterctl00cPHFiltertxtAg" time="83.304"/>
  <system-out>
SA104S  PartnershipDetails PartnershipReferenceNumber:1000050020 PartnershipDescription:abc ShareOfProfits DateBasisPeriodBegan:2020-04-06 DateBasisPeriodEnded>2021-04-05 ShareOfPartnershipProfitOrLoss:15500.00 AdjustedProfitForYear:15500.00 TaxableProfitsAfterLosses:15500.00 TotalTaxableBusinessProfits:15500.00 ShareOfTotalTaxedAndUntaxedIncome:15500.00  </system-out>
</testsuite> <!-- tests.testcasePTR2_DefaultProfile2 -->
