<?xml version="1.0" encoding="UTF-8"?>
<!-- Generated by org.testng.reporters.JUnitReportReporter -->
<testsuite hostname="Deepika-2AT30NI" failures="0" tests="1" name="tests.testcase250_DefaultProfile2" time="88.561" errors="0" timestamp="2021-10-13T18:04:22 IST" skipped="0">
  <testcase classname="tests.testcase250_DefaultProfile2" name="GoToUrlusernamepositiveinputPositiveEnterctl00cPHpassClickLoginPositiveEnterctl00cPHFiltertxtAg" time="88.561"/>
  <system-out>
Income tax due verified successfully: 298144.65 Balance Tax for the year verified successfully: 107646.92  </system-out>
</testsuite> <!-- tests.testcase250_DefaultProfile2 -->
