<?xml version="1.0" encoding="UTF-8"?>
<!-- Generated by org.testng.reporters.JUnitReportReporter -->
<testsuite hostname="Deepika-2AT30NI" failures="0" tests="1" name="tests.testcase87_DefaultProfile2" time="86.934" errors="0" timestamp="2021-10-13T18:04:23 IST" skipped="0">
  <testcase classname="tests.testcase87_DefaultProfile2" name="GoToUrlusernamepositiveinputPositiveEnterctl00cPHpassClickLoginPositiveEnterctl00cPHFiltertxtAg" time="86.934"/>
  <system-out>
Income tax due verified successfully: 6716.17 Balance Tax for the year verified successfully: -175.3  </system-out>
</testsuite> <!-- tests.testcase87_DefaultProfile2 -->
