<?xml version="1.0" encoding="UTF-8"?>
<!-- Generated by org.testng.reporters.JUnitReportReporter -->
<testsuite hostname="Deepika-2AT30NI" failures="0" tests="1" name="tests.testcase78_DefaultProfile2" time="86.904" errors="0" timestamp="2021-10-13T18:04:25 IST" skipped="0">
  <testcase classname="tests.testcase78_DefaultProfile2" name="GoToUrlusernamepositiveinputPositiveEnterctl00cPHpassClickLoginPositiveEnterctl00cPHFiltertxtAg" time="86.904"/>
  <system-out>
Income tax due verified successfully: 1208.2 Balance Tax for the year verified successfully: 2446.5  </system-out>
</testsuite> <!-- tests.testcase78_DefaultProfile2 -->
