<?xml version="1.0" encoding="UTF-8"?>
<!-- Generated by org.testng.reporters.JUnitReportReporter -->
<testsuite hostname="Deepika-2AT30NI" failures="0" tests="1" name="tests.testcase13_DefaultProfile2" time="81.662" errors="0" timestamp="2021-10-13T18:04:21 IST" skipped="0">
  <testcase classname="tests.testcase13_DefaultProfile2" name="GoToUrlusernamepositiveinputPositiveEnterctl00cPHpassClickLoginPositiveEnterctl00cPHFiltertxtAg" time="81.662"/>
  <system-out>
Income tax due verified successfully: 53180.49 Balance Tax for the year verified successfully: 18197.99  </system-out>
</testsuite> <!-- tests.testcase13_DefaultProfile2 -->
