<?xml version="1.0" encoding="UTF-8"?>
<!-- Generated by org.testng.reporters.JUnitReportReporter -->
<testsuite hostname="Deepika-2AT30NI" failures="0" tests="1" name="tests.testcase25_DefaultProfile2" time="94.856" errors="0" timestamp="2021-10-13T18:04:24 IST" skipped="0">
  <testcase classname="tests.testcase25_DefaultProfile2" name="GoToUrlusernamepositiveinputPositiveEnterctl00cPHpassClickLoginPositiveEnterctl00cPHFiltertxtAg" time="94.856"/>
  <system-out>
Income tax due verified successfully: 6091.85 Balance Tax for the year verified successfully: 5652.55  </system-out>
</testsuite> <!-- tests.testcase25_DefaultProfile2 -->
