<?xml version="1.0" encoding="UTF-8"?>
<!-- Generated by org.testng.reporters.JUnitReportReporter -->
<testsuite hostname="Deepika-2AT30NI" failures="0" tests="1" name="tests.loginandagent_DefaultProfile" time="12.813" errors="0" timestamp="2020-07-22T18:28:18 IST" skipped="0">
  <testcase classname="tests.loginandagent_DefaultProfile" name="GoToUrlPositiveEnterctl00cPHloginPositiveEnterctl00cPHpassClickLoginPositiveEnterctl00cPHFilter" time="12.813"/>
  <system-out/>
</testsuite> <!-- tests.loginandagent_DefaultProfile -->
