<?xml version="1.0" encoding="UTF-8"?>
<!-- Generated by org.testng.reporters.JUnitReportReporter -->
<testsuite hostname="Deepika-2AT30NI" failures="0" tests="1" name="tests.testcase251_DefaultProfile2" time="141.900" errors="0" timestamp="2021-10-13T18:04:25 IST" skipped="0">
  <testcase classname="tests.testcase251_DefaultProfile2" name="GoToUrlusernamepositiveinputPositiveEnterctl00cPHpassClickLoginPositiveEnterctl00cPHFiltertxtAg" time="141.900"/>
  <system-out>
Income and capital tax due verified successfully: 0.0 Balance Tax for the year verified successfully: 26112.12  </system-out>
</testsuite> <!-- tests.testcase251_DefaultProfile2 -->
