<?xml version="1.0" encoding="UTF-8"?>
<!-- Generated by org.testng.reporters.JUnitReportReporter -->
<testsuite hostname="Deepika-2AT30NI" failures="0" tests="1" name="tests.testcase243_DefaultProfile2" time="107.931" errors="0" timestamp="2021-10-13T18:04:25 IST" skipped="0">
  <testcase classname="tests.testcase243_DefaultProfile2" name="GoToUrlusernamepositiveinputPositiveEnterctl00cPHpassClickLoginPositiveEnterctl00cPHFiltertxtAg" time="107.931"/>
  <system-out>
Income tax due verified successfully: 6790.0 Balance Tax for the year verified successfully: 4090.0  </system-out>
</testsuite> <!-- tests.testcase243_DefaultProfile2 -->
