<?xml version="1.0" encoding="UTF-8"?>
<!-- Generated by org.testng.reporters.JUnitReportReporter -->
<testsuite hostname="Deepika-2AT30NI" failures="0" tests="1" name="tests.testcaseSIGNYOURFORM_DefaultProfile2" time="82.678" errors="0" timestamp="2021-07-08T07:58:46 IST" skipped="0">
  <testcase classname="tests.testcaseSIGNYOURFORM_DefaultProfile2" name="GoToUrlusernamepositiveinputPositiveEnterctl00cPHpassClickLoginPositiveEnterctl00cPHFiltertxtAg" time="82.678"/>
  <system-out>
SigningYourForm OtherInformationSpace:TEST ProvisionalFigures:yes CoronavirusSupportPaymentsIncluded:yes CapacityOfPersonSigning:London NameOfPersonSignedFor:abc NameOfPersonSigning:Aliyena  AddressOfPersonSigning Line:Edgeware road Line:London PostCode:E14 9PX  </system-out>
</testsuite> <!-- tests.testcaseSIGNYOURFORM_DefaultProfile2 -->
