<?xml version="1.0" encoding="UTF-8"?>
<!-- Generated by org.testng.reporters.JUnitReportReporter -->
<testsuite hostname="Deepika-2AT30NI" failures="0" tests="1" name="tests.testcaseSELFEMP45_DefaultProfile2" time="164.704" errors="0" timestamp="2021-10-28T21:49:16 IST" skipped="0">
  <testcase classname="tests.testcaseSELFEMP45_DefaultProfile2" name="GoToUrlusernamepositiveinputPositiveEnterctl00cPHpassClickLoginPositiveEnterctl00cPHFiltertxtAg" time="164.704"/>
  <system-out>
Tax year : 2019-20 Turnover:23319.00 CarVanAndTravelExpenses:6603.00 RentAndOtherPropertyCosts:1530.00 PhoneAndOtherOfficeCosts:852.00 AdvertisingAndEntertainmentCosts:120.00 AccountancyAndLegalFees:330.00 DepreciationAndLossProfitOnSale:2308.25 OtherBusinessExpenses:530.00 TotalExpenses:12273.25 DisallowableDepreciationAndLossProfitOnSale:2308.25 TotalDisallowableExpenses:2308.25 NetProfitLoss:11045.75 AdditionsToNetProfitDeductionsFromNetLoss:2308.25 NetBusinessProfitLossForTax:13354.00 AdjustedProfitForTheYear:13354.00 TotalTaxableBusinessProfits:13354.00 EquipmentMachineryVehicles:5974.75 TotalBusinessAssets:5974.75 OtherLiabilities:180.00 NetBusinessAssets:5794.75 CapitalAccountBalanceAtStart:2250.00 Drawings:7501.00 CapitalAccountBalanceAtEnd:5794.75  </system-out>
</testsuite> <!-- tests.testcaseSELFEMP45_DefaultProfile2 -->
