<?xml version="1.0" encoding="UTF-8"?>
<!-- Generated by org.testng.reporters.JUnitReportReporter -->
<testsuite hostname="Deepika-2AT30NI" failures="0" tests="1" name="tests.testcaseAOITag_DefaultProfile2" time="49.664" errors="0" timestamp="2021-06-24T17:17:49 IST" skipped="0">
  <testcase classname="tests.testcaseAOITag_DefaultProfile2" name="GoToUrlusernamepositiveinputPositiveEnterctl00cPHpassClickLoginPositiveEnterctl00cPHFiltertxtAg" time="49.664"/>
  <system-out>
SA101 GiltEdgeSecuritiesInterest NetGiltInterest: 10001.00 TaxTakenOffGiltInterest: 1002.00 GrossGiltInterest: 1003.00 LifeInsuranceGainsTaxTreatedAsPaid AmountOfGain: 3001.00 NumberOfYears: 2 LifeInsuranceGainsNoTaxTreatedAsPaid AmountOfGain: 3002.00 NumberOfYears: 3 LifeInsuranceGainsFromVoidedISAs AmountOfGain: 3004.00 NumberOfYears: 4 LifeInsuranceGains TaxTakenOffGainsFromVoidedISAs: 1001.00 DeficiencyRelief: 200.00 StockDistributionsAndLoansWrittenOff StockDividends: 1004.00 BonusIssuesOfSecuritiesAndRedeemableShares: 1005.00 CloseCompanyLoansWrittenOffOrReleased: 1006.00 BusinessTaxedIncome All XML tags checked AOI page of SA 100  </system-out>
</testsuite> <!-- tests.testcaseAOITag_DefaultProfile2 -->
