<?xml version="1.0" encoding="UTF-8"?>
<!-- Generated by org.testng.reporters.JUnitReportReporter -->
<testsuite hostname="Deepika-2AT30NI" failures="0" tests="1" name="tests.testcaseSELFEMP15_DefaultProfile2" time="134.296" errors="0" timestamp="2021-10-22T01:15:28 IST" skipped="0">
  <testcase classname="tests.testcaseSELFEMP15_DefaultProfile2" name="GoToUrlusernamepositiveinputPositiveEnterctl00cPHpassClickLoginPositiveEnterctl00cPHFiltertxtAg" time="134.296"/>
  <system-out>
Amount in Turnover at UI summary: manual entry :15400 Amount in Expenditure at UI summary: manual entry :130 Amount in Net rpofit at UI summary: manual entry :15270 AllowableBusinessExpenses CostOfGoods:10 CarVanAndTravelExpenses:20 WagesSalariesAndStaffCosts:10 RentAndOtherPropertyCosts:20 RepairsAndMaintenanceCosts:10 AccountancyAndLegalFees:20 InterestAndFinanceCharges:10 PhoneAndOtherOfficeCosts:20 OtherAllowableBusinessExpenses:10 TotalAllowableExpenses:130 AllowableBusinessExpenses NetProfitOrLoss:15270 NetBusinessProfitForTax:15270 TotalTaxableBusinessProfits:15270 Tax year : 2019-20 Turnover after linking:77880 Other income:20000 Success ! Tax return is validated AllowableBusinessExpenses CostOfGoods:8175 CarVanAndTravelExpenses:-1530 WagesSalariesAndStaffCosts:50000 RentAndOtherPropertyCosts:23600 RepairsAndMaintenanceCosts:240 AccountancyAndLegalFees:200 AdvertisingAndEntertainmentCosts:150 BankAndLoanInterest:295 OtherFinanceCharges:65.75 InterestAndFinanceCharges:360.75 PhoneAndOtherOfficeCosts:640 OtherBusinessExpenses:18310 TotalExpenses:100096.25 OtherAllowableBusinessExpenses:1510 TotalAllowableExpenses:1510  AdditionsToNetProfitDeductionsFromNetLoss:1510 AllowableBusinessExpenses NetProfitOrLoss:706.25 AnyOtherBusinessIncome:706.25 TotalLossToCarryForward:706.25 CashInHand:16407.50 OtherCurrentAssets:19160 TotalBusinessAssets:35567.50 OtherLiabilities:40000 NetBusinessAssets:-4432.50 NetProfitOrLoss:-2216.25 CapitalAccountBalanceAtEnd:-2216.25 linking verified with new ledger codes and manual scenario for full form  </system-out>
</testsuite> <!-- tests.testcaseSELFEMP15_DefaultProfile2 -->
