<?xml version="1.0" encoding="UTF-8"?>
<!-- Generated by org.testng.reporters.JUnitReportReporter -->
<testsuite hostname="Deepika-2AT30NI" failures="0" tests="1" name="tests.testcaseSELFEMP27_DefaultProfile2" time="139.800" errors="0" timestamp="2021-10-22T01:15:28 IST" skipped="0">
  <testcase classname="tests.testcaseSELFEMP27_DefaultProfile2" name="GoToUrlusernamepositiveinputPositiveEnterctl00cPHpassClickLoginPositiveEnterctl00cPHFiltertxtAg" time="139.800"/>
  <system-out>
Tax year : 2019-20 Turnover:16800 Success ! Tax return is validated AllowableBusinessExpenses CarVanAndTravelExpenses:-650 DebtsWrittenOff:600 AdvertisingAndEntertainmentCosts:550 BankAndLoanInterest:295 DepreciationAndLossProfitOnSale:2350 OtherBusinessExpenses:6650 TotalExpenses:10800 DisallowableCarAndTravelExpenses:10 DisallowableAdvertisingAndEntertainmentCosts:20  DisallowableDebtsWrittenOff:30 DisallowableDepreciationAndLossProfitOnSale:40 DisallowableOtherBusinessExpenses:50 DisallowableOtherBusinessExpenses:150 NetProfitOrLoss:6000 AdditionsToNetProfitDeductionsFromNetLoss:150 NetBusinessProfitLossForTax:6150 AdjustedProfitForTheYear:6150 TotalTaxableBusinessProfits:7500 OtherCurrentAssets:6000 TotalBusinessAssets:6000 NetBusinessAssets:-6000 NetProfitOrLoss:-6000 CapitalAccountBalanceAtEnd:-6000 Disallowable expenses amount verified  </system-out>
</testsuite> <!-- tests.testcaseSELFEMP27_DefaultProfile2 -->
