<?xml version="1.0" encoding="UTF-8"?>
<!-- Generated by org.testng.reporters.JUnitReportReporter -->
<testsuite hostname="Deepika-2AT30NI" failures="0" tests="1" name="tests.testcase219_DefaultProfile2" time="88.840" errors="0" timestamp="2021-10-13T18:04:23 IST" skipped="0">
  <testcase classname="tests.testcase219_DefaultProfile2" name="GoToUrlusernamepositiveinputPositiveEnterctl00cPHpassClickLoginPositiveEnterctl00cPHFiltertxtAg" time="88.840"/>
  <system-out>
Income tax due verified successfully: 2148.0 Balance Tax for the year verified successfully: 2728.7  </system-out>
</testsuite> <!-- tests.testcase219_DefaultProfile2 -->
