<?xml version="1.0" encoding="UTF-8"?>
<!-- Generated by org.testng.reporters.JUnitReportReporter -->
<testsuite hostname="Deepika-2AT30NI" failures="0" tests="1" name="tests.testcaseotherincomeTag_DefaultProfile3" time="71.202" errors="0" timestamp="2021-06-24T17:27:57 IST" skipped="0">
  <testcase classname="tests.testcaseotherincomeTag_DefaultProfile3" name="GoToUrlusernamepositiveinputPositiveEnterctl00cPHpassClickLoginPositiveEnterctl00cPHFiltertxtAg" time="71.202"/>
  <system-out>
OtherUKIncome OtherTaxableIncome: 4567.00 AllowableExpenses: 1234.00 TaxTakenOffOtherTaxableIncome: 213.00 DeemedIncomeOrBenefits: 222.00 DescriptionOfOtherIncome: Testing All XML tags checked INC page of SA 100  </system-out>
</testsuite> <!-- tests.testcaseotherincomeTag_DefaultProfile3 -->
