<?xml version="1.0" encoding="UTF-8"?>
<!-- Generated by org.testng.reporters.JUnitReportReporter -->
<testsuite hostname="Deepika-2AT30NI" failures="0" tests="1" name="tests.testcase71_DefaultProfile2" time="84.166" errors="0" timestamp="2021-10-13T18:04:25 IST" skipped="0">
  <testcase classname="tests.testcase71_DefaultProfile2" name="GoToUrlusernamepositiveinputPositiveEnterctl00cPHpassClickLoginPositiveEnterctl00cPHFiltertxtAg" time="84.166"/>
  <system-out>
Income tax overpaid verified successfully: 91.25 Capital gain Tax Due verified successfully: 1770.0 Balance Tax for the year verified successfully: 1678.75  </system-out>
</testsuite> <!-- tests.testcase71_DefaultProfile2 -->
