<?xml version="1.0" encoding="UTF-8"?>
<!-- Generated by org.testng.reporters.JUnitReportReporter -->
<testsuite hostname="Deepika-2AT30NI" failures="0" tests="1" name="tests.testcase21_DefaultProfile2" time="95.815" errors="0" timestamp="2021-10-13T18:04:24 IST" skipped="0">
  <testcase classname="tests.testcase21_DefaultProfile2" name="GoToUrlusernamepositiveinputPositiveEnterctl00cPHpassClickLoginPositiveEnterctl00cPHFiltertxtAg" time="95.815"/>
  <system-out>
Income tax due verified successfully: 13677.15 Balance Tax for the year verified successfully: 12570.75  </system-out>
</testsuite> <!-- tests.testcase21_DefaultProfile2 -->
