<?xml version="1.0" encoding="UTF-8"?>
<!-- Generated by org.testng.reporters.JUnitReportReporter -->
<testsuite hostname="Deepika-2AT30NI" failures="0" tests="1" name="tests.testcaseMATOUTTag_DefaultProfile2" time="77.847" errors="0" timestamp="2021-06-24T17:17:49 IST" skipped="0">
  <testcase classname="tests.testcaseMATOUTTag_DefaultProfile2" name="GoToUrlusernamepositiveinputPositiveEnterctl00cPHpassClickLoginPositiveEnterctl00cPHFiltertxtAg" time="77.847"/>
  <system-out>
SurplusAllowances SurplusBlindPersonsAllowance: 1000.00 BlindPersonsAllowance RegisteredBlind: yes LocalAuthorityName: Liverpool SurplusBlindPersonsAllowanceFromSpouse: yes All XML tags of MAT OUT and Blind allowance checked  </system-out>
</testsuite> <!-- tests.testcaseMATOUTTag_DefaultProfile2 -->
