<?xml version="1.0" encoding="UTF-8"?>
<!-- Generated by org.testng.reporters.JUnitReportReporter -->
<testsuite hostname="Deepika-2AT30NI" failures="0" tests="1" name="tests.testcaseASE_DefaultProfile2" time="72.343" errors="0" timestamp="2021-06-24T17:17:49 IST" skipped="0">
  <testcase classname="tests.testcaseASE_DefaultProfile2" name="GoToUrlusernamepositiveinputPositiveEnterctl00cPHpassClickLoginPositiveEnterctl00cPHFiltertxtAg" time="72.343"/>
  <system-out>
Income tax due verified successfully: 0.0 SA101 SharesEmploymentCompensationsAndDeductions ShareSchemesTaxableAmount: 2001.00 LumpSums LumpSumSalariesAndOtherPayments: 2002.00 LumpSumsOrBenefitsFromRetirementSchemes: 2003.00 RedundancyAndOtherCompensationPayments: 2004.00 TaxTakenOff: 2005.00 CompensationAndLumpSumExemption: 2007.00 DisabilityAndForeignServiceDeduction: 2008.00 SeafarersEarningsDeduction: 2009.00 NonUKTaxableForeignEarnings: 2010.00 ForeignTaxNoForeignTaxCreditReliefClaim: 2011.00 OverseasPensionExemptEmployerContributions: 2012.00 UKpatentRoyaltyPaymentsMade: 2013.00 All XML tags checked ASE page of SA 101  </system-out>
</testsuite> <!-- tests.testcaseASE_DefaultProfile2 -->
