<?xml version="1.0" encoding="UTF-8"?>
<!-- Generated by org.testng.reporters.JUnitReportReporter -->
<testsuite hostname="Deepika-2AT30NI" failures="0" tests="1" name="tests.testcase51_DefaultProfile2" time="91.055" errors="0" timestamp="2021-10-13T18:04:25 IST" skipped="0">
  <testcase classname="tests.testcase51_DefaultProfile2" name="GoToUrlusernamepositiveinputPositiveEnterctl00cPHpassClickLoginPositiveEnterctl00cPHFiltertxtAg" time="91.055"/>
  <system-out>
Income tax due verified successfully: 9497.32 Foreign credit relief amount verified successfully: 2442.0 Balance Tax for the year verified successfully: 24334.0  </system-out>
</testsuite> <!-- tests.testcase51_DefaultProfile2 -->
