<?xml version="1.0" encoding="UTF-8"?>
<!-- Generated by org.testng.reporters.JUnitReportReporter -->
<testsuite hostname="Deepika-2AT30NI" failures="0" tests="1" name="tests.testcase229_DefaultProfile2" time="85.026" errors="0" timestamp="2021-10-13T18:04:23 IST" skipped="0">
  <testcase classname="tests.testcase229_DefaultProfile2" name="GoToUrlusernamepositiveinputPositiveEnterctl00cPHpassClickLoginPositiveEnterctl00cPHFiltertxtAg" time="85.026"/>
  <system-out>
Income tax due verified successfully: 22327.58 Balance Tax for the year verified successfully: 14827.58  </system-out>
</testsuite> <!-- tests.testcase229_DefaultProfile2 -->
