<?xml version="1.0" encoding="UTF-8"?>
<!-- Generated by org.testng.reporters.JUnitReportReporter -->
<testsuite hostname="Deepika-2AT30NI" failures="0" tests="1" name="tests.testcaseMCA4_DefaultProfile2" time="125.594" errors="0" timestamp="2021-06-24T17:17:49 IST" skipped="0">
  <testcase classname="tests.testcaseMCA4_DefaultProfile2" name="GoToUrlusernamepositiveinputPositiveEnterctl00cPHpassClickLoginPositiveEnterctl00cPHFiltertxtAg" time="125.594"/>
  <system-out>
AdditionalInformationSchedule: yes LowerEarner AllMinimumAllowanceTransferToYou: yes SpousesName: Jonny All XML tags checked 2nd scenario of MCA page of for Lower income SA 101  </system-out>
</testsuite> <!-- tests.testcaseMCA4_DefaultProfile2 -->
