<?xml version="1.0" encoding="UTF-8"?>
<!-- Generated by org.testng.reporters.JUnitReportReporter -->
<testsuite hostname="Deepika-2AT30NI" failures="0" tests="1" name="tests.testcase24_DefaultProfile2" time="104.571" errors="0" timestamp="2021-10-13T18:04:23 IST" skipped="0">
  <testcase classname="tests.testcase24_DefaultProfile2" name="GoToUrlusernamepositiveinputPositiveEnterctl00cPHpassClickLoginPositiveEnterctl00cPHFiltertxtAg" time="104.571"/>
  <system-out>
Income tax due verified successfully: 6672.03 Balance Tax for the year verified successfully: -1741.42  </system-out>
</testsuite> <!-- tests.testcase24_DefaultProfile2 -->
