<?xml version="1.0" encoding="UTF-8"?>
<!-- Generated by org.testng.reporters.JUnitReportReporter -->
<testsuite hostname="Deepika-2AT30NI" failures="0" tests="1" name="tests.testcaseSELFEMP43_DefaultProfile2" time="165.939" errors="0" timestamp="2021-10-28T21:49:16 IST" skipped="0">
  <testcase classname="tests.testcaseSELFEMP43_DefaultProfile2" name="GoToUrlusernamepositiveinputPositiveEnterctl00cPHpassClickLoginPositiveEnterctl00cPHFiltertxtAg" time="165.939"/>
  <system-out>
Tax year : 2019-20 BusinessName:SA-1964 Case 1 BusinessDescription:test123 BusinessAddressFirstLine:ABC BAC  BusinessAddressPostcode:e14 9px DateAccountingPeriodStarts:2020-04-06 DateAccountingPeriodEnds:2021-04-05 Turnover:37837.34 OtherBusinessIncome:1000 CostOfGoods:23487.14 CarVanAndTravelExpenses:3256.80 RentAndOtherPropertyCosts:4967.15 RepairsAndMaintenanceCosts:1296.88 PhoneAndOtherOfficeCosts:245.32 BankAndLoanInterest:324.44 OtherFinanceCharges:453.34 AccountancyAndLegalFees:4430.37 DepreciationAndLossProfitOnSale:12107.89 OtherBusinessExpenses:752.51 TotalExpenses:51321.84 DisallowableRepairsAndMaintenanceCosts:10.00 DisallowablePhoneAndOtherOfficeCosts:20.00 DisallowableBankAndLoanInterest:40.00 DisallowableOtherFinanceCharges:50.00 DisallowableAccountancyAndLegalFees:70.00 DisallowableDepreciationAndLossProfitOnSale:12107.89 TotalDisallowableExpenses:12297.89 NetProfitLoss:-12484.50 AdditionsToNetProfitDeductionsFromNetLoss:12297.89 NetBusinessProfitLossForTax:-186.61 ChangeOfAccountingPracticeAdjustment:100.00 AveragingAdjustment:200.00 AdjustedProfitForTheYear:300.00 TotalTaxableBusinessProfits:300.00 AdjustedLossForTheYear:186.61 TotalLossToCarryForward:186.61 EquipmentMachineryVehicles:55483 OtherFixedAssets:24063.00 StockAndWorkInProgress:36200.00 OtherCurrentAssets:5543.45 TotalBusinessAssets:121289.45 LoansAndOverdrafts:22854.50 OtherLiabilities:7180.00 NetBusinessAssets:91254.95 CapitalAccountBalanceAtStart:82143.74 NetProfitOrLoss:-12484.50 CapitalIntroduced:22595.71 CapitalAccountBalanceAtEnd:92254.95 Success:Tax return is validated  </system-out>
</testsuite> <!-- tests.testcaseSELFEMP43_DefaultProfile2 -->
