<?xml version="1.0" encoding="UTF-8"?>
<!-- Generated by org.testng.reporters.JUnitReportReporter -->
<testsuite hostname="Deepika-2AT30NI" failures="0" tests="1" name="tests.testcaseMCA2_DefaultProfile2" time="68.178" errors="0" timestamp="2021-06-24T17:17:49 IST" skipped="0">
  <testcase classname="tests.testcaseMCA2_DefaultProfile2" name="GoToUrlusernamepositiveinputPositiveEnterctl00cPHpassClickLoginPositiveEnterctl00cPHFiltertxtAg" time="68.178"/>
  <system-out>
AdditionalInformationSchedule: yes SA101 HigherEarner SpousesName: Jhon SpousesDateOfBirth: 1935-04-05 AllMinimumAllowanceTransferToOther: yes PreviousSpousesDateOfBirth: 1970-05-05 AgeRelatedMarriedCouplesAllowance DateOfMarriageOrCivilPartnership: 2019-09-06 SurplusAllowanceToSpouse: yes All XML tags checked 2nd scenario of MCA page of for high income SA 101  </system-out>
</testsuite> <!-- tests.testcaseMCA2_DefaultProfile2 -->
