<?xml version="1.0" encoding="UTF-8"?>
<!-- Generated by org.testng.reporters.JUnitReportReporter -->
<testsuite hostname="Deepika-2AT30NI" failures="0" tests="1" name="tests.Reimbursementscenario2_DefaultProfile" time="63.705" errors="0" timestamp="2020-11-03T23:24:17 IST" skipped="0">
  <testcase classname="tests.Reimbursementscenario2_DefaultProfile" name="GoToUrlpositiveenterusernamepositiveenterpasswordClickLoginsuccessGoToUrlpositiveagentnameCl1" time="63.705"/>
  <system-out/>
</testsuite> <!-- tests.Reimbursementscenario2_DefaultProfile -->
