<?xml version="1.0" encoding="UTF-8"?>
<!-- Generated by org.testng.reporters.JUnitReportReporter -->
<testsuite hostname="Deepika-2AT30NI" failures="0" tests="1" name="tests.testcaseemptag_DefaultProfile2" time="65.740" errors="0" timestamp="2021-06-24T16:18:23 IST" skipped="0">
  <testcase classname="tests.testcaseemptag_DefaultProfile2" name="GoToUrlusernamepositiveinputPositiveEnterctl00cPHpassClickLoginPositiveEnterctl00cPHFiltertxtAg" time="65.740"/>
  <system-out>
 Employment PayFromEmployment:10000.00 TaxTakenOffPay:1500.00 TipsAndOtherPayments:100.00 EmployerPAYEReference:456/456 EmployersName-BFD TECH LTD CompanyDirector:no Benefits CompanyCarsAndVansBenefit:10.00 FuelForCarsAndVans-20.00 PrivateMedicalDentalInsurance:30.00 VouchersCreditCardsExcessMileageAllowance:40.00 GoodsEtcProvidedByEmployer:50.00 AccommodationProvidedByEmployer:60.00 OtherBenefits:70.00 ExpensesPaymentsReceived:80.00 Expenses BusinessTravelAndSubsistence:10.00 FixedExpensesDeductions:20.00 ProfessionalFeesAndSubscriptions:30.00 OtherExpensesAndCapitalAllowances:40.00  </system-out>
</testsuite> <!-- tests.testcaseemptag_DefaultProfile2 -->
