<?xml version="1.0" encoding="UTF-8"?>
<!-- Generated by org.testng.reporters.JUnitReportReporter -->
<testsuite hostname="Deepika-2AT30NI" failures="0" tests="1" name="tests.fullprocess_DefaultProfile" time="36.571" errors="0" timestamp="2020-09-02T18:49:57 IST" skipped="0">
  <testcase classname="tests.fullprocess_DefaultProfile" name="GoToUrlClickFreeTrialPositiveEnterq3namePositiveEnterq3lnamePositiveEnterq3companyPositiveEnte" time="36.571"/>
  <system-out/>
</testsuite> <!-- tests.fullprocess_DefaultProfile -->
