<?xml version="1.0" encoding="UTF-8"?>
<!-- Generated by org.testng.reporters.JUnitReportReporter -->
<testsuite hostname="Deepika-2AT30NI" failures="0" tests="1" name="tests.testcase156_DefaultProfile2" time="105.167" errors="0" timestamp="2021-10-13T18:04:24 IST" skipped="0">
  <testcase classname="tests.testcase156_DefaultProfile2" name="GoToUrlusernamepositiveinputPositiveEnterctl00cPHpassClickLoginPositiveEnterctl00cPHFiltertxtAg" time="105.167"/>
  <system-out>
Income tax due verified successfully: 29890.48 Balance Tax for the year verified successfully: 12490.48  </system-out>
</testsuite> <!-- tests.testcase156_DefaultProfile2 -->
