<?xml version="1.0" encoding="UTF-8"?>
<!-- Generated by org.testng.reporters.JUnitReportReporter -->
<testsuite hostname="Deepika-2AT30NI" failures="0" tests="1" name="tests.testcase193_DefaultProfile2" time="83.325" errors="0" timestamp="2021-10-13T18:04:24 IST" skipped="0">
  <testcase classname="tests.testcase193_DefaultProfile2" name="GoToUrlusernamepositiveinputPositiveEnterctl00cPHpassClickLoginPositiveEnterctl00cPHFiltertxtAg" time="83.325"/>
  <system-out>
Income tax due verified successfully: 20172.0 Balance Tax for the year verified successfully: 14110.3  </system-out>
</testsuite> <!-- tests.testcase193_DefaultProfile2 -->
