<?xml version="1.0" encoding="UTF-8"?>
<!-- Generated by org.testng.reporters.JUnitReportReporter -->
<testsuite hostname="Deepika-2AT30NI" failures="0" tests="1" name="tests.testcaseSELFEMP54_DefaultProfile2" time="170.492" errors="0" timestamp="2021-10-28T21:49:16 IST" skipped="0">
  <testcase classname="tests.testcaseSELFEMP54_DefaultProfile2" name="GoToUrlusernamepositiveinputPositiveEnterctl00cPHpassClickLoginPositiveEnterctl00cPHFiltertxtAg" time="170.492"/>
  <system-out>
Tax year : 2017-18 Turnover:8242.80 PhoneAndOtherOfficeCosts:1226.36 OtherFinanceCharges:2099.71 AccountancyAndLegalFees:107.10 TotalExpenses:3433.17 NetProfitLoss:4809.63 NetBusinessProfitLossForTax:4809.63 SEISSgrant:3254.00 AdjustedProfitForTheYear:8063.63 TotalTaxableBusinessProfits:8063.63 NetProfitOrLoss:4809.63 CapitalAccountBalanceAtEnd:4809.63 Expenditure at self emp UI:3433.17 Amount of Bank, credit card and other financial charges verified at UI:3433.17  </system-out>
</testsuite> <!-- tests.testcaseSELFEMP54_DefaultProfile2 -->
