<?xml version="1.0" encoding="UTF-8"?>
<!-- Generated by org.testng.reporters.JUnitReportReporter -->
<testsuite hostname="Deepika-2AT30NI" failures="0" tests="1" name="tests.testcase112_DefaultProfile2" time="64.685" errors="0" timestamp="2021-10-13T18:04:25 IST" skipped="0">
  <testcase classname="tests.testcase112_DefaultProfile2" name="GoToUrlusernamepositiveinputPositiveEnterctl00cPHpassClickLoginPositiveEnterctl00cPHFiltertxtAg" time="64.685"/>
  <system-out>
Income tax due verified successfully: 46266.4 Balance Tax for the year verified successfully: 24200.9  </system-out>
</testsuite> <!-- tests.testcase112_DefaultProfile2 -->
