<?xml version="1.0" encoding="UTF-8"?>
<!-- Generated by org.testng.reporters.JUnitReportReporter -->
<testsuite hostname="Deepika-2AT30NI" failures="0" tests="1" name="tests.testcase105tag_DefaultProfile2" time="66.504" errors="0" timestamp="2021-06-24T16:18:23 IST" skipped="0">
  <testcase classname="tests.testcase105tag_DefaultProfile2" name="GoToUrlusernamepositiveinputPositiveEnterctl00cPHpassClickLoginPositiveEnterctl00cPHFiltertxtAg" time="66.504"/>
  <system-out>
SA105 UKPropertyDetails NumberOfProperties: 2 PropertyIncomeCeasedInYear: yes IncomeFromPropertyLetJointly: yes UKPropertyDetails FurnishedHolidayLettings FurnishedHolidayLettingsIncome: 10000.00 TraditionalAccounting: yes FurnishedHolidayLettingsExpenses: 201.00 FurnishedHolidayLettingsInterestEtcCosts: 202.00 FurnishedHolidayLettingsManagementEtcFees: 203.00 FurnishedHolidayLettingsOtherExpenses: 204.00 PrivateUseAdjustment: 205.00 BalancingCharges: 206.00 ElectricChargePointAllowance: 207.00 CapitalAllowances: 208.00 AdjustedProfitForTheYear: 9186.00 LossesBroughtForward: 209.00 TaxableProfitForYear: 8977.00 LossToCarryForward: 210.00 PeriodOfGraceElection: yes FurnishedHolidayLettings FurnishedHolidayLettingsIncome: 15000.00 TraditionalAccounting: yes FurnishedHolidayLettingsExpenses: 103.00 FurnishedHolidayLettingsInterestEtcCosts: 105.00 FurnishedHolidayLettingsManagementEtcFees: 105.00 FurnishedHolidayLettingsOtherExpenses: 106.00 PrivateUseAdjustment: 107.00 BalancingCharges: 108.00 ElectricChargePointAllowance: 109.00 CapitalAllowances: 110.00 AdjustedProfitForTheYear: 14577.00 LossesBroughtForward: 111.00 TaxableProfitForYear: 14466.00 LossToCarryForward: 112.00 PeriodOfGraceElection: yes InEEA: yes PropertyIncomeAndExpenses TotalRentsAndOtherIncomeFromProperty: 20000.00 TraditionalAccounting: yes TaxTakenOffAnyIncome: 301.00 PremiumsForGrantOfALease: 302.00 ReversePremiumsAndInducements: 303.00 RentRatesInsuranceAndGroundRents: 304.00 RepairsAndMaintenance: 305.00 AllowableInterestAndOtherFinancialCharges: 306.00 LegalManagementAndProfessionalFees: 307.00 CostsOfServicesProvided: 308.00 OtherPropertyExpenses: 309.00 TaxableProfitOrLoss PrivateUseAdjustment: 310.00 BalancingCharges: 311.00 AnnualInvestmentAllowance: 312.00 TheStructuresAndBuildingsAllowance: 313.00 ElectricChargePointAllowance: 314.00 ZeroEmissionGoodsVehicleAllowance: 315.00 EnhancedCapitalAllowances: 316.00 CostsOfReplacingDomesticItems: 317.00 RentARoomExemptAmount: 318.00 AdjustedProfitForTheYear: 17182.00 LossBroughtForward: 319.00 TaxableProfitForTheYear: 16863.00 LossSetOffAgainstTotalIncomeOfTheYear: 320.00 ResidentialFinanceCosts: 322.00 UnusedResidentialFinanceCostsBroughtForward: 400.00 All XML tags checked of SA 105 profit case  </system-out>
</testsuite> <!-- tests.testcase105tag_DefaultProfile2 -->
