<?xml version="1.0" encoding="UTF-8"?>
<!-- Generated by org.testng.reporters.JUnitReportReporter -->
<testsuite hostname="Deepika-2AT30NI" failures="0" tests="1" name="tests.testcase79_DefaultProfile2" time="84.288" errors="0" timestamp="2021-10-13T18:04:23 IST" skipped="0">
  <testcase classname="tests.testcase79_DefaultProfile2" name="GoToUrlusernamepositiveinputPositiveEnterctl00cPHpassClickLoginPositiveEnterctl00cPHFiltertxtAg" time="84.288"/>
  <system-out>
Income tax due verified successfully: 43071.6 Balance Tax for the year verified successfully: 29911.6  </system-out>
</testsuite> <!-- tests.testcase79_DefaultProfile2 -->
