<?xml version="1.0" encoding="UTF-8"?>
<!-- Generated by org.testng.reporters.JUnitReportReporter -->
<testsuite hostname="Deepika-2AT30NI" failures="0" tests="1" name="tests.accountanttotalcntverify_DefaultProfile" time="43.224" errors="0" timestamp="2021-07-29T14:33:41 IST" skipped="0">
  <testcase classname="tests.accountanttotalcntverify_DefaultProfile" name="GoToUrlusernamepositiveinputPositiveEnterctl00cPHpassClickLoginPositiveEnterctl00cPHFiltertxtAg" time="43.224"/>
  <system-out/>
</testsuite> <!-- tests.accountanttotalcntverify_DefaultProfile -->
