<?xml version="1.0" encoding="UTF-8"?>
<!-- Generated by org.testng.reporters.JUnitReportReporter -->
<testsuite hostname="Deepika-2AT30NI" failures="0" tests="1" name="tests.testcaseNR4_DefaultProfile2" time="80.669" errors="0" timestamp="2021-07-08T07:58:46 IST" skipped="0">
  <testcase classname="tests.testcaseNR4_DefaultProfile2" name="GoToUrlusernamepositiveinputPositiveEnterctl00cPHpassClickLoginPositiveEnterctl00cPHFiltertxtAg" time="80.669"/>
  <system-out>
SA109 ResidenceStatus NotResidentInUK:yes HadAHomeOverseas:yes ResidenceStatus TimeSpentInUK NumberOfDaysSpentInUK:120 NumberOfDaysDueToExceptionalCircumstances:5 NumberOfDaysWorkingOnCOVID19:12 PersonalAllowances PersonalAllowancesClaimOnOtherBasis:yes CodeForCountryOfNationalityOrResidence:IND ResidenceInOtherCountries  DomiciledOutsideTheUKForTax:yes ConditionB:yes YearsUKresident:12 FirstYearOrAlwaysDomiciledOutsideUK:yes DateOfComingToLiveInUK:2009-04-10 AnyOtherInformationSpace:Moved to Switzerland for employment purpose  </system-out>
</testsuite> <!-- tests.testcaseNR4_DefaultProfile2 -->
