<?xml version="1.0" encoding="UTF-8"?>
<!-- Generated by org.testng.reporters.JUnitReportReporter -->
<testsuite hostname="Deepika-2AT30NI" failures="0" tests="1" name="tests.testcase168_DefaultProfile2" time="135.453" errors="0" timestamp="2021-10-13T18:04:24 IST" skipped="0">
  <testcase classname="tests.testcase168_DefaultProfile2" name="GoToUrlusernamepositiveinputPositiveEnterctl00cPHpassClickLoginPositiveEnterctl00cPHFiltertxtAg" time="135.453"/>
  <system-out>
Income tax due verified successfully: 50141.18 Balance Tax for the year verified successfully: 57055.78  </system-out>
</testsuite> <!-- tests.testcase168_DefaultProfile2 -->
