<?xml version="1.0" encoding="UTF-8"?>
<!-- Generated by org.testng.reporters.JUnitReportReporter -->
<testsuite hostname="Deepika-2AT30NI" failures="0" tests="1" name="tests.testcase29_DefaultProfile2" time="86.769" errors="0" timestamp="2021-10-13T18:04:24 IST" skipped="0">
  <testcase classname="tests.testcase29_DefaultProfile2" name="GoToUrlusernamepositiveinputPositiveEnterctl00cPHpassClickLoginPositiveEnterctl00cPHFiltertxtAg" time="86.769"/>
  <system-out>
Income tax due verified successfully: 70599.24 Balance Tax for the year verified successfully: 20398.98  </system-out>
</testsuite> <!-- tests.testcase29_DefaultProfile2 -->
