<?xml version="1.0" encoding="UTF-8"?>
<!-- Generated by org.testng.reporters.JUnitReportReporter -->
<testsuite hostname="Deepika-2AT30NI" failures="0" tests="1" name="tests.testcaseSELFEMP21_DefaultProfile2" time="138.512" errors="0" timestamp="2021-10-22T01:15:28 IST" skipped="0">
  <testcase classname="tests.testcaseSELFEMP21_DefaultProfile2" name="GoToUrlusernamepositiveinputPositiveEnterctl00cPHpassClickLoginPositiveEnterctl00cPHFiltertxtAg" time="138.512"/>
  <system-out>
Tax year : 2017-18 Turnover:77880 Other income:20000 Success ! Tax return is validated AllowableBusinessExpenses CostOfGoods:4875 CarVanAndTravelExpenses:1720 WagesSalariesAndStaffCosts50000 RentAndOtherPropertyCosts:23600 RepairsAndMaintenanceCosts:240 AccountancyAndLegalFees:200 InterestAndFinanceCharges:360.75 PhoneAndOtherOfficeCosts:40 OtherAllowableBusinessExpenses:48460.50 TotalAllowableExpenses:130096.25 AllowableBusinessExpenses NetProfitOrLoss:706.25 AnyOtherBusinessIncome:706.25 TotalLossToCarryForward:706.25 Tax year : 2017-18 Turnover after linking:77880 Other income:20000 Success ! Tax return is validated AllowableBusinessExpenses CostOfGoods:8175 CarVanAndTravelExpenses:-1530 WagesSalariesAndStaffCosts:50000 RentAndOtherPropertyCosts:23600 RepairsAndMaintenanceCosts:240 AccountancyAndLegalFees:200 AdvertisingAndEntertainmentCosts:150 BankAndLoanInterest:295 OtherFinanceCharges:65.75 InterestAndFinanceCharges:360.75 PhoneAndOtherOfficeCosts:640 OtherBusinessExpenses:18310 TotalExpenses:100096.25 OtherAllowableBusinessExpenses:1510 TotalAllowableExpenses:1510  AdditionsToNetProfitDeductionsFromNetLoss:1510 AllowableBusinessExpenses NetProfitOrLoss:706.25 AnyOtherBusinessIncome:706.25 TotalLossToCarryForward:706.25 CashInHand:16407.50 OtherCurrentAssets:19160 TotalBusinessAssets:35567.50 OtherLiabilities:40000 NetBusinessAssets:-4432.50 NetProfitOrLoss:-2216.25 CapitalAccountBalanceAtEnd:-2216.25 linking verifiedfor short and full form  </system-out>
</testsuite> <!-- tests.testcaseSELFEMP21_DefaultProfile2 -->
