<?xml version="1.0" encoding="UTF-8"?>
<!-- Generated by org.testng.reporters.JUnitReportReporter -->
<testsuite hostname="Deepika-2AT30NI" failures="0" tests="1" name="tests.testcase164_DefaultProfile2" time="150.871" errors="0" timestamp="2021-10-13T18:04:23 IST" skipped="0">
  <testcase classname="tests.testcase164_DefaultProfile2" name="GoToUrlusernamepositiveinputPositiveEnterctl00cPHpassClickLoginPositiveEnterctl00cPHFiltertxtAg" time="150.871"/>
  <system-out>
Income tax due verified successfully: 29412.0 Balance Tax for the year verified successfully: 66.0  IR Mark when 2nd input done : O2VEWZP7UUSU22ZEA6DVS25FT6ZRVU3M  </system-out>
</testsuite> <!-- tests.testcase164_DefaultProfile2 -->
