<?xml version="1.0" encoding="UTF-8"?>
<!-- Generated by org.testng.reporters.JUnitReportReporter -->
<testsuite hostname="Deepika-2AT30NI" failures="0" tests="1" name="tests.testcaseMATINTag_DefaultProfile2" time="67.651" errors="0" timestamp="2021-06-24T17:17:49 IST" skipped="0">
  <testcase classname="tests.testcaseMATINTag_DefaultProfile2" name="GoToUrlusernamepositiveinputPositiveEnterctl00cPHpassClickLoginPositiveEnterctl00cPHFiltertxtAg" time="67.651"/>
  <system-out>
SA100 MarriageAllowanceTransferredIn: yes BlindPersonsAllowance RegisteredBlind: yes LocalAuthorityName: LiverPool SurplusBlindPersonsAllowanceToSpouse: yes SA110 SelfAssessment TotalTaxEtcDue: 0.00 PaymentsOnAccount All XML tags of MAT IN and Blind allowance checkedSA100  </system-out>
</testsuite> <!-- tests.testcaseMATINTag_DefaultProfile2 -->
