<?xml version="1.0" encoding="UTF-8"?>
<!-- Generated by org.testng.reporters.JUnitReportReporter -->
<testsuite hostname="Deepika-2AT30NI" failures="0" tests="2" name="tests.Loginpage_DefaultProfile" time="16.611" errors="0" timestamp="2020-06-23T17:28:57 IST" skipped="0">
  <testcase classname="tests.Loginpage_DefaultProfile" name="GoToUrlpositivedatapositivepasswordClickLoginsuccess1" time="9.551"/>
  <system-out/>
  <testcase classname="tests.Loginpage_DefaultProfile" name="GoToUrlpositivedatanegativedataClickLoginerror2" time="7.060"/>
  <system-out/>
</testsuite> <!-- tests.Loginpage_DefaultProfile -->
