<?xml version="1.0" encoding="UTF-8"?>
<!-- Generated by org.testng.reporters.JUnitReportReporter -->
<testsuite hostname="Deepika-2AT30NI" failures="0" tests="1" name="tests.testcaseSELFEMP72_DefaultProfile2" time="198.088" errors="0" timestamp="2021-11-12T00:08:42 IST" skipped="0">
  <testcase classname="tests.testcaseSELFEMP72_DefaultProfile2" name="GoToUrlusernamepositiveinputPositiveEnterctl00cPHpassClickLoginPositiveEnterctl00cPHFiltertxtAg" time="198.088"/>
  <system-out>
Tax year : 2018-19 Turnover at self emp UI:55000 Date of birth:06/04/1952 Exempt from Class 4 NIC is checked at self employment,verified   </system-out>
</testsuite> <!-- tests.testcaseSELFEMP72_DefaultProfile2 -->
