<?xml version="1.0" encoding="UTF-8"?>
<!-- Generated by org.testng.reporters.JUnitReportReporter -->
<testsuite hostname="Deepika-2AT30NI" failures="0" tests="1" name="tests.testcasestatebenfitTag_DefaultProfile3" time="67.059" errors="0" timestamp="2021-06-24T17:27:57 IST" skipped="0">
  <testcase classname="tests.testcasestatebenfitTag_DefaultProfile3" name="GoToUrlusernamepositiveinputPositiveEnterctl00cPHpassClickLoginPositiveEnterctl00cPHFiltertxtAg" time="67.059"/>
  <system-out>
StateBenefits AnnualStatePension: 1000.00 StatePensionLumpSum: 900.00 TaxTakenOffPensionLumpSum: 406.00 OtherPensionsAndRetirementAnnuities: 500.00 TaxTakenOffPensionsAndRetirementAnnuities: 400.00 IncapacityBenefit: 700.00 TaxTakenOffIncapacityBenefit: 600.00 JobseekersAllowance: 300.00 OtherStatePensionsAndBenefits: 100.00 All XML tags checked INC page of SA 100  </system-out>
</testsuite> <!-- tests.testcasestatebenfitTag_DefaultProfile3 -->
