<?xml version="1.0" encoding="UTF-8"?>
<!-- Generated by org.testng.reporters.JUnitReportReporter -->
<testsuite hostname="Deepika-2AT30NI" failures="0" tests="1" name="tests.testcase162_DefaultProfile2" time="82.014" errors="0" timestamp="2021-08-12T12:26:07 IST" skipped="0">
  <testcase classname="tests.testcase162_DefaultProfile2" name="GoToUrlusernamepositiveinputPositiveEnterctl00cPHpassClickLoginPositiveEnterctl00cPHFiltertxtAg" time="82.014"/>
  <system-out>
 IR Mark when tax return is blank: ULHIMG2ELPBT4ZEN5JGSSW3SDBZRVNWY  IR Mark when 1st validation done : ULHIMG2ELPBT4ZEN5JGSSW3SDBZRVNWY  </system-out>
</testsuite> <!-- tests.testcase162_DefaultProfile2 -->
