<?xml version="1.0" encoding="UTF-8"?>
<!-- Generated by org.testng.reporters.JUnitReportReporter -->
<testsuite hostname="Deepika-2AT30NI" failures="0" tests="1" name="tests.Logintoaddsupplierbill_DefaultProfile" time="66.358" errors="0" timestamp="2020-11-03T23:24:17 IST" skipped="0">
  <testcase classname="tests.Logintoaddsupplierbill_DefaultProfile" name="GoToUrlpositiveenterusernamepositiveenterpasswordClickLoginsuccessGoToUrlpositiveagentnameCl1" time="66.358"/>
  <system-out/>
</testsuite> <!-- tests.Logintoaddsupplierbill_DefaultProfile -->
