<?xml version="1.0" encoding="UTF-8"?>
<!-- Generated by org.testng.reporters.JUnitReportReporter -->
<testsuite hostname="Deepika-2AT30NI" failures="0" tests="1" name="tests.testcaseAOR_DefaultProfile2" time="81.462" errors="0" timestamp="2021-06-24T17:17:49 IST" skipped="0">
  <testcase classname="tests.testcaseAOR_DefaultProfile2" name="GoToUrlusernamepositiveinputPositiveEnterctl00cPHpassClickLoginPositiveEnterctl00cPHFiltertxtAg" time="81.462"/>
  <system-out>
GovTalkMessage GovTalkMessage xmlns: http://www.govtalk.gov.uk/CM/envelope EnvelopeVersion: 2.0 MessageDetails Class: HMRC-SA-SA100-TIL Qualifier: request Function: submit Transformation: XML IDAuthentication SenderID: SA0110 Authentication Method: clear Value: testing1 Keys Key Type= UTR : 1000000110 Channel URI: 7246 Product: NOMISMA Version: 2.0 IRheader PeriodEnd: 2020-04-05 DefaultCurrency: GBP Sender: Individual SA100 YourPersonalDetails DateOfBirth: 1990-01-01 NationalInsuranceNumber: SE913963D TaxpayerStatus: U TaxAdviser TaxAdviser: Nomisma Solution Limited TaxAdviserPhoneNumber: 02089036330 TaxAdviserAddress Line: Pacific House PostCode: HA3 8DP TrustsSchedule: yes SA107 ForeignTax: 1012.00 AnyOtherInformationSpace: Testing integer value DiscretionaryIncomePayment DiscretionaryIncomePaymentNetAmount: 100.00 PaymentsFromSettlorInterestedTrusts: 200.00 NondiscretionaryIncomeEntitlementFromTrusts NonDiscretionaryIncomeTaxedAtBasicRate: 300.00 NonDiscretionaryIncomeTaxedAtLowerRate: 400.00 NonDiscretionaryIncomeTaxedAtDividendRate: 500.00 IncomeFromTrustsEtcNonResidentTrustees: yes IncomeChargeableOnSettlors NetSettlorIncomeTaxedAtBasicRate: 700.00 NetSettlorIncomeTaxedAtLowerRate: 800.00 NetSettlorIncomeTaxedAtDividendRate: 800.00 NetSettlorIncomeTaxedAtTrustRate: 900.00 SavingsIncomeAtTrustRate: 1000.00 NetSettlorIncomeTaxedAtDividendTrustRate: 1001.00 GrossSettlorIncomeToBeTaxedAtBasicRate: 1002.00 GrossSettlorIncomeToBeTaxedAtLowerRate: 1003.00 AmountOfUKLifeInsurancePolicy: 1004.00 UKEstates EstateIncomeTaxedAtBasicRate: 1005.00 EstateIncomeTaxedAtLowerRate: 1006.00 EstateIncomeTaxedAtDividendRate: 1007.00 EstateIncomeTaxedAtNonrepayableBasicRate: 1008.00 IncomeTaxedAtNonrepayableLowerRate: 1009.00 ForeignEstates ForeignEstateIncome: 1010.00 ReliefForUKTaxAccountedFor: 1011.00 IncomeFromResidentialProperty ResidentialPropertyIncomeOrRestrictedFinanceCosts: 1013.00 UnusedResidentialFinanceCostsBroughtForward: 1014.00 All XML tags checked of Trust income page  </system-out>
</testsuite> <!-- tests.testcaseAOR_DefaultProfile2 -->
