<?xml version="1.0" encoding="UTF-8"?>
<!-- Generated by org.testng.reporters.JUnitReportReporter -->
<testsuite hostname="Deepika-2AT30NI" failures="0" tests="1" name="tests.testcasecapitalgaintag_DefaultProfile2" time="67.810" errors="0" timestamp="2021-06-24T17:17:49 IST" skipped="0">
  <testcase classname="tests.testcasecapitalgaintag_DefaultProfile2" name="GoToUrlusernamepositiveinputPositiveEnterctl00cPHpassClickLoginPositiveEnterctl00cPHFiltertxtAg" time="67.810"/>
  <system-out>
CapitalGainsSchedule: yes ResidentialPropertyAndCarriedInterest NumberOfDisposals: 2 DisposalProceeds: 1001.00 AllowableCosts: 1003.00 GainsInTheYear: 1004.00 LossesInTheYear: 1005.00 ClaimOrElectionMade: PRR GainOrLossFromRTTreturn: 120.00 GainOrLossFromUKpropertyDisposal:10 UKpropertyDisposalTaxAlreadyCharged:50 RTTtaxAlreadyCharged: 1007.00 CarriedInterest: 1008.00 OtherPropertyAssetsAndGains NumberOfDisposals: 2 DisposalProceeds: 2002.00 AllowableCosts: 2003.00 GainsInTheYear: 2004.00 AttributedGains: 2005.00 LossesInTheYear: 500.00 ClaimOrElectionMade: LET GainFromRTTreturn: 501.00 RTTtaxAlreadyCharged: 100.00 ListedSharesAndSecurities NumberOfDisposals: 3 DisposalProceeds: 3001.00 AllowableCosts: 3002.00 GainsInTheYear: 3003.00 LossesInTheYear: 600.00 ClaimOrElectionMade: ERL GainFromRTTreturn: 650.00 RTTtaxAlreadyCharged: 105.00 UnlistedSharesAndSecurities NumberOfDisposals: 4 DisposalProceeds: 4001.00 AllowableCosts: 4002.00 GainsInTheYear: 4003.00 LossesInTheYear: 700.00 ClaimOrElectionMade: NVC GainFromRTTreturn: 750.00 RTTtaxAlreadyCharged: 200.00 GainsExceedingESSlimit: 4008.00 GainsInvestedUnderSeedEIS: 251.00 LossesUsedAgainstReturnYearIncome: 250.00 SEISandEISlossReliefInReturnYear: 228.00 LossesUsedAgainstPreviousReturnYearIncome: 109.00 SEISandEISlossReliefInPreviousReturnYear: 101.00 LossesAndAdjustments LossesBroughtForwardAndUsedInTheReturnYear: 550.00 IncomeLossesOfTheReturnYearSetAgainstGains: 560.00 LossesToBeCarriedForward: 2010.00 LossesUsedAgainstEarlierReturnYearsGain: 2011.00 GainsQualifyingForInvestorsRelief: 2012.00 GainsQualifyingForEntrepreneursRelief: 2013.00 AdjustmentToCGT: 2014.00 NonResidentdualResidentTrustLiability: 2015.00 NRCGTonUKpropertyOrLandAndIndirectDisposals TotalGainsChargeableForDirectDisposalsForUKresidentialProperty: 10000.00 TotalGainsChargeableForDirectDisposalsForUKNRproperty: 1000001.00 GainsFromIndirectDisposals: yes TaxOnGainsInBoxes521and522alreadyPaid: 1000002.00 TotalLossesAvailableAgainstNRCGTgainsForTheYear: 1000003.00 SA108 AnyOtherInformationSpace: Testing Tags checked of SA108 page  </system-out>
</testsuite> <!-- tests.testcasecapitalgaintag_DefaultProfile2 -->
