<?xml version="1.0" encoding="UTF-8"?>
<!-- Generated by org.testng.reporters.JUnitReportReporter -->
<testsuite hostname="Deepika-2AT30NI" failures="0" tests="1" name="tests.testcase138_DefaultProfile2" time="73.550" errors="0" timestamp="2021-06-03T13:59:40 IST" skipped="0">
  <testcase classname="tests.testcase138_DefaultProfile2" name="GoToUrlusernamepositiveinputPositiveEnterctl00cPHpassClickLoginPositiveEnterctl00cPHFiltertxtAg" time="73.550"/>
  <system-out>
Income tax due verified successfully: 88592.9 Balance Tax for the year verified successfully: 88507.61  </system-out>
</testsuite> <!-- tests.testcase138_DefaultProfile2 -->
