<?xml version="1.0" encoding="UTF-8"?>
<!-- Generated by org.testng.reporters.JUnitReportReporter -->
<testsuite hostname="Deepika-2AT30NI" failures="0" tests="1" name="tests.testcase254_DefaultProfile2" time="88.347" errors="0" timestamp="2021-10-13T18:04:25 IST" skipped="0">
  <testcase classname="tests.testcase254_DefaultProfile2" name="GoToUrlusernamepositiveinputPositiveEnterctl00cPHpassClickLoginPositiveEnterctl00cPHFiltertxtAg" time="88.347"/>
  <system-out>
Income tax due verified successfully: 6241.2 Balance Tax for the year verified successfully: 191506.44  </system-out>
</testsuite> <!-- tests.testcase254_DefaultProfile2 -->
