<?xml version="1.0" encoding="UTF-8"?>
<!-- Generated by org.testng.reporters.JUnitReportReporter -->
<testsuite hostname="Deepika-2AT30NI" failures="0" tests="1" name="tests.testcase208_DefaultProfile2" time="86.331" errors="0" timestamp="2021-10-13T18:04:23 IST" skipped="0">
  <testcase classname="tests.testcase208_DefaultProfile2" name="GoToUrlusernamepositiveinputPositiveEnterctl00cPHpassClickLoginPositiveEnterctl00cPHFiltertxtAg" time="86.331"/>
  <system-out>
Income tax due verified successfully: 4106.4 Balance Tax for the year verified successfully: 0.0  </system-out>
</testsuite> <!-- tests.testcase208_DefaultProfile2 -->
