<?xml version="1.0" encoding="UTF-8"?>
<!-- Generated by org.testng.reporters.JUnitReportReporter -->
<testsuite hostname="Deepika-2AT30NI" failures="0" tests="1" name="tests.testcase235_DefaultProfile2" time="111.765" errors="0" timestamp="2021-10-13T18:04:24 IST" skipped="0">
  <testcase classname="tests.testcase235_DefaultProfile2" name="GoToUrlusernamepositiveinputPositiveEnterctl00cPHpassClickLoginPositiveEnterctl00cPHFiltertxtAg" time="111.765"/>
  <system-out>
Income tax due verified successfully: 9077.43 Balance Tax for the year verified successfully: 9077.43  </system-out>
</testsuite> <!-- tests.testcase235_DefaultProfile2 -->
