<?xml version="1.0" encoding="UTF-8"?>
<!-- Generated by org.testng.reporters.JUnitReportReporter -->
<testsuite hostname="Deepika-2AT30NI" failures="0" tests="1" name="tests.sentforapprovalworkstatusverify_DefaultProfile" time="11.384" errors="0" timestamp="2021-07-29T15:15:01 IST" skipped="0">
  <testcase classname="tests.sentforapprovalworkstatusverify_DefaultProfile" name="GoToUrlusernamepositiveinputPositiveEnterctl00cPHpassClickLoginPositiveEnterctl00cPHFiltertxtAg" time="11.384"/>
  <system-out/>
</testsuite> <!-- tests.sentforapprovalworkstatusverify_DefaultProfile -->
