<?xml version="1.0" encoding="UTF-8"?>
<!-- Generated by org.testng.reporters.JUnitReportReporter -->
<testsuite hostname="Deepika-2AT30NI" failures="0" tests="1" name="tests.testcaseGFTAID_DefaultProfile2" time="82.357" errors="0" timestamp="2021-07-08T07:58:46 IST" skipped="0">
  <testcase classname="tests.testcaseGFTAID_DefaultProfile2" name="GoToUrlusernamepositiveinputPositiveEnterctl00cPHpassClickLoginPositiveEnterctl00cPHFiltertxtAg" time="82.357"/>
  <system-out>
CharitableGiving GiftAidPaymentsMadeInYear:1540.00 OneOffGiftAidPayments:10.00 GiftAidPaymentsCarriedBackToPreviousYear:20.00 GiftAidPaymentsBroughtBackFromLaterYear:30.00 SharesGiftedToCharity:40.00 LandAndBuildingsGiftedToCharity:50.00 InvestmentsGiftedToNonUKCharities:60.00 DonationsToNonUKCharities:70.00  </system-out>
</testsuite> <!-- tests.testcaseGFTAID_DefaultProfile2 -->
