<?xml version="1.0" encoding="UTF-8"?>
<!-- Generated by org.testng.reporters.JUnitReportReporter -->
<testsuite hostname="Deepika-2AT30NI" failures="0" tests="1" name="tests.Topperformerverification_DefaultProfile" time="36.103" errors="0" timestamp="2021-03-04T00:58:59 IST" skipped="0">
  <testcase classname="tests.Topperformerverification_DefaultProfile" name="GoToUrlusernamepositiveinputPositiveEnterctl00cPHpassClickLoginPositiveEnterctl00cPHFiltertxtAg" time="36.103"/>
  <system-out/>
</testsuite> <!-- tests.Topperformerverification_DefaultProfile -->
