<?xml version="1.0" encoding="UTF-8"?>
<!-- Generated by org.testng.reporters.JUnitReportReporter -->
<testsuite hostname="Deepika-2AT30NI" failures="0" tests="1" name="tests.testcaseSELFEMP48_DefaultProfile2" time="167.261" errors="0" timestamp="2021-10-28T21:49:16 IST" skipped="0">
  <testcase classname="tests.testcaseSELFEMP48_DefaultProfile2" name="GoToUrlusernamepositiveinputPositiveEnterctl00cPHpassClickLoginPositiveEnterctl00cPHFiltertxtAg" time="167.261"/>
  <system-out>
Tax year : 2019-20 Turnover:89000 OtherBusinessIncome:20000 CarVanAndTravelExpenses:480 AdvertisingAndEntertainmentCosts:150.00 Irrecoverable debts written off:65.50 DepreciationAndLossProfitOnSale:1000 OtherBusinessExpenses:1406 TotalExpenses:3101.25 TotalDisallowableExpenses:-2871.25 NetProfitLoss:106778.25 AdditionsToNetProfitDeductionsFromNetLoss:2871.25 NetBusinessProfitLossForTax:109650 AdjustedProfitForTheYear:109650 TotalTaxableBusinessProfits:109650 EquipmentMachineryVehicles:-21500 other fixed assets:-250 Cash in hand:107844 Other current assets and prepayments:215.25 TotalBusinessAssets:106778.25 NetBusinessAssets:106778.25 NetProfitOrLoss:106778.25 Error! Value in box 83, box 84 can not be negative, please check the input in bookkeeping module.  </system-out>
</testsuite> <!-- tests.testcaseSELFEMP48_DefaultProfile2 -->
