<?xml version="1.0" encoding="UTF-8"?>
<!-- Generated by org.testng.reporters.JUnitReportReporter -->
<testsuite hostname="Deepika-2AT30NI" failures="0" tests="1" name="tests.testcaseSELFEMP1_DefaultProfile2" time="138.213" errors="0" timestamp="2021-10-22T01:15:28 IST" skipped="0">
  <testcase classname="tests.testcaseSELFEMP1_DefaultProfile2" name="GoToUrlusernamepositiveinputPositiveEnterctl00cPHpassClickLoginPositiveEnterctl00cPHFiltertxtAg" time="138.213"/>
  <system-out>
Tax year : 2017-18 Turnover:77880 Other income:20000 Success ! Tax return is validated AllowableBusinessExpenses CostOfGoods:4875 CarVanAndTravelExpenses:1720 WagesSalariesAndStaffCosts50000 RentAndOtherPropertyCosts:23600 RepairsAndMaintenanceCosts:240 AccountancyAndLegalFees:200 InterestAndFinanceCharges:360.75 PhoneAndOtherOfficeCosts:40 OtherAllowableBusinessExpenses:48460.50 TotalAllowableExpenses:130096.25 AllowableBusinessExpenses NetProfitOrLoss:706.25 AnyOtherBusinessIncome:706.25 TotalLossToCarryForward:706.25  </system-out>
</testsuite> <!-- tests.testcaseSELFEMP1_DefaultProfile2 -->
