<?xml version="1.0" encoding="UTF-8"?>
<!-- Generated by org.testng.reporters.JUnitReportReporter -->
<testsuite hostname="Deepika-2AT30NI" failures="0" tests="1" name="tests.questionnairereminderwithoutselectingclient_DefaultProfile" time="9.178" errors="0" timestamp="2021-07-29T15:15:01 IST" skipped="0">
  <testcase classname="tests.questionnairereminderwithoutselectingclient_DefaultProfile" name="GoToUrlusernamepositiveinputPositiveEnterctl00cPHpassClickLoginPositiveEnterctl00cPHFiltertxtAg" time="9.178"/>
  <system-out/>
</testsuite> <!-- tests.questionnairereminderwithoutselectingclient_DefaultProfile -->
