<?xml version="1.0" encoding="UTF-8"?>
<!-- Generated by org.testng.reporters.JUnitReportReporter -->
<testsuite hostname="Deepika-2AT30NI" failures="0" tests="1" name="tests.testcase132_DefaultProfile2" time="88.999" errors="0" timestamp="2021-10-13T18:04:22 IST" skipped="0">
  <testcase classname="tests.testcase132_DefaultProfile2" name="GoToUrlusernamepositiveinputPositiveEnterctl00cPHpassClickLoginPositiveEnterctl00cPHFiltertxtAg" time="88.999"/>
  <system-out>
Income tax due verified successfully: 374.92 Balance Tax for the year verified successfully: 1019.11  </system-out>
</testsuite> <!-- tests.testcase132_DefaultProfile2 -->
