<?xml version="1.0" encoding="UTF-8"?>
<!-- Generated by org.testng.reporters.JUnitReportReporter -->
<testsuite hostname="Deepika-2AT30NI" failures="0" tests="1" name="tests.Signupform_DefaultProfile" time="20.491" errors="0" timestamp="2020-07-27T20:55:45 IST" skipped="0">
  <testcase classname="tests.Signupform_DefaultProfile" name="GoToUrlClickFreeTrialPositiveEnterq3namePositiveEnterq3lnamePositiveEnterq3companyPositiveEnte" time="20.491"/>
  <system-out/>
</testsuite> <!-- tests.Signupform_DefaultProfile -->
