<?xml version="1.0" encoding="UTF-8"?>
<!-- Generated by org.testng.reporters.JUnitReportReporter -->
<testsuite hostname="Deepika-2AT30NI" failures="0" tests="1" name="tests.testcase160_DefaultProfile2" time="138.984" errors="0" timestamp="2021-10-13T18:04:23 IST" skipped="0">
  <testcase classname="tests.testcase160_DefaultProfile2" name="GoToUrlusernamepositiveinputPositiveEnterctl00cPHpassClickLoginPositiveEnterctl00cPHFiltertxtAg" time="138.984"/>
  <system-out>
Income tax due verified successfully: 57145.67 Balance Tax for the year verified successfully: 65089.84  </system-out>
</testsuite> <!-- tests.testcase160_DefaultProfile2 -->
