<?xml version="1.0" encoding="UTF-8"?>
<!-- Generated by org.testng.reporters.JUnitReportReporter -->
<testsuite hostname="Deepika-2AT30NI" failures="0" tests="1" name="tests.testcaseSELFEMP59_DefaultProfile2" time="180.854" errors="0" timestamp="2021-10-28T21:49:16 IST" skipped="0">
  <testcase classname="tests.testcaseSELFEMP59_DefaultProfile2" name="GoToUrlusernamepositiveinputPositiveEnterctl00cPHpassClickLoginPositiveEnterctl00cPHFiltertxtAg" time="180.854"/>
  <system-out>
Tax year : 2020-21 Turnover:83363.59 CostOfGoods:10663.71 CarVanAndTravelExpenses:1601.01 WagesSalariesAndStaffCosts:29668.09 RentAndOtherPropertyCosts:11532.42 RepairsAndMaintenanceCosts:1113.34 AccountancyAndLegalFees:1388.00 InterestAndFinanceCharges:654.01 PhoneAndOtherOfficeCosts:1776.21 OtherAllowableBusinessExpenses:6124.37 TotalAllowableExpenses:64521.16 NetProfitOrLoss:18842.43 NetBusinessProfitForTax:18842.43 TotalTaxableBusinessProfits:18842.43 Expenditure at self emp short formUI:64521.16  </system-out>
</testsuite> <!-- tests.testcaseSELFEMP59_DefaultProfile2 -->
