<?xml version="1.0" encoding="UTF-8"?>
<!-- Generated by org.testng.reporters.JUnitReportReporter -->
<testsuite hostname="Deepika-2AT30NI" failures="0" tests="1" name="tests.testcase161_DefaultProfile2" time="136.038" errors="0" timestamp="2021-10-13T18:04:24 IST" skipped="0">
  <testcase classname="tests.testcase161_DefaultProfile2" name="GoToUrlusernamepositiveinputPositiveEnterctl00cPHpassClickLoginPositiveEnterctl00cPHFiltertxtAg" time="136.038"/>
  <system-out>
Income tax due verified successfully: 0.0 Balance Tax for the year verified successfully: 3790.0  </system-out>
</testsuite> <!-- tests.testcase161_DefaultProfile2 -->
