<?xml version="1.0" encoding="UTF-8"?>
<!-- Generated by org.testng.reporters.JUnitReportReporter -->
<testsuite hostname="Deepika-2AT30NI" failures="0" tests="1" name="tests.testcase258_DefaultProfile2" time="87.781" errors="0" timestamp="2021-10-13T18:04:24 IST" skipped="0">
  <testcase classname="tests.testcase258_DefaultProfile2" name="GoToUrlusernamepositiveinputPositiveEnterctl00cPHpassClickLoginPositiveEnterctl00cPHFiltertxtAg" time="87.781"/>
  <system-out>
Income tax due verified successfully: 21287.9 Balance Tax for the year verified successfully: 51336.2  </system-out>
</testsuite> <!-- tests.testcase258_DefaultProfile2 -->
