<?xml version="1.0" encoding="UTF-8"?>
<!-- Generated by org.testng.reporters.JUnitReportReporter -->
<testsuite hostname="Deepika-2AT30NI" failures="0" tests="1" name="tests.testcase3_DefaultProfile" time="39.522" errors="0" timestamp="2021-04-20T00:35:11 IST" skipped="0">
  <testcase classname="tests.testcase3_DefaultProfile" name="GoToUrlusernamepositiveinputPositiveEnterctl00cPHpassClickLoginPositiveEnterctl00cPHFiltertxtAg" time="39.522"/>
  <system-out/>
</testsuite> <!-- tests.testcase3_DefaultProfile -->
