<?xml version="1.0" encoding="UTF-8"?>
<!-- Generated by org.testng.reporters.JUnitReportReporter -->
<testsuite hostname="Deepika-2AT30NI" failures="0" tests="1" name="tests.testcaseFINISHTAXRETURN_DefaultProfile2" time="82.940" errors="0" timestamp="2021-07-08T07:58:46 IST" skipped="0">
  <testcase classname="tests.testcaseFINISHTAXRETURN_DefaultProfile2" name="GoToUrlusernamepositiveinputPositiveEnterctl00cPHpassClickLoginPositiveEnterctl00cPHFiltertxtAg" time="82.940"/>
  <system-out>
FinishingYourTaxReturn TaxRefundedOrSetOff:1000.00 NotPaidEnough TaxOwedNotToBeCodedOut:yes PaidTooMuch PaymentDetails BankAccountDetails BankOrBuildingSocietyName:SBI AccountHolderOrNomineeName:Deepika BranchSortCode:123444 AccountNumber:13980001 BuildingSocietyReferenceNumber:1232 NomineeDetails NomineeNameGiven:yes NomineeIsTaxAdviser:yes NomineeAddress Line:EDGEWARE ROAD Line:LONDON PostCode:e14 9px TaxAdviser TaxAdviser:Nomisma Solution Limited TaxAdviserPhoneNumber:02089036330 TaxAdviserAddress Line:Pacific House PostCode:HA3 8DP  </system-out>
</testsuite> <!-- tests.testcaseFINISHTAXRETURN_DefaultProfile2 -->
