<?xml version="1.0" encoding="UTF-8"?>
<!-- Generated by org.testng.reporters.JUnitReportReporter -->
<testsuite hostname="Deepika-2AT30NI" failures="0" tests="1" name="tests.filedstatusprogressbarverify_DefaultProfile" time="8.627" errors="0" timestamp="2021-07-29T15:15:01 IST" skipped="0">
  <testcase classname="tests.filedstatusprogressbarverify_DefaultProfile" name="GoToUrlusernamepositiveinputPositiveEnterctl00cPHpassClickLoginPositiveEnterctl00cPHFiltertxtAg" time="8.627"/>
  <system-out/>
</testsuite> <!-- tests.filedstatusprogressbarverify_DefaultProfile -->
