<?xml version="1.0" encoding="UTF-8"?>
<!-- Generated by org.testng.reporters.JUnitReportReporter -->
<testsuite hostname="Deepika-2AT30NI" failures="0" tests="1" name="tests.testcaseSTDPLAN1Tag_DefaultProfile3" time="58.646" errors="0" timestamp="2021-06-24T16:18:23 IST" skipped="0">
  <testcase classname="tests.testcaseSTDPLAN1Tag_DefaultProfile3" name="GoToUrlusernamepositiveinputPositiveEnterctl00cPHpassClickLoginPositiveEnterctl00cPHFiltertxtAg" time="58.646"/>
  <system-out>
StudentLoanRepayments IncomeContingentStudentLoanNotification: yes StudentLoanRepaymentDeductedAmount: 2241.00 PlanType: 01 XML tags of Student Loan plan 1 checked of SA100  </system-out>
</testsuite> <!-- tests.testcaseSTDPLAN1Tag_DefaultProfile3 -->
