<?xml version="1.0" encoding="UTF-8"?>
<!-- Generated by org.testng.reporters.JUnitReportReporter -->
<testsuite hostname="Deepika-2AT30NI" failures="0" tests="1" name="tests.testcaseREDPOA_DefaultProfile2" time="81.531" errors="0" timestamp="2021-07-08T07:58:46 IST" skipped="0">
  <testcase classname="tests.testcaseREDPOA_DefaultProfile2" name="GoToUrlusernamepositiveinputPositiveEnterctl00cPHpassClickLoginPositiveEnterctl00cPHFiltertxtAg" time="81.531"/>
  <system-out>
PaymentsOnAccount ClaimToReducePaymentsOnAccount:yes FirstPaymentOnAccount:100.00  </system-out>
</testsuite> <!-- tests.testcaseREDPOA_DefaultProfile2 -->
