<?xml version="1.0" encoding="UTF-8"?>
<!-- Generated by org.testng.reporters.JUnitReportReporter -->
<testsuite hostname="Deepika-2AT30NI" failures="0" tests="1" name="tests.testcase131_DefaultProfile2" time="93.747" errors="0" timestamp="2021-10-13T18:04:22 IST" skipped="0">
  <testcase classname="tests.testcase131_DefaultProfile2" name="GoToUrlusernamepositiveinputPositiveEnterctl00cPHpassClickLoginPositiveEnterctl00cPHFiltertxtAg" time="93.747"/>
  <system-out>
Income tax due verified successfully: 28984.4 Balance Tax for the year verified successfully: 12188.2  </system-out>
</testsuite> <!-- tests.testcase131_DefaultProfile2 -->
