<?xml version="1.0" encoding="UTF-8"?>
<!-- Generated by org.testng.reporters.JUnitReportReporter -->
<testsuite hostname="Deepika-2AT30NI" failures="0" tests="1" name="tests.testcase57_DefaultProfile3" time="103.030" errors="0" timestamp="2021-08-26T20:39:16 IST" skipped="0">
  <testcase classname="tests.testcase57_DefaultProfile3" name="GoToUrlusernamepositiveinputPositiveEnterctl00cPHpassClickLoginPositiveEnterctl00cPHFiltertxtAg" time="103.030"/>
  <system-out>
Tax year:2017-18  Amount in Pay from this employment after  linking :60000  Amount in UK tax taken off pay after  linking :1584.5  Amount in Payroll section for tax year 2017-18:60000  Amount in Payroll section for tax year 2017-18:1584.5 Amount of SA and payroll section verified:60000 Amount of SA and payroll section verified:1584.5 Tax return validated:Success! Tax return is validated 	tag for tax year 2017-18 verified:PayFromEmployment:60000 	tag for tax year 2017-18 verified:TaxTakenOffPay:1584.5  </system-out>
</testsuite> <!-- tests.testcase57_DefaultProfile3 -->
