<?xml version="1.0" encoding="UTF-8"?>
<!-- Generated by org.testng.reporters.JUnitReportReporter -->
<testsuite hostname="Deepika-2AT30NI" failures="0" tests="1" name="tests.testcaseSTDPLAN2Tag_DefaultProfile4" time="70.124" errors="0" timestamp="2021-06-24T16:18:23 IST" skipped="0">
  <testcase classname="tests.testcaseSTDPLAN2Tag_DefaultProfile4" name="GoToUrlusernamepositiveinputPositiveEnterctl00cPHpassClickLoginPositiveEnterctl00cPHFiltertxtAg" time="70.124"/>
  <system-out>
StudentLoanRepayments IncomeContingentStudentLoanNotification: yes StudentLoanRepaymentDeductedAmount: 2013.44 PlanType: 02 XML tags of Student Loan plan 2 checked of SA100  </system-out>
</testsuite> <!-- tests.testcaseSTDPLAN2Tag_DefaultProfile4 -->
