<?xml version="1.0" encoding="UTF-8"?>
<!-- Generated by org.testng.reporters.JUnitReportReporter -->
<testsuite hostname="Deepika-2AT30NI" failures="0" tests="1" name="tests.testcaseSELFEMP100_DefaultProfile2" time="205.265" errors="0" timestamp="2021-11-12T01:26:35 IST" skipped="0">
  <testcase classname="tests.testcaseSELFEMP100_DefaultProfile2" name="GoToUrlusernamepositiveinputPositiveEnterctl00cPHpassClickLoginPositiveEnterctl00cPHFiltertxtAg" time="205.265"/>
  <system-out>
Tax year : 2020-21 Turnover at partnership short UI:55000 Date of birth:30/09/1951 Exempt from Class 4 NIC is  checked at partnership,verified   </system-out>
</testsuite> <!-- tests.testcaseSELFEMP100_DefaultProfile2 -->
