<?xml version="1.0" encoding="UTF-8"?>
<!-- Generated by org.testng.reporters.JUnitReportReporter -->
<testsuite hostname="Deepika-2AT30NI" failures="0" tests="1" name="tests.testcase15_DefaultProfile2" time="82.960" errors="0" timestamp="2021-10-13T18:04:22 IST" skipped="0">
  <testcase classname="tests.testcase15_DefaultProfile2" name="GoToUrlusernamepositiveinputPositiveEnterctl00cPHpassClickLoginPositiveEnterctl00cPHFiltertxtAg" time="82.960"/>
  <system-out>
Income tax due verified successfully: 9825.35 Balance Tax for the year verified successfully: 14449.05  </system-out>
</testsuite> <!-- tests.testcase15_DefaultProfile2 -->
