<?xml version="1.0" encoding="UTF-8"?>
<!-- Generated by org.testng.reporters.JUnitReportReporter -->
<testsuite hostname="Deepika-2AT30NI" failures="0" tests="1" name="tests.testcaseSELFEMP86_DefaultProfile2" time="213.096" errors="0" timestamp="2021-11-12T00:08:42 IST" skipped="0">
  <testcase classname="tests.testcaseSELFEMP86_DefaultProfile2" name="GoToUrlusernamepositiveinputPositiveEnterctl00cPHpassClickLoginPositiveEnterctl00cPHFiltertxtAg" time="213.096"/>
  <system-out>
Tax year : 2019-20 Turnover at partnership short UI:55000 Date of birth:05/04/1954 Exempt from Class 4 NIC is not checked at partnership,verified   </system-out>
</testsuite> <!-- tests.testcaseSELFEMP86_DefaultProfile2 -->
