<?xml version="1.0" encoding="UTF-8"?>
<!-- Generated by org.testng.reporters.JUnitReportReporter -->
<testsuite hostname="Deepika-2AT30NI" failures="0" tests="1" name="tests.testcaseSELFEMP39_DefaultProfile2" time="164.142" errors="0" timestamp="2021-10-28T21:49:16 IST" skipped="0">
  <testcase classname="tests.testcaseSELFEMP39_DefaultProfile2" name="GoToUrlusernamepositiveinputPositiveEnterctl00cPHpassClickLoginPositiveEnterctl00cPHFiltertxtAg" time="164.142"/>
  <system-out>
Tax year : 2020-21 Turnover:91000 OtherBusinessIncome:750 CostOfGoods:-1550 CarVanAndTravelExpenses:-1260 Wages, salaries and other staff costs::-1200 Rent, rates, power and insurance costss:-1260 AdvertisingAndEntertainmentCosts:120.00 AccountancyAndLegalFees:150.50 Bank, credit card and other financial charges:65.75 Repairs and maintenance of property and equipment:-460 DepreciationAndLossProfitOnSale:-910 OtherBusinessExpenses:-1260 TotalExpenses:-10590 TotalDisallowableExpenses:-2210 NetProfitLoss:102340 AdditionsToNetProfitDeductionsFromNetLoss:-2210 NetBusinessProfitLossForTax:102340 AdjustedProfitForTheYear:100130 TotalTaxableBusinessProfits:100130 EquipmentMachineryVehicles:-21500 Stock and work in progress:-1000 Cash in hand:82000 Other current assets and prepayments:40840 TotalBusinessAssets:100340 NetBusinessAssets:49430 NetProfitOrLoss:102340 CapitalAccountBalanceAtEnd:113340 Error! Disallowable expenses can not greater than Total expenses  </system-out>
</testsuite> <!-- tests.testcaseSELFEMP39_DefaultProfile2 -->
