<?xml version="1.0" encoding="UTF-8"?>
<!-- Generated by org.testng.reporters.JUnitReportReporter -->
<testsuite hostname="Deepika-2AT30NI" failures="0" tests="1" name="tests.testcase263_DefaultProfile2" time="82.069" errors="0" timestamp="2021-10-13T18:04:25 IST" skipped="0">
  <testcase classname="tests.testcase263_DefaultProfile2" name="GoToUrlusernamepositiveinputPositiveEnterctl00cPHpassClickLoginPositiveEnterctl00cPHFiltertxtAg" time="82.069"/>
  <system-out>
Income tax due verified successfully: 352229.25 Balance Tax for the year verified successfully: 76090.5  </system-out>
</testsuite> <!-- tests.testcase263_DefaultProfile2 -->
