<?xml version="1.0" encoding="UTF-8"?>
<!-- Generated by org.testng.reporters.JUnitReportReporter -->
<testsuite hostname="Deepika-2AT30NI" failures="0" tests="1" name="tests.testcasePROPERTY3_DefaultProfile2" time="81.271" errors="0" timestamp="2021-07-08T07:58:46 IST" skipped="0">
  <testcase classname="tests.testcasePROPERTY3_DefaultProfile2" name="GoToUrlusernamepositiveinputPositiveEnterctl00cPHpassClickLoginPositiveEnterctl00cPHFiltertxtAg" time="81.271"/>
  <system-out>
SA105 UKPropertyDetails NumberOfProperties:1 PropertyIncomeAndExpenses TotalRentsAndOtherIncomeFromProperty:1000.00 RentRatesInsuranceAndGroundRents:2000.00 PropertyIncomeAndExpenses TaxableProfitOrLoss AdjustedLossForTheYear:1000.00  </system-out>
</testsuite> <!-- tests.testcasePROPERTY3_DefaultProfile2 -->
