<?xml version="1.0" encoding="UTF-8"?>
<!-- Generated by org.testng.reporters.JUnitReportReporter -->
<testsuite hostname="Deepika-2AT30NI" failures="0" tests="1" name="tests.testcase230_DefaultProfile2" time="92.507" errors="0" timestamp="2021-10-13T18:04:23 IST" skipped="0">
  <testcase classname="tests.testcase230_DefaultProfile2" name="GoToUrlusernamepositiveinputPositiveEnterctl00cPHpassClickLoginPositiveEnterctl00cPHFiltertxtAg" time="92.507"/>
  <system-out>
Income tax due after gift aid verified successfully: 129.8 Balance Tax for the year verified successfully: 56.95  </system-out>
</testsuite> <!-- tests.testcase230_DefaultProfile2 -->
