<?xml version="1.0" encoding="UTF-8"?>
<!-- Generated by org.testng.reporters.JUnitReportReporter -->
<testsuite hostname="Deepika-2AT30NI" failures="0" tests="1" name="tests.testcase205_DefaultProfile2" time="76.087" errors="0" timestamp="2021-06-10T14:12:02 IST" skipped="0">
  <testcase classname="tests.testcase205_DefaultProfile2" name="GoToUrlusernamepositiveinputPositiveEnterctl00cPHpassClickLoginPositiveEnterctl00cPHFiltertxtAg" time="76.087"/>
  <system-out>
Income tax due verified successfully: 3340.0 Balance Tax for the year verified successfully: 51658.6  </system-out>
</testsuite> <!-- tests.testcase205_DefaultProfile2 -->
