<?xml version="1.0" encoding="UTF-8"?>
<!-- Generated by org.testng.reporters.JUnitReportReporter -->
<testsuite hostname="Deepika-2AT30NI" failures="0" tests="1" name="tests.testcase9_DefaultProfile2" time="97.611" errors="0" timestamp="2021-10-13T18:04:24 IST" skipped="0">
  <testcase classname="tests.testcase9_DefaultProfile2" name="GoToUrlusernamepositiveinputPositiveEnterctl00cPHpassClickLoginPositiveEnterctl00cPHFiltertxtAg" time="97.611"/>
  <system-out>
Income tax due verified successfully: 298.4 Balance Tax for the year verified successfully: 128.75  </system-out>
</testsuite> <!-- tests.testcase9_DefaultProfile2 -->
