<?xml version="1.0" encoding="UTF-8"?>
<!-- Generated by org.testng.reporters.JUnitReportReporter -->
<testsuite hostname="Deepika-2AT30NI" failures="0" tests="1" name="tests.testcase146_DefaultProfile2" time="90.078" errors="0" timestamp="2021-06-17T15:54:24 IST" skipped="0">
  <testcase classname="tests.testcase146_DefaultProfile2" name="GoToUrlusernamepositiveinputPositiveEnterctl00cPHpassClickLoginPositiveEnterctl00cPHFiltertxtAg" time="90.078"/>
  <system-out>
Income tax due verified successfully: 13425.35 Balance Tax for the year verified successfully: 4449.05  </system-out>
</testsuite> <!-- tests.testcase146_DefaultProfile2 -->
