<?xml version="1.0" encoding="UTF-8"?>
<!-- Generated by org.testng.reporters.JUnitReportReporter -->
<testsuite hostname="Deepika-2AT30NI" failures="0" tests="1" name="tests.testcase63_DefaultProfile2" time="86.148" errors="0" timestamp="2021-10-13T18:04:22 IST" skipped="0">
  <testcase classname="tests.testcase63_DefaultProfile2" name="GoToUrlusernamepositiveinputPositiveEnterctl00cPHpassClickLoginPositiveEnterctl00cPHFiltertxtAg" time="86.148"/>
  <system-out>
Income tax due verified successfully: 317678.08 Deficiency relief amount verified successfully: 3688.75 Validation is failed:The total tax due in box [CAL1] does not agree with the calculated value of £92,341.11. The difference is -£165.37. Please check  </system-out>
</testsuite> <!-- tests.testcase63_DefaultProfile2 -->
