<?xml version="1.0" encoding="UTF-8"?>
<!-- Generated by org.testng.reporters.JUnitReportReporter -->
<testsuite hostname="Deepika-2AT30NI" failures="0" tests="1" name="tests.assignedaccountantcountverification_DefaultProfile" time="9.084" errors="0" timestamp="2021-07-29T15:15:00 IST" skipped="0">
  <testcase classname="tests.assignedaccountantcountverification_DefaultProfile" name="GoToUrlusernamepositiveinputPositiveEnterctl00cPHpassClickLoginPositiveEnterctl00cPHFiltertxtAg" time="9.084"/>
  <system-out/>
</testsuite> <!-- tests.assignedaccountantcountverification_DefaultProfile -->
